<?xml version="1.0" encoding="UTF-8"?>
<!-- Generated by org.testng.reporters.JUnitXMLReporter -->
<testsuite hostname="DESKTOP-PSP68KB" ignored="0" name="flipkart2" tests="34" failures="3" timestamp="24 Apr 2022 00:34:25 GMT" time="1377.889" errors="0">
  <testcase name="CheckFillDataInRegistrationForm" time="11.885" classname="com.Tour.qa.testdata.RegistrationTest"/>
  <testcase name="CheckInvalidEmail" time="7.168" classname="com.Tour.qa.testdata.RegistrationTest"/>
  <testcase name="CheckduplicateEmail" time="5.418" classname="com.Tour.qa.testdata.RegistrationTest"/>
  <testcase name="CheckinvalidData" time="10.846" classname="com.Tour.qa.testdata.RegistrationTest"/>
  <testcase name="emptyFormtTest" time="6.372" classname="com.Tour.qa.testdata.RegistrationTest"/>
  <testcase name="invalidPasswordTest" time="8.996" classname="com.Tour.qa.testdata.RegistrationTest"/>
  <testcase name="invalidZipCodeTest" time="8.995" classname="com.Tour.qa.testdata.RegistrationTest"/>
  <testcase name="ErrorShouldDisplyOnPrpviding10CharInMobileFildOdRegidtrationPage" time="8.238" classname="com.Tour.qa.testdata.RegistrationTest">
    <failure type="java.lang.AssertionError" message="expected [The value &amp;apos;qwertyuiop&amp;apos; is invalid.] but found []">
      <![CDATA[java.lang.AssertionError: expected [The value 'qwertyuiop' is invalid.] but found []
at com.Tour.qa.testdata.RegistrationTest.ErrorShouldDisplyOnPrpviding10CharInMobileFildOdRegidtrationPage(RegistrationTest.java:181)
... Removed 35 stack frames]]>
    </failure>
  </testcase> <!-- ErrorShouldDisplyOnPrpviding10CharInMobileFildOdRegidtrationPage -->
  <testcase name="invalidMobNumber" time="7.932" classname="com.Tour.qa.testdata.RegistrationTest"/>
  <testcase name="invalidMobWithLeassDigit" time="8.401" classname="com.Tour.qa.testdata.RegistrationTest"/>
  <testcase name="TestLessDigitinMob" time="8.438" classname="com.Tour.qa.testdata.RegistrationTest"/>
  <testcase name="TestPasseordWithOnlyInt" time="9.654" classname="com.Tour.qa.testdata.RegistrationTest"/>
  <testcase name="testPasswordWithOnlyString" time="8.687" classname="com.Tour.qa.testdata.RegistrationTest"/>
  <testcase name="checkFirstName" time="8.393" classname="com.Tour.qa.testdata.RegistrationTest">
    <failure type="java.lang.AssertionError" message="expected [true] but found [false]">
      <![CDATA[java.lang.AssertionError: expected [true] but found [false]
at com.Tour.qa.testdata.RegistrationTest.checkFirstName(RegistrationTest.java:255)
... Removed 35 stack frames]]>
    </failure>
  </testcase> <!-- checkFirstName -->
  <testcase name="checkLastName" time="9.105" classname="com.Tour.qa.testdata.RegistrationTest">
    <failure type="java.lang.AssertionError" message="expected [true] but found [false]">
      <![CDATA[java.lang.AssertionError: expected [true] but found [false]
at com.Tour.qa.testdata.RegistrationTest.checkLastName(RegistrationTest.java:270)
... Removed 35 stack frames]]>
    </failure>
  </testcase> <!-- checkLastName -->
  <testcase name="checkEmailnotMatch" time="8.613" classname="com.Tour.qa.testdata.RegistrationTest"/>
  <testcase name="BothPasswordFieldNotMatch" time="8.221" classname="com.Tour.qa.testdata.RegistrationTest"/>
  <testcase name="checkMandatoryFieldsOnLeavinfEmpty" time="7.85" classname="com.Tour.qa.testdata.RegistrationTest"/>
  <testcase name="VehiclesFieldWithCharacter" time="8.651" classname="com.Tour.qa.testdata.RegistrationTest"/>
  <testcase name="checkGroupSizeWithString" time="8.182" classname="com.Tour.qa.testdata.RegistrationTest"/>
  <testcase name="HomePageTitleTest" time="0.017" classname="com.Tour.qa.testdata.RegistrationTest"/>
  <testcase name="CheckBanner" time="0.043" classname="com.Tour.qa.testdata.RegistrationTest"/>
  <testcase name="validateGroupText1" time="0.052" classname="com.Tour.qa.testdata.RegistrationTest"/>
  <testcase name="validateGroupSize" time="0.077" classname="com.Tour.qa.testdata.RegistrationTest"/>
  <testcase name="validateChoosFromMenuBar" time="4.609" classname="com.Tour.qa.testdata.RegistrationTest"/>
  <testcase name="validateChoosDateFromMenuBar" time="4.671" classname="com.Tour.qa.testdata.RegistrationTest"/>
  <testcase name="HeadingValidate1" time="0.087" classname="com.Tour.qa.testdata.RegistrationTest"/>
  <testcase name="validateLoginButton" time="2.784" classname="com.Tour.qa.testdata.RegistrationTest"/>
  <testcase name="validateForgot" time="2.091" classname="com.Tour.qa.testdata.RegistrationTest"/>
  <testcase name="ValidateHeading2" time="0.088" classname="com.Tour.qa.testdata.RegistrationTest"/>
  <testcase name="ValidateHeading3" time="0.053" classname="com.Tour.qa.testdata.RegistrationTest"/>
  <testcase name="ValidateHeading4" time="0.034" classname="com.Tour.qa.testdata.RegistrationTest"/>
  <testcase name="ValidateHeading5" time="0.054" classname="com.Tour.qa.testdata.RegistrationTest"/>
  <testcase name="validateService" time="0.184" classname="com.Tour.qa.testdata.RegistrationTest"/>
</testsuite> <!-- flipkart2 -->
