<html>
<head>
<title>TestNG:  Myntra2</title>
<link href="../testng.css" rel="stylesheet" type="text/css" />
<link href="../my-testng.css" rel="stylesheet" type="text/css" />

<style type="text/css">
.log { display: none;} 
.stack-trace { display: none;} 
</style>
<script type="text/javascript">
<!--
function flip(e) {
  current = e.style.display;
  if (current == 'block') {
    e.style.display = 'none';
    return 0;
  }
  else {
    e.style.display = 'block';
    return 1;
  }
}

function toggleBox(szDivId, elem, msg1, msg2)
{
  var res = -1;  if (document.getElementById) {
    res = flip(document.getElementById(szDivId));
  }
  else if (document.all) {
    // this is the way old msie versions work
    res = flip(document.all[szDivId]);
  }
  if(elem) {
    if(res == 0) elem.innerHTML = msg1; else elem.innerHTML = msg2;
  }

}

function toggleAllBoxes() {
  if (document.getElementsByTagName) {
    d = document.getElementsByTagName('div');
    for (i = 0; i < d.length; i++) {
      if (d[i].className == 'log') {
        flip(d[i]);
      }
    }
  }
}

// -->
</script>

</head>
<body>
<h2 align='center'>Myntra2</h2><table border='1' align="center">
<tr>
<td>Tests passed/Failed/Skipped:</td><td>29/1/0</td>
</tr><tr>
<td>Started on:</td><td>Sun Apr 24 05:34:25 PKT 2022</td>
</tr>
<tr><td>Total time:</td><td>1466 seconds (1466143 ms)</td>
</tr><tr>
<td>Included groups:</td><td></td>
</tr><tr>
<td>Excluded groups:</td><td></td>
</tr>
</table><p/>
<small><i>(Hover the method name to see the test class name)</i></small><p/>
<table width='100%' border='1' class='invocation-failed'>
<tr><td colspan='4' align='center'><b>FAILED TESTS</b></td></tr>
<tr><td><b>Test method</b></td>
<td width="30%"><b>Exception</b></td>
<td width="10%"><b>Time (seconds)</b></td>
<td><b>Instance</b></td>
</tr>
<tr>
<td title='com.Tour.qa.testdata.ConfirmationPageTest.CheckTopMenu()'><b>CheckTopMenu</b><br>Test class: com.Tour.qa.testdata.ConfirmationPageTest<br>Test method: Validate Main menu should display as expected on top of the page</td>
<td><div><pre>org.openqa.selenium.NoSuchElementException: no such element: Unable to locate element: {&quot;method&quot;:&quot;xpath&quot;,&quot;selector&quot;:&quot;//*[@id=&quot;navigation-bar&quot;]/div/div[2]/div/ul/li[1]/a&quot;}
  (Session info: chrome=100.0.4896.127)
For documentation on this error, please visit: https://selenium.dev/exceptions/#no_such_element
Build info: version: &apos;4.1.2&apos;, revision: &apos;9a5a329c5a&apos;
System info: host: &apos;DESKTOP-PSP68KB&apos;, ip: &apos;192.168.223.1&apos;, os.name: &apos;Windows 10&apos;, os.arch: &apos;amd64&apos;, os.version: &apos;10.0&apos;, java.version: &apos;1.8.0_301&apos;
Driver info: org.openqa.selenium.chrome.ChromeDriver
Command: [5122ed15102ca570855e66c3d007b7c3, findElement {using=xpath, value=//*[@id=&quot;navigation-bar&quot;]/div/div[2]/div/ul/li[1]/a}]
Capabilities {acceptInsecureCerts: false, browserName: chrome, browserVersion: 100.0.4896.127, chrome: {chromedriverVersion: 100.0.4896.60 (6a5d10861ce8..., userDataDir: C:\Users\Home\AppData\Local...}, goog:chromeOptions: {debuggerAddress: localhost:49250}, javascriptEnabled: true, networkConnectionEnabled: false, pageLoadStrategy: normal, platform: WINDOWS, platformName: WINDOWS, proxy: Proxy(), se:cdp: ws://localhost:49250/devtoo..., se:cdpVersion: 100.0.4896.127, setWindowRect: true, strictFileInteractability: false, timeouts: {implicit: 0, pageLoad: 300000, script: 30000}, unhandledPromptBehavior: dismiss and notify, webauthn:extension:credBlob: true, webauthn:extension:largeBlob: true, webauthn:virtualAuthenticators: true}
Session ID: 5122ed15102ca570855e66c3d007b7c3
	at org.openqa.selenium.remote.codec.w3c.W3CHttpResponseCodec.createException(W3CHttpResponseCodec.java:200)
	at org.openqa.selenium.remote.codec.w3c.W3CHttpResponseCodec.decode(W3CHttpResponseCodec.java:133)
	at org.openqa.selenium.remote.codec.w3c.W3CHttpResponseCodec.decode(W3CHttpResponseCodec.java:53)
	at org.openqa.selenium.remote.HttpCommandExecutor.execute(HttpCommandExecutor.java:184)
	at org.openqa.selenium.remote.service.DriverCommandExecutor.invokeExecute(DriverCommandExecutor.java:167)
	at org.openqa.selenium.remote.service.DriverCommandExecutor.execute(DriverCommandExecutor.java:142)
	at org.openqa.selenium.remote.RemoteWebDriver.execute(RemoteWebDriver.java:558)
	at org.openqa.selenium.remote.ElementLocation$ElementFinder$2.findElement(ElementLocation.java:162)
	at org.openqa.selenium.remote.ElementLocation.findElement(ElementLocation.java:60)
	at org.openqa.selenium.remote.RemoteWebDriver.findElement(RemoteWebDriver.java:382)
	at org.openqa.selenium.remote.RemoteWebDriver.findElement(RemoteWebDriver.java:374)
	at org.openqa.selenium.support.pagefactory.DefaultElementLocator.findElement(DefaultElementLocator.java:70)
	at org.openqa.selenium.support.pagefactory.internal.LocatingElementHandler.invoke(LocatingElementHandler.java:39)
	at com.sun.proxy.$Proxy13.isDisplayed(Unknown Source)
	at com.Tour.qa.pages.Confirm.validatemenu(Confirm.java:241)
	at com.Tour.qa.testdata.ConfirmationPageTest.CheckTopMenu(ConfirmationPageTest.java:381)
... Removed 33 stack frames</pre></div><a href='#' onClick='toggleBox("stack-trace1482770507", this, "Click to show all stack frames", "Click to hide stack frames")'>Click to show all stack frames</a>
<div class='stack-trace' id='stack-trace1482770507'><pre>org.openqa.selenium.NoSuchElementException: no such element: Unable to locate element: {&quot;method&quot;:&quot;xpath&quot;,&quot;selector&quot;:&quot;//*[@id=&quot;navigation-bar&quot;]/div/div[2]/div/ul/li[1]/a&quot;}
  (Session info: chrome=100.0.4896.127)
For documentation on this error, please visit: https://selenium.dev/exceptions/#no_such_element
Build info: version: &apos;4.1.2&apos;, revision: &apos;9a5a329c5a&apos;
System info: host: &apos;DESKTOP-PSP68KB&apos;, ip: &apos;192.168.223.1&apos;, os.name: &apos;Windows 10&apos;, os.arch: &apos;amd64&apos;, os.version: &apos;10.0&apos;, java.version: &apos;1.8.0_301&apos;
Driver info: org.openqa.selenium.chrome.ChromeDriver
Command: [5122ed15102ca570855e66c3d007b7c3, findElement {using=xpath, value=//*[@id=&quot;navigation-bar&quot;]/div/div[2]/div/ul/li[1]/a}]
Capabilities {acceptInsecureCerts: false, browserName: chrome, browserVersion: 100.0.4896.127, chrome: {chromedriverVersion: 100.0.4896.60 (6a5d10861ce8..., userDataDir: C:\Users\Home\AppData\Local...}, goog:chromeOptions: {debuggerAddress: localhost:49250}, javascriptEnabled: true, networkConnectionEnabled: false, pageLoadStrategy: normal, platform: WINDOWS, platformName: WINDOWS, proxy: Proxy(), se:cdp: ws://localhost:49250/devtoo..., se:cdpVersion: 100.0.4896.127, setWindowRect: true, strictFileInteractability: false, timeouts: {implicit: 0, pageLoad: 300000, script: 30000}, unhandledPromptBehavior: dismiss and notify, webauthn:extension:credBlob: true, webauthn:extension:largeBlob: true, webauthn:virtualAuthenticators: true}
Session ID: 5122ed15102ca570855e66c3d007b7c3
	at sun.reflect.NativeConstructorAccessorImpl.newInstance0(Native Method)
	at sun.reflect.NativeConstructorAccessorImpl.newInstance(NativeConstructorAccessorImpl.java:62)
	at sun.reflect.DelegatingConstructorAccessorImpl.newInstance(DelegatingConstructorAccessorImpl.java:45)
	at java.lang.reflect.Constructor.newInstance(Constructor.java:423)
	at org.openqa.selenium.remote.codec.w3c.W3CHttpResponseCodec.createException(W3CHttpResponseCodec.java:200)
	at org.openqa.selenium.remote.codec.w3c.W3CHttpResponseCodec.decode(W3CHttpResponseCodec.java:133)
	at org.openqa.selenium.remote.codec.w3c.W3CHttpResponseCodec.decode(W3CHttpResponseCodec.java:53)
	at org.openqa.selenium.remote.HttpCommandExecutor.execute(HttpCommandExecutor.java:184)
	at org.openqa.selenium.remote.service.DriverCommandExecutor.invokeExecute(DriverCommandExecutor.java:167)
	at org.openqa.selenium.remote.service.DriverCommandExecutor.execute(DriverCommandExecutor.java:142)
	at org.openqa.selenium.remote.RemoteWebDriver.execute(RemoteWebDriver.java:558)
	at org.openqa.selenium.remote.ElementLocation$ElementFinder$2.findElement(ElementLocation.java:162)
	at org.openqa.selenium.remote.ElementLocation.findElement(ElementLocation.java:60)
	at org.openqa.selenium.remote.RemoteWebDriver.findElement(RemoteWebDriver.java:382)
	at org.openqa.selenium.remote.RemoteWebDriver.findElement(RemoteWebDriver.java:374)
	at org.openqa.selenium.support.pagefactory.DefaultElementLocator.findElement(DefaultElementLocator.java:70)
	at org.openqa.selenium.support.pagefactory.internal.LocatingElementHandler.invoke(LocatingElementHandler.java:39)
	at com.sun.proxy.$Proxy13.isDisplayed(Unknown Source)
	at com.Tour.qa.pages.Confirm.validatemenu(Confirm.java:241)
	at com.Tour.qa.testdata.ConfirmationPageTest.CheckTopMenu(ConfirmationPageTest.java:381)
	at sun.reflect.NativeMethodAccessorImpl.invoke0(Native Method)
	at sun.reflect.NativeMethodAccessorImpl.invoke(NativeMethodAccessorImpl.java:62)
	at sun.reflect.DelegatingMethodAccessorImpl.invoke(DelegatingMethodAccessorImpl.java:43)
	at java.lang.reflect.Method.invoke(Method.java:498)
	at org.testng.internal.MethodInvocationHelper.invokeMethod(MethodInvocationHelper.java:124)
	at org.testng.internal.Invoker.invokeMethod(Invoker.java:583)
	at org.testng.internal.Invoker.invokeTestMethod(Invoker.java:719)
	at org.testng.internal.Invoker.invokeTestMethods(Invoker.java:989)
	at org.testng.internal.TestMethodWorker.invokeTestMethods(TestMethodWorker.java:125)
	at org.testng.internal.TestMethodWorker.run(TestMethodWorker.java:109)
	at org.testng.TestRunner.privateRun(TestRunner.java:648)
	at org.testng.TestRunner.run(TestRunner.java:505)
	at org.testng.SuiteRunner.runTest(SuiteRunner.java:455)
	at org.testng.SuiteRunner.runSequentially(SuiteRunner.java:450)
	at org.testng.SuiteRunner.privateRun(SuiteRunner.java:415)
	at org.testng.SuiteRunner.run(SuiteRunner.java:364)
	at org.testng.SuiteRunnerWorker.runSuite(SuiteRunnerWorker.java:52)
	at org.testng.SuiteRunnerWorker.run(SuiteRunnerWorker.java:84)
	at org.testng.TestNG.runSuitesSequentially(TestNG.java:1208)
	at org.testng.TestNG.runSuitesLocally(TestNG.java:1137)
	at org.testng.TestNG.runSuites(TestNG.java:1049)
	at org.testng.TestNG.run(TestNG.java:1017)
	at org.apache.maven.surefire.testng.TestNGExecutor.run(TestNGExecutor.java:324)
	at org.apache.maven.surefire.testng.TestNGXmlTestSuite.execute(TestNGXmlTestSuite.java:74)
	at org.apache.maven.surefire.testng.TestNGProvider.invoke(TestNGProvider.java:123)
	at org.apache.maven.surefire.booter.ForkedBooter.runSuitesInProcess(ForkedBooter.java:456)
	at org.apache.maven.surefire.booter.ForkedBooter.execute(ForkedBooter.java:169)
	at org.apache.maven.surefire.booter.ForkedBooter.run(ForkedBooter.java:595)
	at org.apache.maven.surefire.booter.ForkedBooter.main(ForkedBooter.java:581)
</pre></div></td>
<td>10</td>
<td>com.Tour.qa.testdata.ConfirmationPageTest@49fc609f</td></tr>
</table><p>
<table width='100%' border='1' class='invocation-passed'>
<tr><td colspan='4' align='center'><b>PASSED TESTS</b></td></tr>
<tr><td><b>Test method</b></td>
<td width="30%"><b>Exception</b></td>
<td width="10%"><b>Time (seconds)</b></td>
<td><b>Instance</b></td>
</tr>
<tr>
<td title='com.Tour.qa.testdata.ConfirmationPageTest.ValidateCost()'><b>ValidateCost</b><br>Test class: com.Tour.qa.testdata.ConfirmationPageTest<br>Test method: Validate cost should display as expected</td>
<td></td>
<td>0</td>
<td>com.Tour.qa.testdata.ConfirmationPageTest@49fc609f</td></tr>
<tr>
<td title='com.Tour.qa.testdata.ConfirmationPageTest.ValidateGroupSize()'><b>ValidateGroupSize</b><br>Test class: com.Tour.qa.testdata.ConfirmationPageTest<br>Test method: Validate Group Size should display as expected on top of the page</td>
<td></td>
<td>0</td>
<td>com.Tour.qa.testdata.ConfirmationPageTest@49fc609f</td></tr>
<tr>
<td title='com.Tour.qa.testdata.ConfirmationPageTest.ValidateLname()'><b>ValidateLname</b><br>Test class: com.Tour.qa.testdata.ConfirmationPageTest<br>Test method: Validate Last name display as expected</td>
<td></td>
<td>0</td>
<td>com.Tour.qa.testdata.ConfirmationPageTest@49fc609f</td></tr>
<tr>
<td title='com.Tour.qa.testdata.ConfirmationPageTest.ValidateMobile()'><b>ValidateMobile</b><br>Test class: com.Tour.qa.testdata.ConfirmationPageTest<br>Test method: Validate Mobile number should display as expected</td>
<td></td>
<td>0</td>
<td>com.Tour.qa.testdata.ConfirmationPageTest@49fc609f</td></tr>
<tr>
<td title='com.Tour.qa.testdata.ConfirmationPageTest.ValidateNameOfGroup()'><b>ValidateNameOfGroup</b><br>Test class: com.Tour.qa.testdata.ConfirmationPageTest<br>Test method: Validate Group name display as expected</td>
<td></td>
<td>0</td>
<td>com.Tour.qa.testdata.ConfirmationPageTest@49fc609f</td></tr>
<tr>
<td title='com.Tour.qa.testdata.ConfirmationPageTest.ValidateTourType()'><b>ValidateTourType</b><br>Test class: com.Tour.qa.testdata.ConfirmationPageTest<br>Test method: Validate tour type displayed as expected</td>
<td></td>
<td>0</td>
<td>com.Tour.qa.testdata.ConfirmationPageTest@49fc609f</td></tr>
<tr>
<td title='com.Tour.qa.testdata.ConfirmationPageTest.ValidateTravell()'><b>ValidateTravell</b><br>Test class: com.Tour.qa.testdata.ConfirmationPageTest<br>Test method: Validate Travelling option should display as expected</td>
<td></td>
<td>0</td>
<td>com.Tour.qa.testdata.ConfirmationPageTest@49fc609f</td></tr>
<tr>
<td title='com.Tour.qa.testdata.ConfirmationPageTest.ValidateTypeOfGrop()'><b>ValidateTypeOfGrop</b><br>Test class: com.Tour.qa.testdata.ConfirmationPageTest<br>Test method: Validate Group Type display as expected</td>
<td></td>
<td>0</td>
<td>com.Tour.qa.testdata.ConfirmationPageTest@49fc609f</td></tr>
<tr>
<td title='com.Tour.qa.testdata.ConfirmationPageTest.ValidateVehical()'><b>ValidateVehical</b><br>Test class: com.Tour.qa.testdata.ConfirmationPageTest<br>Test method: Validate Vehical number should displayed as expected</td>
<td></td>
<td>0</td>
<td>com.Tour.qa.testdata.ConfirmationPageTest@49fc609f</td></tr>
<tr>
<td title='com.Tour.qa.testdata.ConfirmationPageTest.ValidateZip()'><b>ValidateZip</b><br>Test class: com.Tour.qa.testdata.ConfirmationPageTest<br>Test method: Validate ZipCode display as expected</td>
<td></td>
<td>0</td>
<td>com.Tour.qa.testdata.ConfirmationPageTest@49fc609f</td></tr>
<tr>
<td title='com.Tour.qa.testdata.ConfirmationPageTest.Validatefname()'><b>Validatefname</b><br>Test class: com.Tour.qa.testdata.ConfirmationPageTest<br>Test method: Validate First name display as expected</td>
<td></td>
<td>0</td>
<td>com.Tour.qa.testdata.ConfirmationPageTest@49fc609f</td></tr>
<tr>
<td title='com.Tour.qa.testdata.ConfirmationPageTest.validateBannerTest()'><b>validateBannerTest</b><br>Test class: com.Tour.qa.testdata.ConfirmationPageTest<br>Test method: Validate Page Banner should display on page</td>
<td></td>
<td>0</td>
<td>com.Tour.qa.testdata.ConfirmationPageTest@49fc609f</td></tr>
<tr>
<td title='com.Tour.qa.testdata.ConfirmationPageTest.validateCancelButt2()'><b>validateCancelButt2</b><br>Test class: com.Tour.qa.testdata.ConfirmationPageTest<br>Test method: Validate Cancel button should work as expected</td>
<td></td>
<td>1</td>
<td>com.Tour.qa.testdata.ConfirmationPageTest@49fc609f</td></tr>
<tr>
<td title='com.Tour.qa.testdata.ConfirmationPageTest.validateChooseDateOption()'><b>validateChooseDateOption</b><br>Test class: com.Tour.qa.testdata.ConfirmationPageTest<br>Test method: Validate choose Date option form menu bar display and work as expected</td>
<td></td>
<td>7</td>
<td>com.Tour.qa.testdata.ConfirmationPageTest@49fc609f</td></tr>
<tr>
<td title='com.Tour.qa.testdata.ConfirmationPageTest.validateChooseTourMenuOption()'><b>validateChooseTourMenuOption</b><br>Test class: com.Tour.qa.testdata.ConfirmationPageTest<br>Test method: Validate choose tour from menu bar should display and work as expected</td>
<td></td>
<td>8</td>
<td>com.Tour.qa.testdata.ConfirmationPageTest@49fc609f</td></tr>
<tr>
<td title='com.Tour.qa.testdata.ConfirmationPageTest.validateGroupSizeTest()'><b>validateGroupSizeTest</b><br>Test class: com.Tour.qa.testdata.ConfirmationPageTest<br>Test method: Validate Group Size on page data should display as expected</td>
<td></td>
<td>0</td>
<td>com.Tour.qa.testdata.ConfirmationPageTest@49fc609f</td></tr>
<tr>
<td title='com.Tour.qa.testdata.ConfirmationPageTest.validateHeading1()'><b>validateHeading1</b><br>Test class: com.Tour.qa.testdata.ConfirmationPageTest<br>Test method: Validate Heading 1 should display as expected</td>
<td></td>
<td>0</td>
<td>com.Tour.qa.testdata.ConfirmationPageTest@49fc609f</td></tr>
<tr>
<td title='com.Tour.qa.testdata.ConfirmationPageTest.validateHeading2()'><b>validateHeading2</b><br>Test class: com.Tour.qa.testdata.ConfirmationPageTest<br>Test method: Validate Page heading 2 should display as expected</td>
<td></td>
<td>0</td>
<td>com.Tour.qa.testdata.ConfirmationPageTest@49fc609f</td></tr>
<tr>
<td title='com.Tour.qa.testdata.ConfirmationPageTest.validateHeading3()'><b>validateHeading3</b><br>Test class: com.Tour.qa.testdata.ConfirmationPageTest<br>Test method: Validate Page heading 3 should display as expected</td>
<td></td>
<td>0</td>
<td>com.Tour.qa.testdata.ConfirmationPageTest@49fc609f</td></tr>
<tr>
<td title='com.Tour.qa.testdata.ConfirmationPageTest.validateHeading4()'><b>validateHeading4</b><br>Test class: com.Tour.qa.testdata.ConfirmationPageTest<br>Test method: Validate page heading 4 should display as expected</td>
<td></td>
<td>0</td>
<td>com.Tour.qa.testdata.ConfirmationPageTest@49fc609f</td></tr>
<tr>
<td title='com.Tour.qa.testdata.ConfirmationPageTest.validateHeading5()'><b>validateHeading5</b><br>Test class: com.Tour.qa.testdata.ConfirmationPageTest<br>Test method: Validate heading 5 should display as expected</td>
<td></td>
<td>0</td>
<td>com.Tour.qa.testdata.ConfirmationPageTest@49fc609f</td></tr>
<tr>
<td title='com.Tour.qa.testdata.ConfirmationPageTest.validateModifyReservationButt2()'><b>validateModifyReservationButt2</b><br>Test class: com.Tour.qa.testdata.ConfirmationPageTest<br>Test method: Validate Modify Reservation button should work as expected</td>
<td></td>
<td>0</td>
<td>com.Tour.qa.testdata.ConfirmationPageTest@49fc609f</td></tr>
<tr>
<td title='com.Tour.qa.testdata.ConfirmationPageTest.validatePageHeading()'><b>validatePageHeading</b><br>Test class: com.Tour.qa.testdata.ConfirmationPageTest<br>Test method: Validate Page heading should display as expected</td>
<td></td>
<td>0</td>
<td>com.Tour.qa.testdata.ConfirmationPageTest@49fc609f</td></tr>
<tr>
<td title='com.Tour.qa.testdata.ConfirmationPageTest.validatePurchaseTicketButt()'><b>validatePurchaseTicketButt</b><br>Test class: com.Tour.qa.testdata.ConfirmationPageTest<br>Test method: Validate Purchase Ticket Button should work as expected</td>
<td></td>
<td>7</td>
<td>com.Tour.qa.testdata.ConfirmationPageTest@49fc609f</td></tr>
<tr>
<td title='com.Tour.qa.testdata.ConfirmationPageTest.validatePurchaseTicketButt2()'><b>validatePurchaseTicketButt2</b><br>Test class: com.Tour.qa.testdata.ConfirmationPageTest<br>Test method: Validate Purchase Ticket from bottom of the page should work as expected</td>
<td></td>
<td>6</td>
<td>com.Tour.qa.testdata.ConfirmationPageTest@49fc609f</td></tr>
<tr>
<td title='com.Tour.qa.testdata.ConfirmationPageTest.validateRegistration()'><b>validateRegistration</b><br>Test class: com.Tour.qa.testdata.ConfirmationPageTest<br>Test method: Validate Rigistration option from menu bar should display and work as expected</td>
<td></td>
<td>10</td>
<td>com.Tour.qa.testdata.ConfirmationPageTest@49fc609f</td></tr>
<tr>
<td title='com.Tour.qa.testdata.ConfirmationPageTest.validateTheOriginalTest()'><b>validateTheOriginalTest</b><br>Test class: com.Tour.qa.testdata.ConfirmationPageTest<br>Test method: Validate Group type should display as expected</td>
<td></td>
<td>0</td>
<td>com.Tour.qa.testdata.ConfirmationPageTest@49fc609f</td></tr>
<tr>
<td title='com.Tour.qa.testdata.ConfirmationPageTest.validateTick()'><b>validateTick</b><br>Test class: com.Tour.qa.testdata.ConfirmationPageTest<br>Test method: Validate Confirm page option from menu bar should display and work as expected</td>
<td></td>
<td>0</td>
<td>com.Tour.qa.testdata.ConfirmationPageTest@49fc609f</td></tr>
<tr>
<td title='com.Tour.qa.testdata.ConfirmationPageTest.validateTitle()'><b>validateTitle</b><br>Test class: com.Tour.qa.testdata.ConfirmationPageTest<br>Test method: Validate page title should display as expected</td>
<td></td>
<td>0</td>
<td>com.Tour.qa.testdata.ConfirmationPageTest@49fc609f</td></tr>
</table><p>
</body>
</html>