<?xml version="1.0" encoding="UTF-8"?>
<!-- Generated by org.testng.reporters.JUnitXMLReporter -->
<testsuite hostname="DESKTOP-PSP68KB" ignored="0" name="Myntra2" tests="30" failures="1" timestamp="24 Apr 2022 00:58:52 GMT" time="1466.143" errors="0">
  <testcase name="ValidateTourType" time="0.066" classname="com.Tour.qa.testdata.ConfirmationPageTest"/>
  <testcase name="Validatefname" time="0.07" classname="com.Tour.qa.testdata.ConfirmationPageTest"/>
  <testcase name="ValidateLname" time="0.041" classname="com.Tour.qa.testdata.ConfirmationPageTest"/>
  <testcase name="ValidateCost" time="0.047" classname="com.Tour.qa.testdata.ConfirmationPageTest"/>
  <testcase name="ValidateZip" time="0.066" classname="com.Tour.qa.testdata.ConfirmationPageTest"/>
  <testcase name="ValidateMobile" time="0.059" classname="com.Tour.qa.testdata.ConfirmationPageTest"/>
  <testcase name="ValidateGroupSize" time="0.068" classname="com.Tour.qa.testdata.ConfirmationPageTest"/>
  <testcase name="ValidateTypeOfGrop" time="0.062" classname="com.Tour.qa.testdata.ConfirmationPageTest"/>
  <testcase name="ValidateNameOfGroup" time="0.061" classname="com.Tour.qa.testdata.ConfirmationPageTest"/>
  <testcase name="ValidateTravell" time="0.065" classname="com.Tour.qa.testdata.ConfirmationPageTest"/>
  <testcase name="ValidateVehical" time="0.062" classname="com.Tour.qa.testdata.ConfirmationPageTest"/>
  <testcase name="validateBannerTest" time="0.078" classname="com.Tour.qa.testdata.ConfirmationPageTest"/>
  <testcase name="validateTheOriginalTest" time="0.029" classname="com.Tour.qa.testdata.ConfirmationPageTest"/>
  <testcase name="validateTitle" time="0.012" classname="com.Tour.qa.testdata.ConfirmationPageTest"/>
  <testcase name="validateGroupSizeTest" time="0.039" classname="com.Tour.qa.testdata.ConfirmationPageTest"/>
  <testcase name="validateChooseTourMenuOption" time="8.445" classname="com.Tour.qa.testdata.ConfirmationPageTest"/>
  <testcase name="validateChooseDateOption" time="7.664" classname="com.Tour.qa.testdata.ConfirmationPageTest"/>
  <testcase name="validateRegistration" time="10.448" classname="com.Tour.qa.testdata.ConfirmationPageTest"/>
  <testcase name="validateTick" time="0.066" classname="com.Tour.qa.testdata.ConfirmationPageTest"/>
  <testcase name="validatePageHeading" time="0.055" classname="com.Tour.qa.testdata.ConfirmationPageTest"/>
  <testcase name="validatePurchaseTicketButt" time="7.761" classname="com.Tour.qa.testdata.ConfirmationPageTest"/>
  <testcase name="validateHeading1" time="0.055" classname="com.Tour.qa.testdata.ConfirmationPageTest"/>
  <testcase name="validateHeading2" time="0.083" classname="com.Tour.qa.testdata.ConfirmationPageTest"/>
  <testcase name="validateHeading3" time="0.081" classname="com.Tour.qa.testdata.ConfirmationPageTest"/>
  <testcase name="validateHeading4" time="0.079" classname="com.Tour.qa.testdata.ConfirmationPageTest"/>
  <testcase name="validateHeading5" time="0.08" classname="com.Tour.qa.testdata.ConfirmationPageTest"/>
  <testcase name="validatePurchaseTicketButt2" time="6.746" classname="com.Tour.qa.testdata.ConfirmationPageTest"/>
  <testcase name="validateModifyReservationButt2" time="0.96" classname="com.Tour.qa.testdata.ConfirmationPageTest"/>
  <testcase name="validateCancelButt2" time="1.338" classname="com.Tour.qa.testdata.ConfirmationPageTest"/>
  <testcase name="CheckTopMenu" time="10.059" classname="com.Tour.qa.testdata.ConfirmationPageTest">
    <failure type="org.openqa.selenium.NoSuchElementException" message="no such element: Unable to locate element: {&amp;quot;method&amp;quot;:&amp;quot;xpath&amp;quot;,&amp;quot;selector&amp;quot;:&amp;quot;//*[@id=&amp;quot;navigation-bar&amp;quot;]/div/div[2]/div/ul/li[1]/a&amp;quot;}
  (Session info: chrome=100.0.4896.127)
For documentation on this error, please visit: https://selenium.dev/exceptions/#no_such_element
Build info: version: &amp;apos;4.1.2&amp;apos;, revision: &amp;apos;9a5a329c5a&amp;apos;
System info: host: &amp;apos;DESKTOP-PSP68KB&amp;apos;, ip: &amp;apos;192.168.223.1&amp;apos;, os.name: &amp;apos;Windows 10&amp;apos;, os.arch: &amp;apos;amd64&amp;apos;, os.version: &amp;apos;10.0&amp;apos;, java.version: &amp;apos;1.8.0_301&amp;apos;
Driver info: org.openqa.selenium.chrome.ChromeDriver
Command: [5122ed15102ca570855e66c3d007b7c3, findElement {using=xpath, value=//*[@id=&amp;quot;navigation-bar&amp;quot;]/div/div[2]/div/ul/li[1]/a}]
Capabilities {acceptInsecureCerts: false, browserName: chrome, browserVersion: 100.0.4896.127, chrome: {chromedriverVersion: 100.0.4896.60 (6a5d10861ce8..., userDataDir: C:\Users\Home\AppData\Local...}, goog:chromeOptions: {debuggerAddress: localhost:49250}, javascriptEnabled: true, networkConnectionEnabled: false, pageLoadStrategy: normal, platform: WINDOWS, platformName: WINDOWS, proxy: Proxy(), se:cdp: ws://localhost:49250/devtoo..., se:cdpVersion: 100.0.4896.127, setWindowRect: true, strictFileInteractability: false, timeouts: {implicit: 0, pageLoad: 300000, script: 30000}, unhandledPromptBehavior: dismiss and notify, webauthn:extension:credBlob: true, webauthn:extension:largeBlob: true, webauthn:virtualAuthenticators: true}
Session ID: 5122ed15102ca570855e66c3d007b7c3">
      <![CDATA[org.openqa.selenium.NoSuchElementException: no such element: Unable to locate element: {"method":"xpath","selector":"//*[@id="navigation-bar"]/div/div[2]/div/ul/li[1]/a"}
  (Session info: chrome=100.0.4896.127)
For documentation on this error, please visit: https://selenium.dev/exceptions/#no_such_element
Build info: version: '4.1.2', revision: '9a5a329c5a'
System info: host: 'DESKTOP-PSP68KB', ip: '192.168.223.1', os.name: 'Windows 10', os.arch: 'amd64', os.version: '10.0', java.version: '1.8.0_301'
Driver info: org.openqa.selenium.chrome.ChromeDriver
Command: [5122ed15102ca570855e66c3d007b7c3, findElement {using=xpath, value=//*[@id="navigation-bar"]/div/div[2]/div/ul/li[1]/a}]
Capabilities {acceptInsecureCerts: false, browserName: chrome, browserVersion: 100.0.4896.127, chrome: {chromedriverVersion: 100.0.4896.60 (6a5d10861ce8..., userDataDir: C:\Users\Home\AppData\Local...}, goog:chromeOptions: {debuggerAddress: localhost:49250}, javascriptEnabled: true, networkConnectionEnabled: false, pageLoadStrategy: normal, platform: WINDOWS, platformName: WINDOWS, proxy: Proxy(), se:cdp: ws://localhost:49250/devtoo..., se:cdpVersion: 100.0.4896.127, setWindowRect: true, strictFileInteractability: false, timeouts: {implicit: 0, pageLoad: 300000, script: 30000}, unhandledPromptBehavior: dismiss and notify, webauthn:extension:credBlob: true, webauthn:extension:largeBlob: true, webauthn:virtualAuthenticators: true}
Session ID: 5122ed15102ca570855e66c3d007b7c3
at org.openqa.selenium.remote.codec.w3c.W3CHttpResponseCodec.createException(W3CHttpResponseCodec.java:200)
at org.openqa.selenium.remote.codec.w3c.W3CHttpResponseCodec.decode(W3CHttpResponseCodec.java:133)
at org.openqa.selenium.remote.codec.w3c.W3CHttpResponseCodec.decode(W3CHttpResponseCodec.java:53)
at org.openqa.selenium.remote.HttpCommandExecutor.execute(HttpCommandExecutor.java:184)
at org.openqa.selenium.remote.service.DriverCommandExecutor.invokeExecute(DriverCommandExecutor.java:167)
at org.openqa.selenium.remote.service.DriverCommandExecutor.execute(DriverCommandExecutor.java:142)
at org.openqa.selenium.remote.RemoteWebDriver.execute(RemoteWebDriver.java:558)
at org.openqa.selenium.remote.ElementLocation$ElementFinder$2.findElement(ElementLocation.java:162)
at org.openqa.selenium.remote.ElementLocation.findElement(ElementLocation.java:60)
at org.openqa.selenium.remote.RemoteWebDriver.findElement(RemoteWebDriver.java:382)
at org.openqa.selenium.remote.RemoteWebDriver.findElement(RemoteWebDriver.java:374)
at org.openqa.selenium.support.pagefactory.DefaultElementLocator.findElement(DefaultElementLocator.java:70)
at org.openqa.selenium.support.pagefactory.internal.LocatingElementHandler.invoke(LocatingElementHandler.java:39)
at com.sun.proxy.$Proxy13.isDisplayed(Unknown Source)
at com.Tour.qa.pages.Confirm.validatemenu(Confirm.java:241)
at com.Tour.qa.testdata.ConfirmationPageTest.CheckTopMenu(ConfirmationPageTest.java:381)
... Removed 33 stack frames]]>
    </failure>
  </testcase> <!-- CheckTopMenu -->
</testsuite> <!-- Myntra2 -->
