<?xml version="1.0" encoding="UTF-8"?>
<!-- Generated by org.testng.reporters.JUnitXMLReporter -->
<testsuite hostname="DESKTOP-PSP68KB" ignored="0" name="Chick-fil-AÂ®Backstage Tour Test Cases" tests="173" failures="12" timestamp="2022-04-19T02:33:06 PKT" time="1667.444" errors="0">
  <testcase name="@BeforeMethod setUp" time="28.284" classname="com.Tour.qa.testdata.ConfirmationPageTest">
    <failure type="org.openqa.selenium.NoSuchElementException" message="no such element: Unable to locate element: {&amp;quot;method&amp;quot;:&amp;quot;xpath&amp;quot;,&amp;quot;selector&amp;quot;:&amp;quot;//body/div[2]/div[2]/div[1]/div[1]/div[1]/div[3]/div[5]/div[2]/div[1]/div[1]/div[3]/a[1]/div[1]/span[1]&amp;quot;}
  (Session info: chrome=100.0.4896.88)
For documentation on this error, please visit: https://selenium.dev/exceptions/#no_such_element
Build info: version: &amp;apos;4.1.2&amp;apos;, revision: &amp;apos;9a5a329c5a&amp;apos;
System info: host: &amp;apos;DESKTOP-PSP68KB&amp;apos;, ip: &amp;apos;192.168.223.1&amp;apos;, os.name: &amp;apos;Windows 10&amp;apos;, os.arch: &amp;apos;amd64&amp;apos;, os.version: &amp;apos;10.0&amp;apos;, java.version: &amp;apos;1.8.0_301&amp;apos;
Driver info: org.openqa.selenium.chrome.ChromeDriver
Command: [e3ca422ba76bdf66b59d003a767455ff, findElement {using=xpath, value=//body/div[2]/div[2]/div[1]/div[1]/div[1]/div[3]/div[5]/div[2]/div[1]/div[1]/div[3]/a[1]/div[1]/span[1]}]
Capabilities {acceptInsecureCerts: false, browserName: chrome, browserVersion: 100.0.4896.88, chrome: {chromedriverVersion: 100.0.4896.60 (6a5d10861ce8..., userDataDir: C:\Users\Home\AppData\Local...}, goog:chromeOptions: {debuggerAddress: localhost:65079}, javascriptEnabled: true, networkConnectionEnabled: false, pageLoadStrategy: normal, platform: WINDOWS, platformName: WINDOWS, proxy: Proxy(), se:cdp: ws://localhost:65079/devtoo..., se:cdpVersion: 100.0.4896.88, setWindowRect: true, strictFileInteractability: false, timeouts: {implicit: 0, pageLoad: 300000, script: 30000}, unhandledPromptBehavior: dismiss and notify, webauthn:extension:credBlob: true, webauthn:extension:largeBlob: true, webauthn:virtualAuthenticators: true}
Session ID: e3ca422ba76bdf66b59d003a767455ff">
      <![CDATA[org.openqa.selenium.NoSuchElementException: no such element: Unable to locate element: {"method":"xpath","selector":"//body/div[2]/div[2]/div[1]/div[1]/div[1]/div[3]/div[5]/div[2]/div[1]/div[1]/div[3]/a[1]/div[1]/span[1]"}
  (Session info: chrome=100.0.4896.88)
For documentation on this error, please visit: https://selenium.dev/exceptions/#no_such_element
Build info: version: '4.1.2', revision: '9a5a329c5a'
System info: host: 'DESKTOP-PSP68KB', ip: '192.168.223.1', os.name: 'Windows 10', os.arch: 'amd64', os.version: '10.0', java.version: '1.8.0_301'
Driver info: org.openqa.selenium.chrome.ChromeDriver
Command: [e3ca422ba76bdf66b59d003a767455ff, findElement {using=xpath, value=//body/div[2]/div[2]/div[1]/div[1]/div[1]/div[3]/div[5]/div[2]/div[1]/div[1]/div[3]/a[1]/div[1]/span[1]}]
Capabilities {acceptInsecureCerts: false, browserName: chrome, browserVersion: 100.0.4896.88, chrome: {chromedriverVersion: 100.0.4896.60 (6a5d10861ce8..., userDataDir: C:\Users\Home\AppData\Local...}, goog:chromeOptions: {debuggerAddress: localhost:65079}, javascriptEnabled: true, networkConnectionEnabled: false, pageLoadStrategy: normal, platform: WINDOWS, platformName: WINDOWS, proxy: Proxy(), se:cdp: ws://localhost:65079/devtoo..., se:cdpVersion: 100.0.4896.88, setWindowRect: true, strictFileInteractability: false, timeouts: {implicit: 0, pageLoad: 300000, script: 30000}, unhandledPromptBehavior: dismiss and notify, webauthn:extension:credBlob: true, webauthn:extension:largeBlob: true, webauthn:virtualAuthenticators: true}
Session ID: e3ca422ba76bdf66b59d003a767455ff
at org.openqa.selenium.remote.codec.w3c.W3CHttpResponseCodec.createException(W3CHttpResponseCodec.java:200)
at org.openqa.selenium.remote.codec.w3c.W3CHttpResponseCodec.decode(W3CHttpResponseCodec.java:133)
at org.openqa.selenium.remote.codec.w3c.W3CHttpResponseCodec.decode(W3CHttpResponseCodec.java:53)
at org.openqa.selenium.remote.HttpCommandExecutor.execute(HttpCommandExecutor.java:184)
at org.openqa.selenium.remote.service.DriverCommandExecutor.invokeExecute(DriverCommandExecutor.java:167)
at org.openqa.selenium.remote.service.DriverCommandExecutor.execute(DriverCommandExecutor.java:142)
at org.openqa.selenium.remote.RemoteWebDriver.execute(RemoteWebDriver.java:558)
at org.openqa.selenium.remote.ElementLocation$ElementFinder$2.findElement(ElementLocation.java:162)
at org.openqa.selenium.remote.ElementLocation.findElement(ElementLocation.java:60)
at org.openqa.selenium.remote.RemoteWebDriver.findElement(RemoteWebDriver.java:382)
at org.openqa.selenium.remote.RemoteWebDriver.findElement(RemoteWebDriver.java:374)
at org.openqa.selenium.support.pagefactory.DefaultElementLocator.findElement(DefaultElementLocator.java:70)
at org.openqa.selenium.support.pagefactory.internal.LocatingElementHandler.invoke(LocatingElementHandler.java:39)
at com.sun.proxy.$Proxy15.click(Unknown Source)
at com.Tour.qa.pages.ChoosDatePage.SelectValidSlot(ChoosDatePage.java:315)
at com.Tour.qa.testdata.ConfirmationPageTest.setUp(ConfirmationPageTest.java:70)
at java.util.ArrayList.forEach(ArrayList.java:1259)
... Removed 35 stack frames]]>
    </failure>
  </testcase> <!-- @BeforeMethod setUp -->
  <testcase name="@AfterMethod tearDown" time="-1.650316383781E9" classname="com.Tour.qa.testdata.ConfirmationPageTest">
    <skipped/>
  </testcase> <!-- @AfterMethod tearDown -->
  <testcase name="@BeforeMethod setUp" time="-1.650316383787E9" classname="com.Tour.qa.testdata.ConfirmationPageTest">
    <skipped/>
  </testcase> <!-- @BeforeMethod setUp -->
  <testcase name="@AfterMethod tearDown" time="-1.650316383798E9" classname="com.Tour.qa.testdata.ConfirmationPageTest">
    <skipped/>
  </testcase> <!-- @AfterMethod tearDown -->
  <testcase name="@BeforeMethod setUp" time="-1.650316383804E9" classname="com.Tour.qa.testdata.ConfirmationPageTest">
    <skipped/>
  </testcase> <!-- @BeforeMethod setUp -->
  <testcase name="@AfterMethod tearDown" time="-1.650316383813E9" classname="com.Tour.qa.testdata.ConfirmationPageTest">
    <skipped/>
  </testcase> <!-- @AfterMethod tearDown -->
  <testcase name="@BeforeMethod setUp" time="-1.650316383816E9" classname="com.Tour.qa.testdata.ConfirmationPageTest">
    <skipped/>
  </testcase> <!-- @BeforeMethod setUp -->
  <testcase name="@AfterMethod tearDown" time="-1.65031638384E9" classname="com.Tour.qa.testdata.ConfirmationPageTest">
    <skipped/>
  </testcase> <!-- @AfterMethod tearDown -->
  <testcase name="@BeforeMethod setUp" time="-1.650316383843E9" classname="com.Tour.qa.testdata.ConfirmationPageTest">
    <skipped/>
  </testcase> <!-- @BeforeMethod setUp -->
  <testcase name="@AfterMethod tearDown" time="-1.650316383853E9" classname="com.Tour.qa.testdata.ConfirmationPageTest">
    <skipped/>
  </testcase> <!-- @AfterMethod tearDown -->
  <testcase name="@BeforeMethod setUp" time="-1.650316383858E9" classname="com.Tour.qa.testdata.ConfirmationPageTest">
    <skipped/>
  </testcase> <!-- @BeforeMethod setUp -->
  <testcase name="@AfterMethod tearDown" time="-1.650316383867E9" classname="com.Tour.qa.testdata.ConfirmationPageTest">
    <skipped/>
  </testcase> <!-- @AfterMethod tearDown -->
  <testcase name="@BeforeMethod setUp" time="-1.650316383871E9" classname="com.Tour.qa.testdata.ConfirmationPageTest">
    <skipped/>
  </testcase> <!-- @BeforeMethod setUp -->
  <testcase name="@AfterMethod tearDown" time="-1.650316383885E9" classname="com.Tour.qa.testdata.ConfirmationPageTest">
    <skipped/>
  </testcase> <!-- @AfterMethod tearDown -->
  <testcase name="@BeforeMethod setUp" time="-1.650316383891E9" classname="com.Tour.qa.testdata.ConfirmationPageTest">
    <skipped/>
  </testcase> <!-- @BeforeMethod setUp -->
  <testcase name="@AfterMethod tearDown" time="-1.650316383904E9" classname="com.Tour.qa.testdata.ConfirmationPageTest">
    <skipped/>
  </testcase> <!-- @AfterMethod tearDown -->
  <testcase name="@BeforeMethod setUp" time="-1.650316383907E9" classname="com.Tour.qa.testdata.ConfirmationPageTest">
    <skipped/>
  </testcase> <!-- @BeforeMethod setUp -->
  <testcase name="@AfterMethod tearDown" time="-1.650316383917E9" classname="com.Tour.qa.testdata.ConfirmationPageTest">
    <skipped/>
  </testcase> <!-- @AfterMethod tearDown -->
  <testcase name="@BeforeMethod setUp" time="-1.650316383924E9" classname="com.Tour.qa.testdata.ConfirmationPageTest">
    <skipped/>
  </testcase> <!-- @BeforeMethod setUp -->
  <testcase name="@AfterMethod tearDown" time="-1.65031638394E9" classname="com.Tour.qa.testdata.ConfirmationPageTest">
    <skipped/>
  </testcase> <!-- @AfterMethod tearDown -->
  <testcase name="@BeforeMethod setUp" time="-1.650316383946E9" classname="com.Tour.qa.testdata.ConfirmationPageTest">
    <skipped/>
  </testcase> <!-- @BeforeMethod setUp -->
  <testcase name="@AfterMethod tearDown" time="-1.650316383961E9" classname="com.Tour.qa.testdata.ConfirmationPageTest">
    <skipped/>
  </testcase> <!-- @AfterMethod tearDown -->
  <testcase name="@BeforeMethod setUp" time="-1.650316383966E9" classname="com.Tour.qa.testdata.ConfirmationPageTest">
    <skipped/>
  </testcase> <!-- @BeforeMethod setUp -->
  <testcase name="@AfterMethod tearDown" time="-1.650316383982E9" classname="com.Tour.qa.testdata.ConfirmationPageTest">
    <skipped/>
  </testcase> <!-- @AfterMethod tearDown -->
  <testcase name="@BeforeMethod setUp" time="-1.650316383985E9" classname="com.Tour.qa.testdata.ConfirmationPageTest">
    <skipped/>
  </testcase> <!-- @BeforeMethod setUp -->
  <testcase name="@AfterMethod tearDown" time="-1.650316384006E9" classname="com.Tour.qa.testdata.ConfirmationPageTest">
    <skipped/>
  </testcase> <!-- @AfterMethod tearDown -->
  <testcase name="@BeforeMethod setUp" time="-1.650316384013E9" classname="com.Tour.qa.testdata.ConfirmationPageTest">
    <skipped/>
  </testcase> <!-- @BeforeMethod setUp -->
  <testcase name="@AfterMethod tearDown" time="-1.650316384025E9" classname="com.Tour.qa.testdata.ConfirmationPageTest">
    <skipped/>
  </testcase> <!-- @AfterMethod tearDown -->
  <testcase name="@BeforeMethod setUp" time="-1.65031638403E9" classname="com.Tour.qa.testdata.ConfirmationPageTest">
    <skipped/>
  </testcase> <!-- @BeforeMethod setUp -->
  <testcase name="@AfterMethod tearDown" time="-1.650316384042E9" classname="com.Tour.qa.testdata.ConfirmationPageTest">
    <skipped/>
  </testcase> <!-- @AfterMethod tearDown -->
  <testcase name="@BeforeMethod setUp" time="-1.650316384046E9" classname="com.Tour.qa.testdata.ConfirmationPageTest">
    <skipped/>
  </testcase> <!-- @BeforeMethod setUp -->
  <testcase name="@AfterMethod tearDown" time="-1.650316384058E9" classname="com.Tour.qa.testdata.ConfirmationPageTest">
    <skipped/>
  </testcase> <!-- @AfterMethod tearDown -->
  <testcase name="@BeforeMethod setUp" time="-1.650316384061E9" classname="com.Tour.qa.testdata.ConfirmationPageTest">
    <skipped/>
  </testcase> <!-- @BeforeMethod setUp -->
  <testcase name="@AfterMethod tearDown" time="-1.65031638407E9" classname="com.Tour.qa.testdata.ConfirmationPageTest">
    <skipped/>
  </testcase> <!-- @AfterMethod tearDown -->
  <testcase name="@BeforeMethod setUp" time="-1.650316384073E9" classname="com.Tour.qa.testdata.ConfirmationPageTest">
    <skipped/>
  </testcase> <!-- @BeforeMethod setUp -->
  <testcase name="@AfterMethod tearDown" time="-1.650316384085E9" classname="com.Tour.qa.testdata.ConfirmationPageTest">
    <skipped/>
  </testcase> <!-- @AfterMethod tearDown -->
  <testcase name="@BeforeMethod setUp" time="-1.650316384088E9" classname="com.Tour.qa.testdata.ConfirmationPageTest">
    <skipped/>
  </testcase> <!-- @BeforeMethod setUp -->
  <testcase name="@AfterMethod tearDown" time="-1.6503163841E9" classname="com.Tour.qa.testdata.ConfirmationPageTest">
    <skipped/>
  </testcase> <!-- @AfterMethod tearDown -->
  <testcase name="@BeforeMethod setUp" time="-1.650316384103E9" classname="com.Tour.qa.testdata.ConfirmationPageTest">
    <skipped/>
  </testcase> <!-- @BeforeMethod setUp -->
  <testcase name="@AfterMethod tearDown" time="-1.650316384112E9" classname="com.Tour.qa.testdata.ConfirmationPageTest">
    <skipped/>
  </testcase> <!-- @AfterMethod tearDown -->
  <testcase name="@BeforeMethod setUp" time="-1.650316384114E9" classname="com.Tour.qa.testdata.ConfirmationPageTest">
    <skipped/>
  </testcase> <!-- @BeforeMethod setUp -->
  <testcase name="@AfterMethod tearDown" time="-1.650316384124E9" classname="com.Tour.qa.testdata.ConfirmationPageTest">
    <skipped/>
  </testcase> <!-- @AfterMethod tearDown -->
  <testcase name="@BeforeMethod setUp" time="-1.650316384126E9" classname="com.Tour.qa.testdata.ConfirmationPageTest">
    <skipped/>
  </testcase> <!-- @BeforeMethod setUp -->
  <testcase name="@AfterMethod tearDown" time="-1.650316384136E9" classname="com.Tour.qa.testdata.ConfirmationPageTest">
    <skipped/>
  </testcase> <!-- @AfterMethod tearDown -->
  <testcase name="@BeforeMethod setUp" time="-1.650316384143E9" classname="com.Tour.qa.testdata.ConfirmationPageTest">
    <skipped/>
  </testcase> <!-- @BeforeMethod setUp -->
  <testcase name="@AfterMethod tearDown" time="-1.650316384157E9" classname="com.Tour.qa.testdata.ConfirmationPageTest">
    <skipped/>
  </testcase> <!-- @AfterMethod tearDown -->
  <testcase name="@BeforeMethod setUp" time="-1.650316384159E9" classname="com.Tour.qa.testdata.ConfirmationPageTest">
    <skipped/>
  </testcase> <!-- @BeforeMethod setUp -->
  <testcase name="@AfterMethod tearDown" time="-1.650316384169E9" classname="com.Tour.qa.testdata.ConfirmationPageTest">
    <skipped/>
  </testcase> <!-- @AfterMethod tearDown -->
  <testcase name="@BeforeMethod setUp" time="-1.650316384173E9" classname="com.Tour.qa.testdata.ConfirmationPageTest">
    <skipped/>
  </testcase> <!-- @BeforeMethod setUp -->
  <testcase name="@AfterMethod tearDown" time="-1.650316384181E9" classname="com.Tour.qa.testdata.ConfirmationPageTest">
    <skipped/>
  </testcase> <!-- @AfterMethod tearDown -->
  <testcase name="@BeforeMethod setUp" time="-1.650316384184E9" classname="com.Tour.qa.testdata.ConfirmationPageTest">
    <skipped/>
  </testcase> <!-- @BeforeMethod setUp -->
  <testcase name="@AfterMethod tearDown" time="-1.650316384195E9" classname="com.Tour.qa.testdata.ConfirmationPageTest">
    <skipped/>
  </testcase> <!-- @AfterMethod tearDown -->
  <testcase name="@BeforeMethod setUp" time="-1.650316384202E9" classname="com.Tour.qa.testdata.ConfirmationPageTest">
    <skipped/>
  </testcase> <!-- @BeforeMethod setUp -->
  <testcase name="@AfterMethod tearDown" time="-1.650316384213E9" classname="com.Tour.qa.testdata.ConfirmationPageTest">
    <skipped/>
  </testcase> <!-- @AfterMethod tearDown -->
  <testcase name="@BeforeMethod setUp" time="-1.650316384218E9" classname="com.Tour.qa.testdata.ConfirmationPageTest">
    <skipped/>
  </testcase> <!-- @BeforeMethod setUp -->
  <testcase name="@AfterMethod tearDown" time="-1.650316384234E9" classname="com.Tour.qa.testdata.ConfirmationPageTest">
    <skipped/>
  </testcase> <!-- @AfterMethod tearDown -->
  <testcase name="@BeforeMethod setUp" time="-1.650316384238E9" classname="com.Tour.qa.testdata.ConfirmationPageTest">
    <skipped/>
  </testcase> <!-- @BeforeMethod setUp -->
  <testcase name="@AfterMethod tearDown" time="-1.650316384261E9" classname="com.Tour.qa.testdata.ConfirmationPageTest">
    <skipped/>
  </testcase> <!-- @AfterMethod tearDown -->
  <testcase name="@BeforeMethod setUp" time="-1.650316384265E9" classname="com.Tour.qa.testdata.ConfirmationPageTest">
    <skipped/>
  </testcase> <!-- @BeforeMethod setUp -->
  <testcase name="@AfterMethod tearDown" time="-1.650316384274E9" classname="com.Tour.qa.testdata.ConfirmationPageTest">
    <skipped/>
  </testcase> <!-- @AfterMethod tearDown -->
  <testcase name="@BeforeMethod setUp" time="-1.650316384278E9" classname="com.Tour.qa.testdata.ConfirmationPageTest">
    <skipped/>
  </testcase> <!-- @BeforeMethod setUp -->
  <testcase name="@AfterMethod tearDown" time="-1.650316384286E9" classname="com.Tour.qa.testdata.ConfirmationPageTest">
    <skipped/>
  </testcase> <!-- @AfterMethod tearDown -->
  <testcase name="@BeforeMethod setUp" time="30.529" classname="com.Tour.qa.testdata.PaymentPageTest">
    <failure type="org.openqa.selenium.NoSuchElementException" message="no such element: Unable to locate element: {&amp;quot;method&amp;quot;:&amp;quot;xpath&amp;quot;,&amp;quot;selector&amp;quot;:&amp;quot;//body/div[2]/div[2]/div[1]/div[1]/div[1]/div[3]/div[5]/div[2]/div[1]/div[1]/div[3]/a[1]/div[1]/span[1]&amp;quot;}
  (Session info: chrome=100.0.4896.88)
For documentation on this error, please visit: https://selenium.dev/exceptions/#no_such_element
Build info: version: &amp;apos;4.1.2&amp;apos;, revision: &amp;apos;9a5a329c5a&amp;apos;
System info: host: &amp;apos;DESKTOP-PSP68KB&amp;apos;, ip: &amp;apos;192.168.223.1&amp;apos;, os.name: &amp;apos;Windows 10&amp;apos;, os.arch: &amp;apos;amd64&amp;apos;, os.version: &amp;apos;10.0&amp;apos;, java.version: &amp;apos;1.8.0_301&amp;apos;
Driver info: org.openqa.selenium.chrome.ChromeDriver
Command: [a280c549238e2e157bb2fc412409e013, findElement {using=xpath, value=//body/div[2]/div[2]/div[1]/div[1]/div[1]/div[3]/div[5]/div[2]/div[1]/div[1]/div[3]/a[1]/div[1]/span[1]}]
Capabilities {acceptInsecureCerts: false, browserName: chrome, browserVersion: 100.0.4896.88, chrome: {chromedriverVersion: 100.0.4896.60 (6a5d10861ce8..., userDataDir: C:\Users\Home\AppData\Local...}, goog:chromeOptions: {debuggerAddress: localhost:49660}, javascriptEnabled: true, networkConnectionEnabled: false, pageLoadStrategy: normal, platform: WINDOWS, platformName: WINDOWS, proxy: Proxy(), se:cdp: ws://localhost:49660/devtoo..., se:cdpVersion: 100.0.4896.88, setWindowRect: true, strictFileInteractability: false, timeouts: {implicit: 0, pageLoad: 300000, script: 30000}, unhandledPromptBehavior: dismiss and notify, webauthn:extension:credBlob: true, webauthn:extension:largeBlob: true, webauthn:virtualAuthenticators: true}
Session ID: a280c549238e2e157bb2fc412409e013">
      <![CDATA[org.openqa.selenium.NoSuchElementException: no such element: Unable to locate element: {"method":"xpath","selector":"//body/div[2]/div[2]/div[1]/div[1]/div[1]/div[3]/div[5]/div[2]/div[1]/div[1]/div[3]/a[1]/div[1]/span[1]"}
  (Session info: chrome=100.0.4896.88)
For documentation on this error, please visit: https://selenium.dev/exceptions/#no_such_element
Build info: version: '4.1.2', revision: '9a5a329c5a'
System info: host: 'DESKTOP-PSP68KB', ip: '192.168.223.1', os.name: 'Windows 10', os.arch: 'amd64', os.version: '10.0', java.version: '1.8.0_301'
Driver info: org.openqa.selenium.chrome.ChromeDriver
Command: [a280c549238e2e157bb2fc412409e013, findElement {using=xpath, value=//body/div[2]/div[2]/div[1]/div[1]/div[1]/div[3]/div[5]/div[2]/div[1]/div[1]/div[3]/a[1]/div[1]/span[1]}]
Capabilities {acceptInsecureCerts: false, browserName: chrome, browserVersion: 100.0.4896.88, chrome: {chromedriverVersion: 100.0.4896.60 (6a5d10861ce8..., userDataDir: C:\Users\Home\AppData\Local...}, goog:chromeOptions: {debuggerAddress: localhost:49660}, javascriptEnabled: true, networkConnectionEnabled: false, pageLoadStrategy: normal, platform: WINDOWS, platformName: WINDOWS, proxy: Proxy(), se:cdp: ws://localhost:49660/devtoo..., se:cdpVersion: 100.0.4896.88, setWindowRect: true, strictFileInteractability: false, timeouts: {implicit: 0, pageLoad: 300000, script: 30000}, unhandledPromptBehavior: dismiss and notify, webauthn:extension:credBlob: true, webauthn:extension:largeBlob: true, webauthn:virtualAuthenticators: true}
Session ID: a280c549238e2e157bb2fc412409e013
at org.openqa.selenium.remote.codec.w3c.W3CHttpResponseCodec.createException(W3CHttpResponseCodec.java:200)
at org.openqa.selenium.remote.codec.w3c.W3CHttpResponseCodec.decode(W3CHttpResponseCodec.java:133)
at org.openqa.selenium.remote.codec.w3c.W3CHttpResponseCodec.decode(W3CHttpResponseCodec.java:53)
at org.openqa.selenium.remote.HttpCommandExecutor.execute(HttpCommandExecutor.java:184)
at org.openqa.selenium.remote.service.DriverCommandExecutor.invokeExecute(DriverCommandExecutor.java:167)
at org.openqa.selenium.remote.service.DriverCommandExecutor.execute(DriverCommandExecutor.java:142)
at org.openqa.selenium.remote.RemoteWebDriver.execute(RemoteWebDriver.java:558)
at org.openqa.selenium.remote.ElementLocation$ElementFinder$2.findElement(ElementLocation.java:162)
at org.openqa.selenium.remote.ElementLocation.findElement(ElementLocation.java:60)
at org.openqa.selenium.remote.RemoteWebDriver.findElement(RemoteWebDriver.java:382)
at org.openqa.selenium.remote.RemoteWebDriver.findElement(RemoteWebDriver.java:374)
at org.openqa.selenium.support.pagefactory.DefaultElementLocator.findElement(DefaultElementLocator.java:70)
at org.openqa.selenium.support.pagefactory.internal.LocatingElementHandler.invoke(LocatingElementHandler.java:39)
at com.sun.proxy.$Proxy15.click(Unknown Source)
at com.Tour.qa.pages.ChoosDatePage.SelectValidSlot(ChoosDatePage.java:315)
at com.Tour.qa.testdata.PaymentPageTest.setUp(PaymentPageTest.java:77)
at java.util.ArrayList.forEach(ArrayList.java:1259)
... Removed 35 stack frames]]>
    </failure>
  </testcase> <!-- @BeforeMethod setUp -->
  <testcase name="@AfterMethod tearDown" time="-1.650317123402E9" classname="com.Tour.qa.testdata.PaymentPageTest">
    <skipped/>
  </testcase> <!-- @AfterMethod tearDown -->
  <testcase name="@BeforeMethod setUp" time="-1.650317123405E9" classname="com.Tour.qa.testdata.PaymentPageTest">
    <skipped/>
  </testcase> <!-- @BeforeMethod setUp -->
  <testcase name="@AfterMethod tearDown" time="-1.650317123413E9" classname="com.Tour.qa.testdata.PaymentPageTest">
    <skipped/>
  </testcase> <!-- @AfterMethod tearDown -->
  <testcase name="@BeforeMethod setUp" time="-1.650317123417E9" classname="com.Tour.qa.testdata.PaymentPageTest">
    <skipped/>
  </testcase> <!-- @BeforeMethod setUp -->
  <testcase name="@AfterMethod tearDown" time="-1.650317123427E9" classname="com.Tour.qa.testdata.PaymentPageTest">
    <skipped/>
  </testcase> <!-- @AfterMethod tearDown -->
  <testcase name="@BeforeMethod setUp" time="-1.65031712343E9" classname="com.Tour.qa.testdata.PaymentPageTest">
    <skipped/>
  </testcase> <!-- @BeforeMethod setUp -->
  <testcase name="@AfterMethod tearDown" time="-1.650317123439E9" classname="com.Tour.qa.testdata.PaymentPageTest">
    <skipped/>
  </testcase> <!-- @AfterMethod tearDown -->
  <testcase name="@BeforeMethod setUp" time="-1.650317123442E9" classname="com.Tour.qa.testdata.PaymentPageTest">
    <skipped/>
  </testcase> <!-- @BeforeMethod setUp -->
  <testcase name="@AfterMethod tearDown" time="-1.650317123451E9" classname="com.Tour.qa.testdata.PaymentPageTest">
    <skipped/>
  </testcase> <!-- @AfterMethod tearDown -->
  <testcase name="@BeforeMethod setUp" time="-1.650317123453E9" classname="com.Tour.qa.testdata.PaymentPageTest">
    <skipped/>
  </testcase> <!-- @BeforeMethod setUp -->
  <testcase name="@AfterMethod tearDown" time="-1.650317123461E9" classname="com.Tour.qa.testdata.PaymentPageTest">
    <skipped/>
  </testcase> <!-- @AfterMethod tearDown -->
  <testcase name="@BeforeMethod setUp" time="-1.650317123463E9" classname="com.Tour.qa.testdata.PaymentPageTest">
    <skipped/>
  </testcase> <!-- @BeforeMethod setUp -->
  <testcase name="@AfterMethod tearDown" time="-1.650317123472E9" classname="com.Tour.qa.testdata.PaymentPageTest">
    <skipped/>
  </testcase> <!-- @AfterMethod tearDown -->
  <testcase name="@BeforeMethod setUp" time="-1.650317123475E9" classname="com.Tour.qa.testdata.PaymentPageTest">
    <skipped/>
  </testcase> <!-- @BeforeMethod setUp -->
  <testcase name="@AfterMethod tearDown" time="-1.650317123482E9" classname="com.Tour.qa.testdata.PaymentPageTest">
    <skipped/>
  </testcase> <!-- @AfterMethod tearDown -->
  <testcase name="@BeforeMethod setUp" time="-1.650317123483E9" classname="com.Tour.qa.testdata.PaymentPageTest">
    <skipped/>
  </testcase> <!-- @BeforeMethod setUp -->
  <testcase name="@AfterMethod tearDown" time="-1.65031712349E9" classname="com.Tour.qa.testdata.PaymentPageTest">
    <skipped/>
  </testcase> <!-- @AfterMethod tearDown -->
  <testcase name="@BeforeMethod setUp" time="-1.650317123493E9" classname="com.Tour.qa.testdata.PaymentPageTest">
    <skipped/>
  </testcase> <!-- @BeforeMethod setUp -->
  <testcase name="@AfterMethod tearDown" time="-1.6503171235E9" classname="com.Tour.qa.testdata.PaymentPageTest">
    <skipped/>
  </testcase> <!-- @AfterMethod tearDown -->
  <testcase name="@BeforeMethod setUp" time="31.092" classname="com.Tour.qa.testdata.PrintTicketTest">
    <failure type="org.openqa.selenium.NoSuchElementException" message="no such element: Unable to locate element: {&amp;quot;method&amp;quot;:&amp;quot;xpath&amp;quot;,&amp;quot;selector&amp;quot;:&amp;quot;//body/div[2]/div[2]/div[1]/div[1]/div[1]/div[3]/div[5]/div[2]/div[1]/div[1]/div[3]/a[1]/div[1]/span[1]&amp;quot;}
  (Session info: chrome=100.0.4896.88)
For documentation on this error, please visit: https://selenium.dev/exceptions/#no_such_element
Build info: version: &amp;apos;4.1.2&amp;apos;, revision: &amp;apos;9a5a329c5a&amp;apos;
System info: host: &amp;apos;DESKTOP-PSP68KB&amp;apos;, ip: &amp;apos;192.168.223.1&amp;apos;, os.name: &amp;apos;Windows 10&amp;apos;, os.arch: &amp;apos;amd64&amp;apos;, os.version: &amp;apos;10.0&amp;apos;, java.version: &amp;apos;1.8.0_301&amp;apos;
Driver info: org.openqa.selenium.chrome.ChromeDriver
Command: [ae5e675d017485ed11ea00e1378c90ae, findElement {using=xpath, value=//body/div[2]/div[2]/div[1]/div[1]/div[1]/div[3]/div[5]/div[2]/div[1]/div[1]/div[3]/a[1]/div[1]/span[1]}]
Capabilities {acceptInsecureCerts: false, browserName: chrome, browserVersion: 100.0.4896.88, chrome: {chromedriverVersion: 100.0.4896.60 (6a5d10861ce8..., userDataDir: C:\Users\Home\AppData\Local...}, goog:chromeOptions: {debuggerAddress: localhost:49790}, javascriptEnabled: true, networkConnectionEnabled: false, pageLoadStrategy: normal, platform: WINDOWS, platformName: WINDOWS, proxy: Proxy(), se:cdp: ws://localhost:49790/devtoo..., se:cdpVersion: 100.0.4896.88, setWindowRect: true, strictFileInteractability: false, timeouts: {implicit: 0, pageLoad: 300000, script: 30000}, unhandledPromptBehavior: dismiss and notify, webauthn:extension:credBlob: true, webauthn:extension:largeBlob: true, webauthn:virtualAuthenticators: true}
Session ID: ae5e675d017485ed11ea00e1378c90ae">
      <![CDATA[org.openqa.selenium.NoSuchElementException: no such element: Unable to locate element: {"method":"xpath","selector":"//body/div[2]/div[2]/div[1]/div[1]/div[1]/div[3]/div[5]/div[2]/div[1]/div[1]/div[3]/a[1]/div[1]/span[1]"}
  (Session info: chrome=100.0.4896.88)
For documentation on this error, please visit: https://selenium.dev/exceptions/#no_such_element
Build info: version: '4.1.2', revision: '9a5a329c5a'
System info: host: 'DESKTOP-PSP68KB', ip: '192.168.223.1', os.name: 'Windows 10', os.arch: 'amd64', os.version: '10.0', java.version: '1.8.0_301'
Driver info: org.openqa.selenium.chrome.ChromeDriver
Command: [ae5e675d017485ed11ea00e1378c90ae, findElement {using=xpath, value=//body/div[2]/div[2]/div[1]/div[1]/div[1]/div[3]/div[5]/div[2]/div[1]/div[1]/div[3]/a[1]/div[1]/span[1]}]
Capabilities {acceptInsecureCerts: false, browserName: chrome, browserVersion: 100.0.4896.88, chrome: {chromedriverVersion: 100.0.4896.60 (6a5d10861ce8..., userDataDir: C:\Users\Home\AppData\Local...}, goog:chromeOptions: {debuggerAddress: localhost:49790}, javascriptEnabled: true, networkConnectionEnabled: false, pageLoadStrategy: normal, platform: WINDOWS, platformName: WINDOWS, proxy: Proxy(), se:cdp: ws://localhost:49790/devtoo..., se:cdpVersion: 100.0.4896.88, setWindowRect: true, strictFileInteractability: false, timeouts: {implicit: 0, pageLoad: 300000, script: 30000}, unhandledPromptBehavior: dismiss and notify, webauthn:extension:credBlob: true, webauthn:extension:largeBlob: true, webauthn:virtualAuthenticators: true}
Session ID: ae5e675d017485ed11ea00e1378c90ae
at org.openqa.selenium.remote.codec.w3c.W3CHttpResponseCodec.createException(W3CHttpResponseCodec.java:200)
at org.openqa.selenium.remote.codec.w3c.W3CHttpResponseCodec.decode(W3CHttpResponseCodec.java:133)
at org.openqa.selenium.remote.codec.w3c.W3CHttpResponseCodec.decode(W3CHttpResponseCodec.java:53)
at org.openqa.selenium.remote.HttpCommandExecutor.execute(HttpCommandExecutor.java:184)
at org.openqa.selenium.remote.service.DriverCommandExecutor.invokeExecute(DriverCommandExecutor.java:167)
at org.openqa.selenium.remote.service.DriverCommandExecutor.execute(DriverCommandExecutor.java:142)
at org.openqa.selenium.remote.RemoteWebDriver.execute(RemoteWebDriver.java:558)
at org.openqa.selenium.remote.ElementLocation$ElementFinder$2.findElement(ElementLocation.java:162)
at org.openqa.selenium.remote.ElementLocation.findElement(ElementLocation.java:60)
at org.openqa.selenium.remote.RemoteWebDriver.findElement(RemoteWebDriver.java:382)
at org.openqa.selenium.remote.RemoteWebDriver.findElement(RemoteWebDriver.java:374)
at org.openqa.selenium.support.pagefactory.DefaultElementLocator.findElement(DefaultElementLocator.java:70)
at org.openqa.selenium.support.pagefactory.internal.LocatingElementHandler.invoke(LocatingElementHandler.java:39)
at com.sun.proxy.$Proxy15.click(Unknown Source)
at com.Tour.qa.pages.ChoosDatePage.SelectValidSlot(ChoosDatePage.java:315)
at com.Tour.qa.testdata.PrintTicketTest.setUp(PrintTicketTest.java:73)
at java.util.ArrayList.forEach(ArrayList.java:1259)
... Removed 35 stack frames]]>
    </failure>
  </testcase> <!-- @BeforeMethod setUp -->
  <testcase name="@AfterMethod tearDown" time="-1.650317203548E9" classname="com.Tour.qa.testdata.PrintTicketTest">
    <skipped/>
  </testcase> <!-- @AfterMethod tearDown -->
  <testcase name="@BeforeMethod setUp" time="-1.650317203553E9" classname="com.Tour.qa.testdata.PrintTicketTest">
    <skipped/>
  </testcase> <!-- @BeforeMethod setUp -->
  <testcase name="@AfterMethod tearDown" time="-1.650317203563E9" classname="com.Tour.qa.testdata.PrintTicketTest">
    <skipped/>
  </testcase> <!-- @AfterMethod tearDown -->
  <testcase name="@BeforeMethod setUp" time="-1.650317203567E9" classname="com.Tour.qa.testdata.PrintTicketTest">
    <skipped/>
  </testcase> <!-- @BeforeMethod setUp -->
  <testcase name="@AfterMethod tearDown" time="-1.650317203578E9" classname="com.Tour.qa.testdata.PrintTicketTest">
    <skipped/>
  </testcase> <!-- @AfterMethod tearDown -->
  <testcase name="@BeforeMethod setUp" time="-1.650317203581E9" classname="com.Tour.qa.testdata.PrintTicketTest">
    <skipped/>
  </testcase> <!-- @BeforeMethod setUp -->
  <testcase name="@AfterMethod tearDown" time="-1.650317203591E9" classname="com.Tour.qa.testdata.PrintTicketTest">
    <skipped/>
  </testcase> <!-- @AfterMethod tearDown -->
  <testcase name="@BeforeMethod setUp" time="-1.650317203596E9" classname="com.Tour.qa.testdata.PrintTicketTest">
    <skipped/>
  </testcase> <!-- @BeforeMethod setUp -->
  <testcase name="@AfterMethod tearDown" time="-1.650317203607E9" classname="com.Tour.qa.testdata.PrintTicketTest">
    <skipped/>
  </testcase> <!-- @AfterMethod tearDown -->
  <testcase name="@BeforeMethod setUp" time="-1.650317203611E9" classname="com.Tour.qa.testdata.PrintTicketTest">
    <skipped/>
  </testcase> <!-- @BeforeMethod setUp -->
  <testcase name="@AfterMethod tearDown" time="-1.650317203621E9" classname="com.Tour.qa.testdata.PrintTicketTest">
    <skipped/>
  </testcase> <!-- @AfterMethod tearDown -->
  <testcase name="@BeforeMethod setUp" time="-1.650317203624E9" classname="com.Tour.qa.testdata.PrintTicketTest">
    <skipped/>
  </testcase> <!-- @BeforeMethod setUp -->
  <testcase name="@AfterMethod tearDown" time="-1.650317203632E9" classname="com.Tour.qa.testdata.PrintTicketTest">
    <skipped/>
  </testcase> <!-- @AfterMethod tearDown -->
  <testcase name="@BeforeMethod setUp" time="-1.650317203635E9" classname="com.Tour.qa.testdata.PrintTicketTest">
    <skipped/>
  </testcase> <!-- @BeforeMethod setUp -->
  <testcase name="@AfterMethod tearDown" time="-1.650317203648E9" classname="com.Tour.qa.testdata.PrintTicketTest">
    <skipped/>
  </testcase> <!-- @AfterMethod tearDown -->
  <testcase name="@BeforeMethod setUp" time="-1.65031720365E9" classname="com.Tour.qa.testdata.PrintTicketTest">
    <skipped/>
  </testcase> <!-- @BeforeMethod setUp -->
  <testcase name="@AfterMethod tearDown" time="-1.650317203659E9" classname="com.Tour.qa.testdata.PrintTicketTest">
    <skipped/>
  </testcase> <!-- @AfterMethod tearDown -->
  <testcase name="@BeforeMethod setUp" time="-1.650317203661E9" classname="com.Tour.qa.testdata.PrintTicketTest">
    <skipped/>
  </testcase> <!-- @BeforeMethod setUp -->
  <testcase name="@AfterMethod tearDown" time="-1.650317203673E9" classname="com.Tour.qa.testdata.PrintTicketTest">
    <skipped/>
  </testcase> <!-- @AfterMethod tearDown -->
  <testcase name="@BeforeMethod setUp" time="-1.650317203675E9" classname="com.Tour.qa.testdata.PrintTicketTest">
    <skipped/>
  </testcase> <!-- @BeforeMethod setUp -->
  <testcase name="@AfterMethod tearDown" time="-1.65031720369E9" classname="com.Tour.qa.testdata.PrintTicketTest">
    <skipped/>
  </testcase> <!-- @AfterMethod tearDown -->
  <testcase name="@BeforeMethod setUp" time="-1.650317203697E9" classname="com.Tour.qa.testdata.PrintTicketTest">
    <skipped/>
  </testcase> <!-- @BeforeMethod setUp -->
  <testcase name="@AfterMethod tearDown" time="-1.650317203707E9" classname="com.Tour.qa.testdata.PrintTicketTest">
    <skipped/>
  </testcase> <!-- @AfterMethod tearDown -->
  <testcase name="@BeforeMethod setUp" time="-1.65031720371E9" classname="com.Tour.qa.testdata.PrintTicketTest">
    <skipped/>
  </testcase> <!-- @BeforeMethod setUp -->
  <testcase name="@AfterMethod tearDown" time="-1.650317203722E9" classname="com.Tour.qa.testdata.PrintTicketTest">
    <skipped/>
  </testcase> <!-- @AfterMethod tearDown -->
  <testcase name="@BeforeMethod setUp" time="-1.650317203723E9" classname="com.Tour.qa.testdata.PrintTicketTest">
    <skipped/>
  </testcase> <!-- @BeforeMethod setUp -->
  <testcase name="@AfterMethod tearDown" time="-1.650317203735E9" classname="com.Tour.qa.testdata.PrintTicketTest">
    <skipped/>
  </testcase> <!-- @AfterMethod tearDown -->
  <testcase name="@BeforeMethod setUp" time="-1.65031720374E9" classname="com.Tour.qa.testdata.PrintTicketTest">
    <skipped/>
  </testcase> <!-- @BeforeMethod setUp -->
  <testcase name="@AfterMethod tearDown" time="-1.650317203754E9" classname="com.Tour.qa.testdata.PrintTicketTest">
    <skipped/>
  </testcase> <!-- @AfterMethod tearDown -->
  <testcase name="@BeforeMethod setUp" time="-1.650317203757E9" classname="com.Tour.qa.testdata.PrintTicketTest">
    <skipped/>
  </testcase> <!-- @BeforeMethod setUp -->
  <testcase name="@AfterMethod tearDown" time="-1.650317203766E9" classname="com.Tour.qa.testdata.PrintTicketTest">
    <skipped/>
  </testcase> <!-- @AfterMethod tearDown -->
  <testcase name="@BeforeMethod setUp" time="-1.650317203768E9" classname="com.Tour.qa.testdata.PrintTicketTest">
    <skipped/>
  </testcase> <!-- @BeforeMethod setUp -->
  <testcase name="@AfterMethod tearDown" time="-1.650317203776E9" classname="com.Tour.qa.testdata.PrintTicketTest">
    <skipped/>
  </testcase> <!-- @AfterMethod tearDown -->
  <testcase name="@BeforeMethod setUp" time="-1.650317203778E9" classname="com.Tour.qa.testdata.PrintTicketTest">
    <skipped/>
  </testcase> <!-- @BeforeMethod setUp -->
  <testcase name="@AfterMethod tearDown" time="-1.650317203785E9" classname="com.Tour.qa.testdata.PrintTicketTest">
    <skipped/>
  </testcase> <!-- @AfterMethod tearDown -->
  <testcase name="@BeforeMethod setUp" time="-1.650317203786E9" classname="com.Tour.qa.testdata.PrintTicketTest">
    <skipped/>
  </testcase> <!-- @BeforeMethod setUp -->
  <testcase name="@AfterMethod tearDown" time="-1.650317203794E9" classname="com.Tour.qa.testdata.PrintTicketTest">
    <skipped/>
  </testcase> <!-- @AfterMethod tearDown -->
  <testcase name="@BeforeMethod setUp" time="-1.650317203796E9" classname="com.Tour.qa.testdata.PrintTicketTest">
    <skipped/>
  </testcase> <!-- @BeforeMethod setUp -->
  <testcase name="@AfterMethod tearDown" time="-1.650317203802E9" classname="com.Tour.qa.testdata.PrintTicketTest">
    <skipped/>
  </testcase> <!-- @AfterMethod tearDown -->
  <testcase name="@BeforeMethod setUp" time="-1.650317203804E9" classname="com.Tour.qa.testdata.PrintTicketTest">
    <skipped/>
  </testcase> <!-- @BeforeMethod setUp -->
  <testcase name="@AfterMethod tearDown" time="-1.65031720381E9" classname="com.Tour.qa.testdata.PrintTicketTest">
    <skipped/>
  </testcase> <!-- @AfterMethod tearDown -->
  <testcase name="@BeforeMethod setUp" time="-1.650317203812E9" classname="com.Tour.qa.testdata.PrintTicketTest">
    <skipped/>
  </testcase> <!-- @BeforeMethod setUp -->
  <testcase name="@AfterMethod tearDown" time="-1.650317203819E9" classname="com.Tour.qa.testdata.PrintTicketTest">
    <skipped/>
  </testcase> <!-- @AfterMethod tearDown -->
  <testcase name="@BeforeMethod setUp" time="-1.65031720382E9" classname="com.Tour.qa.testdata.PrintTicketTest">
    <skipped/>
  </testcase> <!-- @BeforeMethod setUp -->
  <testcase name="@AfterMethod tearDown" time="-1.650317203829E9" classname="com.Tour.qa.testdata.PrintTicketTest">
    <skipped/>
  </testcase> <!-- @AfterMethod tearDown -->
  <testcase name="@BeforeMethod setUp" time="-1.650317203851E9" classname="com.Tour.qa.testdata.PrintTicketTest">
    <skipped/>
  </testcase> <!-- @BeforeMethod setUp -->
  <testcase name="@AfterMethod tearDown" time="-1.650317203863E9" classname="com.Tour.qa.testdata.PrintTicketTest">
    <skipped/>
  </testcase> <!-- @AfterMethod tearDown -->
  <testcase name="@BeforeMethod setUp" time="32.068" classname="com.Tour.qa.testdata.RegistrationTest">
    <failure type="org.openqa.selenium.NoSuchElementException" message="no such element: Unable to locate element: {&amp;quot;method&amp;quot;:&amp;quot;xpath&amp;quot;,&amp;quot;selector&amp;quot;:&amp;quot;//body/div[2]/div[2]/div[1]/div[1]/div[1]/div[3]/div[5]/div[2]/div[1]/div[1]/div[3]/a[1]/div[1]/span[1]&amp;quot;}
  (Session info: chrome=100.0.4896.88)
For documentation on this error, please visit: https://selenium.dev/exceptions/#no_such_element
Build info: version: &amp;apos;4.1.2&amp;apos;, revision: &amp;apos;9a5a329c5a&amp;apos;
System info: host: &amp;apos;DESKTOP-PSP68KB&amp;apos;, ip: &amp;apos;192.168.223.1&amp;apos;, os.name: &amp;apos;Windows 10&amp;apos;, os.arch: &amp;apos;amd64&amp;apos;, os.version: &amp;apos;10.0&amp;apos;, java.version: &amp;apos;1.8.0_301&amp;apos;
Driver info: org.openqa.selenium.chrome.ChromeDriver
Command: [888fe3c6337ec06e3c29cdec2a96bb6d, findElement {using=xpath, value=//body/div[2]/div[2]/div[1]/div[1]/div[1]/div[3]/div[5]/div[2]/div[1]/div[1]/div[3]/a[1]/div[1]/span[1]}]
Capabilities {acceptInsecureCerts: false, browserName: chrome, browserVersion: 100.0.4896.88, chrome: {chromedriverVersion: 100.0.4896.60 (6a5d10861ce8..., userDataDir: C:\Users\Home\AppData\Local...}, goog:chromeOptions: {debuggerAddress: localhost:49825}, javascriptEnabled: true, networkConnectionEnabled: false, pageLoadStrategy: normal, platform: WINDOWS, platformName: WINDOWS, proxy: Proxy(), se:cdp: ws://localhost:49825/devtoo..., se:cdpVersion: 100.0.4896.88, setWindowRect: true, strictFileInteractability: false, timeouts: {implicit: 0, pageLoad: 300000, script: 30000}, unhandledPromptBehavior: dismiss and notify, webauthn:extension:credBlob: true, webauthn:extension:largeBlob: true, webauthn:virtualAuthenticators: true}
Session ID: 888fe3c6337ec06e3c29cdec2a96bb6d">
      <![CDATA[org.openqa.selenium.NoSuchElementException: no such element: Unable to locate element: {"method":"xpath","selector":"//body/div[2]/div[2]/div[1]/div[1]/div[1]/div[3]/div[5]/div[2]/div[1]/div[1]/div[3]/a[1]/div[1]/span[1]"}
  (Session info: chrome=100.0.4896.88)
For documentation on this error, please visit: https://selenium.dev/exceptions/#no_such_element
Build info: version: '4.1.2', revision: '9a5a329c5a'
System info: host: 'DESKTOP-PSP68KB', ip: '192.168.223.1', os.name: 'Windows 10', os.arch: 'amd64', os.version: '10.0', java.version: '1.8.0_301'
Driver info: org.openqa.selenium.chrome.ChromeDriver
Command: [888fe3c6337ec06e3c29cdec2a96bb6d, findElement {using=xpath, value=//body/div[2]/div[2]/div[1]/div[1]/div[1]/div[3]/div[5]/div[2]/div[1]/div[1]/div[3]/a[1]/div[1]/span[1]}]
Capabilities {acceptInsecureCerts: false, browserName: chrome, browserVersion: 100.0.4896.88, chrome: {chromedriverVersion: 100.0.4896.60 (6a5d10861ce8..., userDataDir: C:\Users\Home\AppData\Local...}, goog:chromeOptions: {debuggerAddress: localhost:49825}, javascriptEnabled: true, networkConnectionEnabled: false, pageLoadStrategy: normal, platform: WINDOWS, platformName: WINDOWS, proxy: Proxy(), se:cdp: ws://localhost:49825/devtoo..., se:cdpVersion: 100.0.4896.88, setWindowRect: true, strictFileInteractability: false, timeouts: {implicit: 0, pageLoad: 300000, script: 30000}, unhandledPromptBehavior: dismiss and notify, webauthn:extension:credBlob: true, webauthn:extension:largeBlob: true, webauthn:virtualAuthenticators: true}
Session ID: 888fe3c6337ec06e3c29cdec2a96bb6d
at org.openqa.selenium.remote.codec.w3c.W3CHttpResponseCodec.createException(W3CHttpResponseCodec.java:200)
at org.openqa.selenium.remote.codec.w3c.W3CHttpResponseCodec.decode(W3CHttpResponseCodec.java:133)
at org.openqa.selenium.remote.codec.w3c.W3CHttpResponseCodec.decode(W3CHttpResponseCodec.java:53)
at org.openqa.selenium.remote.HttpCommandExecutor.execute(HttpCommandExecutor.java:184)
at org.openqa.selenium.remote.service.DriverCommandExecutor.invokeExecute(DriverCommandExecutor.java:167)
at org.openqa.selenium.remote.service.DriverCommandExecutor.execute(DriverCommandExecutor.java:142)
at org.openqa.selenium.remote.RemoteWebDriver.execute(RemoteWebDriver.java:558)
at org.openqa.selenium.remote.ElementLocation$ElementFinder$2.findElement(ElementLocation.java:162)
at org.openqa.selenium.remote.ElementLocation.findElement(ElementLocation.java:60)
at org.openqa.selenium.remote.RemoteWebDriver.findElement(RemoteWebDriver.java:382)
at org.openqa.selenium.remote.RemoteWebDriver.findElement(RemoteWebDriver.java:374)
at org.openqa.selenium.support.pagefactory.DefaultElementLocator.findElement(DefaultElementLocator.java:70)
at org.openqa.selenium.support.pagefactory.internal.LocatingElementHandler.invoke(LocatingElementHandler.java:39)
at com.sun.proxy.$Proxy15.click(Unknown Source)
at com.Tour.qa.pages.ChoosDatePage.SelectValidSlot(ChoosDatePage.java:315)
at com.Tour.qa.testdata.RegistrationTest.setUp(RegistrationTest.java:67)
at java.util.ArrayList.forEach(ArrayList.java:1259)
... Removed 35 stack frames]]>
    </failure>
  </testcase> <!-- @BeforeMethod setUp -->
  <testcase name="@AfterMethod tearDown" time="-1.650317235962E9" classname="com.Tour.qa.testdata.RegistrationTest">
    <skipped/>
  </testcase> <!-- @AfterMethod tearDown -->
  <testcase name="@BeforeMethod setUp" time="-1.650317235965E9" classname="com.Tour.qa.testdata.RegistrationTest">
    <skipped/>
  </testcase> <!-- @BeforeMethod setUp -->
  <testcase name="@AfterMethod tearDown" time="-1.650317235979E9" classname="com.Tour.qa.testdata.RegistrationTest">
    <skipped/>
  </testcase> <!-- @AfterMethod tearDown -->
  <testcase name="@BeforeMethod setUp" time="-1.650317235982E9" classname="com.Tour.qa.testdata.RegistrationTest">
    <skipped/>
  </testcase> <!-- @BeforeMethod setUp -->
  <testcase name="@AfterMethod tearDown" time="-1.650317235993E9" classname="com.Tour.qa.testdata.RegistrationTest">
    <skipped/>
  </testcase> <!-- @AfterMethod tearDown -->
  <testcase name="@BeforeMethod setUp" time="-1.650317235995E9" classname="com.Tour.qa.testdata.RegistrationTest">
    <skipped/>
  </testcase> <!-- @BeforeMethod setUp -->
  <testcase name="@AfterMethod tearDown" time="-1.650317236028E9" classname="com.Tour.qa.testdata.RegistrationTest">
    <skipped/>
  </testcase> <!-- @AfterMethod tearDown -->
  <testcase name="@BeforeMethod setUp" time="-1.65031723603E9" classname="com.Tour.qa.testdata.RegistrationTest">
    <skipped/>
  </testcase> <!-- @BeforeMethod setUp -->
  <testcase name="@AfterMethod tearDown" time="-1.650317236044E9" classname="com.Tour.qa.testdata.RegistrationTest">
    <skipped/>
  </testcase> <!-- @AfterMethod tearDown -->
  <testcase name="@BeforeMethod setUp" time="-1.650317236046E9" classname="com.Tour.qa.testdata.RegistrationTest">
    <skipped/>
  </testcase> <!-- @BeforeMethod setUp -->
  <testcase name="@AfterMethod tearDown" time="-1.650317236061E9" classname="com.Tour.qa.testdata.RegistrationTest">
    <skipped/>
  </testcase> <!-- @AfterMethod tearDown -->
  <testcase name="@BeforeMethod setUp" time="-1.650317236067E9" classname="com.Tour.qa.testdata.RegistrationTest">
    <skipped/>
  </testcase> <!-- @BeforeMethod setUp -->
  <testcase name="@AfterMethod tearDown" time="-1.650317236097E9" classname="com.Tour.qa.testdata.RegistrationTest">
    <skipped/>
  </testcase> <!-- @AfterMethod tearDown -->
  <testcase name="@BeforeMethod setUp" time="-1.650317236101E9" classname="com.Tour.qa.testdata.RegistrationTest">
    <skipped/>
  </testcase> <!-- @BeforeMethod setUp -->
  <testcase name="@AfterMethod tearDown" time="-1.650317237203E9" classname="com.Tour.qa.testdata.RegistrationTest">
    <skipped/>
  </testcase> <!-- @AfterMethod tearDown -->
  <testcase name="@BeforeMethod setUp" time="-1.650317237224E9" classname="com.Tour.qa.testdata.RegistrationTest">
    <skipped/>
  </testcase> <!-- @BeforeMethod setUp -->
  <testcase name="@AfterMethod tearDown" time="-1.650317237236E9" classname="com.Tour.qa.testdata.RegistrationTest">
    <skipped/>
  </testcase> <!-- @AfterMethod tearDown -->
  <testcase name="@BeforeMethod setUp" time="-1.650317237239E9" classname="com.Tour.qa.testdata.RegistrationTest">
    <skipped/>
  </testcase> <!-- @BeforeMethod setUp -->
  <testcase name="@AfterMethod tearDown" time="-1.650317237249E9" classname="com.Tour.qa.testdata.RegistrationTest">
    <skipped/>
  </testcase> <!-- @AfterMethod tearDown -->
  <testcase name="@BeforeMethod setUp" time="-1.650317237252E9" classname="com.Tour.qa.testdata.RegistrationTest">
    <skipped/>
  </testcase> <!-- @BeforeMethod setUp -->
  <testcase name="@AfterMethod tearDown" time="-1.650317237265E9" classname="com.Tour.qa.testdata.RegistrationTest">
    <skipped/>
  </testcase> <!-- @AfterMethod tearDown -->
  <testcase name="@BeforeMethod setUp" time="-1.65031723727E9" classname="com.Tour.qa.testdata.RegistrationTest">
    <skipped/>
  </testcase> <!-- @BeforeMethod setUp -->
  <testcase name="@AfterMethod tearDown" time="-1.650317237277E9" classname="com.Tour.qa.testdata.RegistrationTest">
    <skipped/>
  </testcase> <!-- @AfterMethod tearDown -->
  <testcase name="@BeforeMethod setUp" time="-1.650317237279E9" classname="com.Tour.qa.testdata.RegistrationTest">
    <skipped/>
  </testcase> <!-- @BeforeMethod setUp -->
  <testcase name="@AfterMethod tearDown" time="-1.650317237287E9" classname="com.Tour.qa.testdata.RegistrationTest">
    <skipped/>
  </testcase> <!-- @AfterMethod tearDown -->
  <testcase name="@BeforeMethod setUp" time="-1.650317237289E9" classname="com.Tour.qa.testdata.RegistrationTest">
    <skipped/>
  </testcase> <!-- @BeforeMethod setUp -->
  <testcase name="@AfterMethod tearDown" time="-1.650317237296E9" classname="com.Tour.qa.testdata.RegistrationTest">
    <skipped/>
  </testcase> <!-- @AfterMethod tearDown -->
  <testcase name="@BeforeMethod setUp" time="-1.650317237298E9" classname="com.Tour.qa.testdata.RegistrationTest">
    <skipped/>
  </testcase> <!-- @BeforeMethod setUp -->
  <testcase name="@AfterMethod tearDown" time="-1.650317237306E9" classname="com.Tour.qa.testdata.RegistrationTest">
    <skipped/>
  </testcase> <!-- @AfterMethod tearDown -->
  <testcase name="@BeforeMethod setUp" time="-1.650317237308E9" classname="com.Tour.qa.testdata.RegistrationTest">
    <skipped/>
  </testcase> <!-- @BeforeMethod setUp -->
  <testcase name="@AfterMethod tearDown" time="-1.650317237314E9" classname="com.Tour.qa.testdata.RegistrationTest">
    <skipped/>
  </testcase> <!-- @AfterMethod tearDown -->
  <testcase name="@BeforeMethod setUp" time="-1.650317237317E9" classname="com.Tour.qa.testdata.RegistrationTest">
    <skipped/>
  </testcase> <!-- @BeforeMethod setUp -->
  <testcase name="@AfterMethod tearDown" time="-1.650317237324E9" classname="com.Tour.qa.testdata.RegistrationTest">
    <skipped/>
  </testcase> <!-- @AfterMethod tearDown -->
  <testcase name="@BeforeMethod setUp" time="-1.650317237325E9" classname="com.Tour.qa.testdata.RegistrationTest">
    <skipped/>
  </testcase> <!-- @BeforeMethod setUp -->
  <testcase name="@AfterMethod tearDown" time="-1.650317237332E9" classname="com.Tour.qa.testdata.RegistrationTest">
    <skipped/>
  </testcase> <!-- @AfterMethod tearDown -->
  <testcase name="@BeforeMethod setUp" time="-1.650317237334E9" classname="com.Tour.qa.testdata.RegistrationTest">
    <skipped/>
  </testcase> <!-- @BeforeMethod setUp -->
  <testcase name="@AfterMethod tearDown" time="-1.65031723734E9" classname="com.Tour.qa.testdata.RegistrationTest">
    <skipped/>
  </testcase> <!-- @AfterMethod tearDown -->
  <testcase name="@BeforeMethod setUp" time="-1.650317237342E9" classname="com.Tour.qa.testdata.RegistrationTest">
    <skipped/>
  </testcase> <!-- @BeforeMethod setUp -->
  <testcase name="@AfterMethod tearDown" time="-1.650317237349E9" classname="com.Tour.qa.testdata.RegistrationTest">
    <skipped/>
  </testcase> <!-- @AfterMethod tearDown -->
  <testcase name="@BeforeMethod setUp" time="-1.650317237351E9" classname="com.Tour.qa.testdata.RegistrationTest">
    <skipped/>
  </testcase> <!-- @BeforeMethod setUp -->
  <testcase name="@AfterMethod tearDown" time="-1.650317237359E9" classname="com.Tour.qa.testdata.RegistrationTest">
    <skipped/>
  </testcase> <!-- @AfterMethod tearDown -->
  <testcase name="@BeforeMethod setUp" time="-1.650317237362E9" classname="com.Tour.qa.testdata.RegistrationTest">
    <skipped/>
  </testcase> <!-- @BeforeMethod setUp -->
  <testcase name="@AfterMethod tearDown" time="-1.650317237373E9" classname="com.Tour.qa.testdata.RegistrationTest">
    <skipped/>
  </testcase> <!-- @AfterMethod tearDown -->
  <testcase name="@BeforeMethod setUp" time="-1.650317237375E9" classname="com.Tour.qa.testdata.RegistrationTest">
    <skipped/>
  </testcase> <!-- @BeforeMethod setUp -->
  <testcase name="@AfterMethod tearDown" time="-1.650317237384E9" classname="com.Tour.qa.testdata.RegistrationTest">
    <skipped/>
  </testcase> <!-- @AfterMethod tearDown -->
  <testcase name="@BeforeMethod setUp" time="-1.650317237387E9" classname="com.Tour.qa.testdata.RegistrationTest">
    <skipped/>
  </testcase> <!-- @BeforeMethod setUp -->
  <testcase name="@AfterMethod tearDown" time="-1.650317237394E9" classname="com.Tour.qa.testdata.RegistrationTest">
    <skipped/>
  </testcase> <!-- @AfterMethod tearDown -->
  <testcase name="@BeforeMethod setUp" time="-1.650317237398E9" classname="com.Tour.qa.testdata.RegistrationTest">
    <skipped/>
  </testcase> <!-- @BeforeMethod setUp -->
  <testcase name="@AfterMethod tearDown" time="-1.650317237407E9" classname="com.Tour.qa.testdata.RegistrationTest">
    <skipped/>
  </testcase> <!-- @AfterMethod tearDown -->
  <testcase name="@BeforeMethod setUp" time="-1.650317237409E9" classname="com.Tour.qa.testdata.RegistrationTest">
    <skipped/>
  </testcase> <!-- @BeforeMethod setUp -->
  <testcase name="@AfterMethod tearDown" time="-1.650317237421E9" classname="com.Tour.qa.testdata.RegistrationTest">
    <skipped/>
  </testcase> <!-- @AfterMethod tearDown -->
  <testcase name="@BeforeMethod setUp" time="-1.650317237423E9" classname="com.Tour.qa.testdata.RegistrationTest">
    <skipped/>
  </testcase> <!-- @BeforeMethod setUp -->
  <testcase name="@AfterMethod tearDown" time="-1.650317237429E9" classname="com.Tour.qa.testdata.RegistrationTest">
    <skipped/>
  </testcase> <!-- @AfterMethod tearDown -->
  <testcase name="@BeforeMethod setUp" time="-1.650317237431E9" classname="com.Tour.qa.testdata.RegistrationTest">
    <skipped/>
  </testcase> <!-- @BeforeMethod setUp -->
  <testcase name="@AfterMethod tearDown" time="-1.650317237442E9" classname="com.Tour.qa.testdata.RegistrationTest">
    <skipped/>
  </testcase> <!-- @AfterMethod tearDown -->
  <testcase name="@BeforeMethod setUp" time="-1.650317237444E9" classname="com.Tour.qa.testdata.RegistrationTest">
    <skipped/>
  </testcase> <!-- @BeforeMethod setUp -->
  <testcase name="@AfterMethod tearDown" time="-1.650317237452E9" classname="com.Tour.qa.testdata.RegistrationTest">
    <skipped/>
  </testcase> <!-- @AfterMethod tearDown -->
  <testcase name="@BeforeMethod setUp" time="-1.650317237454E9" classname="com.Tour.qa.testdata.RegistrationTest">
    <skipped/>
  </testcase> <!-- @BeforeMethod setUp -->
  <testcase name="@AfterMethod tearDown" time="-1.650317237461E9" classname="com.Tour.qa.testdata.RegistrationTest">
    <skipped/>
  </testcase> <!-- @AfterMethod tearDown -->
  <testcase name="@BeforeMethod setUp" time="-1.650317237463E9" classname="com.Tour.qa.testdata.RegistrationTest">
    <skipped/>
  </testcase> <!-- @BeforeMethod setUp -->
  <testcase name="@AfterMethod tearDown" time="-1.650317237469E9" classname="com.Tour.qa.testdata.RegistrationTest">
    <skipped/>
  </testcase> <!-- @AfterMethod tearDown -->
  <testcase name="@BeforeMethod setUp" time="-1.650317237471E9" classname="com.Tour.qa.testdata.RegistrationTest">
    <skipped/>
  </testcase> <!-- @BeforeMethod setUp -->
  <testcase name="@AfterMethod tearDown" time="-1.650317237479E9" classname="com.Tour.qa.testdata.RegistrationTest">
    <skipped/>
  </testcase> <!-- @AfterMethod tearDown -->
  <testcase name="@BeforeMethod setUp" time="28.568" classname="com.Tour.qa.testdata.ReservationOverviewTest">
    <failure type="org.openqa.selenium.NoSuchElementException" message="no such element: Unable to locate element: {&amp;quot;method&amp;quot;:&amp;quot;xpath&amp;quot;,&amp;quot;selector&amp;quot;:&amp;quot;//tbody/tr[@id=&amp;apos;4519&amp;apos;]/td[9]/a[1]&amp;quot;}
  (Session info: chrome=100.0.4896.88)
For documentation on this error, please visit: https://selenium.dev/exceptions/#no_such_element
Build info: version: &amp;apos;4.1.2&amp;apos;, revision: &amp;apos;9a5a329c5a&amp;apos;
System info: host: &amp;apos;DESKTOP-PSP68KB&amp;apos;, ip: &amp;apos;192.168.223.1&amp;apos;, os.name: &amp;apos;Windows 10&amp;apos;, os.arch: &amp;apos;amd64&amp;apos;, os.version: &amp;apos;10.0&amp;apos;, java.version: &amp;apos;1.8.0_301&amp;apos;
Driver info: org.openqa.selenium.chrome.ChromeDriver
Command: [c434fb68daeba64f38146437ffa3da64, findElement {using=xpath, value=//tbody/tr[@id=&amp;apos;4519&amp;apos;]/td[9]/a[1]}]
Capabilities {acceptInsecureCerts: false, browserName: chrome, browserVersion: 100.0.4896.88, chrome: {chromedriverVersion: 100.0.4896.60 (6a5d10861ce8..., userDataDir: C:\Users\Home\AppData\Local...}, goog:chromeOptions: {debuggerAddress: localhost:49856}, javascriptEnabled: true, networkConnectionEnabled: false, pageLoadStrategy: normal, platform: WINDOWS, platformName: WINDOWS, proxy: Proxy(), se:cdp: ws://localhost:49856/devtoo..., se:cdpVersion: 100.0.4896.88, setWindowRect: true, strictFileInteractability: false, timeouts: {implicit: 0, pageLoad: 300000, script: 30000}, unhandledPromptBehavior: dismiss and notify, webauthn:extension:credBlob: true, webauthn:extension:largeBlob: true, webauthn:virtualAuthenticators: true}
Session ID: c434fb68daeba64f38146437ffa3da64">
      <![CDATA[org.openqa.selenium.NoSuchElementException: no such element: Unable to locate element: {"method":"xpath","selector":"//tbody/tr[@id='4519']/td[9]/a[1]"}
  (Session info: chrome=100.0.4896.88)
For documentation on this error, please visit: https://selenium.dev/exceptions/#no_such_element
Build info: version: '4.1.2', revision: '9a5a329c5a'
System info: host: 'DESKTOP-PSP68KB', ip: '192.168.223.1', os.name: 'Windows 10', os.arch: 'amd64', os.version: '10.0', java.version: '1.8.0_301'
Driver info: org.openqa.selenium.chrome.ChromeDriver
Command: [c434fb68daeba64f38146437ffa3da64, findElement {using=xpath, value=//tbody/tr[@id='4519']/td[9]/a[1]}]
Capabilities {acceptInsecureCerts: false, browserName: chrome, browserVersion: 100.0.4896.88, chrome: {chromedriverVersion: 100.0.4896.60 (6a5d10861ce8..., userDataDir: C:\Users\Home\AppData\Local...}, goog:chromeOptions: {debuggerAddress: localhost:49856}, javascriptEnabled: true, networkConnectionEnabled: false, pageLoadStrategy: normal, platform: WINDOWS, platformName: WINDOWS, proxy: Proxy(), se:cdp: ws://localhost:49856/devtoo..., se:cdpVersion: 100.0.4896.88, setWindowRect: true, strictFileInteractability: false, timeouts: {implicit: 0, pageLoad: 300000, script: 30000}, unhandledPromptBehavior: dismiss and notify, webauthn:extension:credBlob: true, webauthn:extension:largeBlob: true, webauthn:virtualAuthenticators: true}
Session ID: c434fb68daeba64f38146437ffa3da64
at org.openqa.selenium.remote.codec.w3c.W3CHttpResponseCodec.createException(W3CHttpResponseCodec.java:200)
at org.openqa.selenium.remote.codec.w3c.W3CHttpResponseCodec.decode(W3CHttpResponseCodec.java:133)
at org.openqa.selenium.remote.codec.w3c.W3CHttpResponseCodec.decode(W3CHttpResponseCodec.java:53)
at org.openqa.selenium.remote.HttpCommandExecutor.execute(HttpCommandExecutor.java:184)
at org.openqa.selenium.remote.service.DriverCommandExecutor.invokeExecute(DriverCommandExecutor.java:167)
at org.openqa.selenium.remote.service.DriverCommandExecutor.execute(DriverCommandExecutor.java:142)
at org.openqa.selenium.remote.RemoteWebDriver.execute(RemoteWebDriver.java:558)
at org.openqa.selenium.remote.ElementLocation$ElementFinder$2.findElement(ElementLocation.java:162)
at org.openqa.selenium.remote.ElementLocation.findElement(ElementLocation.java:60)
at org.openqa.selenium.remote.RemoteWebDriver.findElement(RemoteWebDriver.java:382)
at org.openqa.selenium.remote.RemoteWebDriver.findElement(RemoteWebDriver.java:374)
at com.Tour.qa.pages.ModifyCancelPage.CheckModifyButton(ModifyCancelPage.java:331)
at com.Tour.qa.testdata.ReservationOverviewTest.setUp(ReservationOverviewTest.java:79)
at java.util.ArrayList.forEach(ArrayList.java:1259)
... Removed 35 stack frames]]>
    </failure>
  </testcase> <!-- @BeforeMethod setUp -->
  <testcase name="@AfterMethod tearDown" time="-1.650317266073E9" classname="com.Tour.qa.testdata.ReservationOverviewTest">
    <skipped/>
  </testcase> <!-- @AfterMethod tearDown -->
  <testcase name="@BeforeMethod setUp" time="-1.650317266077E9" classname="com.Tour.qa.testdata.ReservationOverviewTest">
    <skipped/>
  </testcase> <!-- @BeforeMethod setUp -->
  <testcase name="@AfterMethod tearDown" time="-1.650317266085E9" classname="com.Tour.qa.testdata.ReservationOverviewTest">
    <skipped/>
  </testcase> <!-- @AfterMethod tearDown -->
  <testcase name="@BeforeMethod setUp" time="-1.650317266088E9" classname="com.Tour.qa.testdata.ReservationOverviewTest">
    <skipped/>
  </testcase> <!-- @BeforeMethod setUp -->
  <testcase name="@AfterMethod tearDown" time="-1.650317266097E9" classname="com.Tour.qa.testdata.ReservationOverviewTest">
    <skipped/>
  </testcase> <!-- @AfterMethod tearDown -->
  <testcase name="@BeforeMethod setUp" time="-1.650317266099E9" classname="com.Tour.qa.testdata.ReservationOverviewTest">
    <skipped/>
  </testcase> <!-- @BeforeMethod setUp -->
  <testcase name="@AfterMethod tearDown" time="-1.650317266108E9" classname="com.Tour.qa.testdata.ReservationOverviewTest">
    <skipped/>
  </testcase> <!-- @AfterMethod tearDown -->
  <testcase name="@BeforeMethod setUp" time="-1.650317266113E9" classname="com.Tour.qa.testdata.ReservationOverviewTest">
    <skipped/>
  </testcase> <!-- @BeforeMethod setUp -->
  <testcase name="@AfterMethod tearDown" time="-1.650317266124E9" classname="com.Tour.qa.testdata.ReservationOverviewTest">
    <skipped/>
  </testcase> <!-- @AfterMethod tearDown -->
  <testcase name="@BeforeMethod setUp" time="-1.650317266126E9" classname="com.Tour.qa.testdata.ReservationOverviewTest">
    <skipped/>
  </testcase> <!-- @BeforeMethod setUp -->
  <testcase name="@AfterMethod tearDown" time="-1.650317266134E9" classname="com.Tour.qa.testdata.ReservationOverviewTest">
    <skipped/>
  </testcase> <!-- @AfterMethod tearDown -->
  <testcase name="@BeforeMethod setUp" time="-1.650317266136E9" classname="com.Tour.qa.testdata.ReservationOverviewTest">
    <skipped/>
  </testcase> <!-- @BeforeMethod setUp -->
  <testcase name="@AfterMethod tearDown" time="-1.650317266143E9" classname="com.Tour.qa.testdata.ReservationOverviewTest">
    <skipped/>
  </testcase> <!-- @AfterMethod tearDown -->
  <testcase name="HomePageTitleTest" time="0.074" classname="com.Tour.qa.testdata.HomePageTest"/>
  <testcase name="CheckBanner" time="0.087" classname="com.Tour.qa.testdata.HomePageTest"/>
  <testcase name="CheckModifyCancel" time="1.489" classname="com.Tour.qa.testdata.HomePageTest"/>
  <testcase name="CheckOurchaseTicket" time="1.943" classname="com.Tour.qa.testdata.HomePageTest"/>
  <testcase name="CheckPageTitle" time="0.017" classname="com.Tour.qa.testdata.ChooseDateTest"/>
  <testcase name="validateBanne" time="0.05" classname="com.Tour.qa.testdata.ChooseDateTest"/>
  <testcase name="validateHeading" time="0.096" classname="com.Tour.qa.testdata.ChooseDateTest"/>
  <testcase name="validateChoosFromMenu" time="1.889" classname="com.Tour.qa.testdata.ChooseDateTest"/>
  <testcase name="validateTheOriginal" time="0.046" classname="com.Tour.qa.testdata.ChooseDateTest"/>
  <testcase name="validateGroupSize" time="0.053" classname="com.Tour.qa.testdata.ChooseDateTest"/>
  <testcase name="SelectValidSlotTest" time="14.173" classname="com.Tour.qa.testdata.ChooseDateTest">
    <failure type="org.openqa.selenium.NoSuchElementException" message="no such element: Unable to locate element: {&amp;quot;method&amp;quot;:&amp;quot;xpath&amp;quot;,&amp;quot;selector&amp;quot;:&amp;quot;//body/div[2]/div[2]/div[1]/div[1]/div[1]/div[3]/div[5]/div[2]/div[1]/div[1]/div[3]/a[1]/div[1]/span[1]&amp;quot;}
  (Session info: chrome=100.0.4896.88)
For documentation on this error, please visit: https://selenium.dev/exceptions/#no_such_element
Build info: version: &amp;apos;4.1.2&amp;apos;, revision: &amp;apos;9a5a329c5a&amp;apos;
System info: host: &amp;apos;DESKTOP-PSP68KB&amp;apos;, ip: &amp;apos;192.168.223.1&amp;apos;, os.name: &amp;apos;Windows 10&amp;apos;, os.arch: &amp;apos;amd64&amp;apos;, os.version: &amp;apos;10.0&amp;apos;, java.version: &amp;apos;1.8.0_301&amp;apos;
Driver info: org.openqa.selenium.chrome.ChromeDriver
Command: [beb0b465f0548f9c91321e5817729162, findElement {using=xpath, value=//body/div[2]/div[2]/div[1]/div[1]/div[1]/div[3]/div[5]/div[2]/div[1]/div[1]/div[3]/a[1]/div[1]/span[1]}]
Capabilities {acceptInsecureCerts: false, browserName: chrome, browserVersion: 100.0.4896.88, chrome: {chromedriverVersion: 100.0.4896.60 (6a5d10861ce8..., userDataDir: C:\Users\Home\AppData\Local...}, goog:chromeOptions: {debuggerAddress: localhost:64654}, javascriptEnabled: true, networkConnectionEnabled: false, pageLoadStrategy: normal, platform: WINDOWS, platformName: WINDOWS, proxy: Proxy(), se:cdp: ws://localhost:64654/devtoo..., se:cdpVersion: 100.0.4896.88, setWindowRect: true, strictFileInteractability: false, timeouts: {implicit: 0, pageLoad: 300000, script: 30000}, unhandledPromptBehavior: dismiss and notify, webauthn:extension:credBlob: true, webauthn:extension:largeBlob: true, webauthn:virtualAuthenticators: true}
Session ID: beb0b465f0548f9c91321e5817729162">
      <![CDATA[org.openqa.selenium.NoSuchElementException: no such element: Unable to locate element: {"method":"xpath","selector":"//body/div[2]/div[2]/div[1]/div[1]/div[1]/div[3]/div[5]/div[2]/div[1]/div[1]/div[3]/a[1]/div[1]/span[1]"}
  (Session info: chrome=100.0.4896.88)
For documentation on this error, please visit: https://selenium.dev/exceptions/#no_such_element
Build info: version: '4.1.2', revision: '9a5a329c5a'
System info: host: 'DESKTOP-PSP68KB', ip: '192.168.223.1', os.name: 'Windows 10', os.arch: 'amd64', os.version: '10.0', java.version: '1.8.0_301'
Driver info: org.openqa.selenium.chrome.ChromeDriver
Command: [beb0b465f0548f9c91321e5817729162, findElement {using=xpath, value=//body/div[2]/div[2]/div[1]/div[1]/div[1]/div[3]/div[5]/div[2]/div[1]/div[1]/div[3]/a[1]/div[1]/span[1]}]
Capabilities {acceptInsecureCerts: false, browserName: chrome, browserVersion: 100.0.4896.88, chrome: {chromedriverVersion: 100.0.4896.60 (6a5d10861ce8..., userDataDir: C:\Users\Home\AppData\Local...}, goog:chromeOptions: {debuggerAddress: localhost:64654}, javascriptEnabled: true, networkConnectionEnabled: false, pageLoadStrategy: normal, platform: WINDOWS, platformName: WINDOWS, proxy: Proxy(), se:cdp: ws://localhost:64654/devtoo..., se:cdpVersion: 100.0.4896.88, setWindowRect: true, strictFileInteractability: false, timeouts: {implicit: 0, pageLoad: 300000, script: 30000}, unhandledPromptBehavior: dismiss and notify, webauthn:extension:credBlob: true, webauthn:extension:largeBlob: true, webauthn:virtualAuthenticators: true}
Session ID: beb0b465f0548f9c91321e5817729162
at org.openqa.selenium.remote.codec.w3c.W3CHttpResponseCodec.createException(W3CHttpResponseCodec.java:200)
at org.openqa.selenium.remote.codec.w3c.W3CHttpResponseCodec.decode(W3CHttpResponseCodec.java:133)
at org.openqa.selenium.remote.codec.w3c.W3CHttpResponseCodec.decode(W3CHttpResponseCodec.java:53)
at org.openqa.selenium.remote.HttpCommandExecutor.execute(HttpCommandExecutor.java:184)
at org.openqa.selenium.remote.service.DriverCommandExecutor.invokeExecute(DriverCommandExecutor.java:167)
at org.openqa.selenium.remote.service.DriverCommandExecutor.execute(DriverCommandExecutor.java:142)
at org.openqa.selenium.remote.RemoteWebDriver.execute(RemoteWebDriver.java:558)
at org.openqa.selenium.remote.ElementLocation$ElementFinder$2.findElement(ElementLocation.java:162)
at org.openqa.selenium.remote.ElementLocation.findElement(ElementLocation.java:60)
at org.openqa.selenium.remote.RemoteWebDriver.findElement(RemoteWebDriver.java:382)
at org.openqa.selenium.remote.RemoteWebDriver.findElement(RemoteWebDriver.java:374)
at org.openqa.selenium.support.pagefactory.DefaultElementLocator.findElement(DefaultElementLocator.java:70)
at org.openqa.selenium.support.pagefactory.internal.LocatingElementHandler.invoke(LocatingElementHandler.java:39)
at com.sun.proxy.$Proxy15.click(Unknown Source)
at com.Tour.qa.pages.ChoosDatePage.SelectValidSlot(ChoosDatePage.java:315)
at com.Tour.qa.testdata.ChooseDateTest.SelectValidSlotTest(ChooseDateTest.java:109)
at java.util.ArrayList.forEach(ArrayList.java:1259)
... Removed 31 stack frames]]>
    </failure>
  </testcase> <!-- SelectValidSlotTest -->
  <testcase name="SelectInValidSlot" time="14.18" classname="com.Tour.qa.testdata.ChooseDateTest"/>
  <testcase name="validateTheDeluxe" time="10.014" classname="com.Tour.qa.testdata.ChooseDateTest">
    <failure type="org.openqa.selenium.NoSuchElementException" message="no such element: Unable to locate element: {&amp;quot;method&amp;quot;:&amp;quot;xpath&amp;quot;,&amp;quot;selector&amp;quot;:&amp;quot;//b[contains(text(),&amp;apos;The Deluxe&amp;apos;)]&amp;quot;}
  (Session info: chrome=100.0.4896.88)
For documentation on this error, please visit: https://selenium.dev/exceptions/#no_such_element
Build info: version: &amp;apos;4.1.2&amp;apos;, revision: &amp;apos;9a5a329c5a&amp;apos;
System info: host: &amp;apos;DESKTOP-PSP68KB&amp;apos;, ip: &amp;apos;192.168.223.1&amp;apos;, os.name: &amp;apos;Windows 10&amp;apos;, os.arch: &amp;apos;amd64&amp;apos;, os.version: &amp;apos;10.0&amp;apos;, java.version: &amp;apos;1.8.0_301&amp;apos;
Driver info: org.openqa.selenium.chrome.ChromeDriver
Command: [52477a81accc83351c9c96dea63865b4, findElement {using=xpath, value=//b[contains(text(),&amp;apos;The Deluxe&amp;apos;)]}]
Capabilities {acceptInsecureCerts: false, browserName: chrome, browserVersion: 100.0.4896.88, chrome: {chromedriverVersion: 100.0.4896.60 (6a5d10861ce8..., userDataDir: C:\Users\Home\AppData\Local...}, goog:chromeOptions: {debuggerAddress: localhost:64713}, javascriptEnabled: true, networkConnectionEnabled: false, pageLoadStrategy: normal, platform: WINDOWS, platformName: WINDOWS, proxy: Proxy(), se:cdp: ws://localhost:64713/devtoo..., se:cdpVersion: 100.0.4896.88, setWindowRect: true, strictFileInteractability: false, timeouts: {implicit: 0, pageLoad: 300000, script: 30000}, unhandledPromptBehavior: dismiss and notify, webauthn:extension:credBlob: true, webauthn:extension:largeBlob: true, webauthn:virtualAuthenticators: true}
Session ID: 52477a81accc83351c9c96dea63865b4">
      <![CDATA[org.openqa.selenium.NoSuchElementException: no such element: Unable to locate element: {"method":"xpath","selector":"//b[contains(text(),'The Deluxe')]"}
  (Session info: chrome=100.0.4896.88)
For documentation on this error, please visit: https://selenium.dev/exceptions/#no_such_element
Build info: version: '4.1.2', revision: '9a5a329c5a'
System info: host: 'DESKTOP-PSP68KB', ip: '192.168.223.1', os.name: 'Windows 10', os.arch: 'amd64', os.version: '10.0', java.version: '1.8.0_301'
Driver info: org.openqa.selenium.chrome.ChromeDriver
Command: [52477a81accc83351c9c96dea63865b4, findElement {using=xpath, value=//b[contains(text(),'The Deluxe')]}]
Capabilities {acceptInsecureCerts: false, browserName: chrome, browserVersion: 100.0.4896.88, chrome: {chromedriverVersion: 100.0.4896.60 (6a5d10861ce8..., userDataDir: C:\Users\Home\AppData\Local...}, goog:chromeOptions: {debuggerAddress: localhost:64713}, javascriptEnabled: true, networkConnectionEnabled: false, pageLoadStrategy: normal, platform: WINDOWS, platformName: WINDOWS, proxy: Proxy(), se:cdp: ws://localhost:64713/devtoo..., se:cdpVersion: 100.0.4896.88, setWindowRect: true, strictFileInteractability: false, timeouts: {implicit: 0, pageLoad: 300000, script: 30000}, unhandledPromptBehavior: dismiss and notify, webauthn:extension:credBlob: true, webauthn:extension:largeBlob: true, webauthn:virtualAuthenticators: true}
Session ID: 52477a81accc83351c9c96dea63865b4
at org.openqa.selenium.remote.codec.w3c.W3CHttpResponseCodec.createException(W3CHttpResponseCodec.java:200)
at org.openqa.selenium.remote.codec.w3c.W3CHttpResponseCodec.decode(W3CHttpResponseCodec.java:133)
at org.openqa.selenium.remote.codec.w3c.W3CHttpResponseCodec.decode(W3CHttpResponseCodec.java:53)
at org.openqa.selenium.remote.HttpCommandExecutor.execute(HttpCommandExecutor.java:184)
at org.openqa.selenium.remote.service.DriverCommandExecutor.invokeExecute(DriverCommandExecutor.java:167)
at org.openqa.selenium.remote.service.DriverCommandExecutor.execute(DriverCommandExecutor.java:142)
at org.openqa.selenium.remote.RemoteWebDriver.execute(RemoteWebDriver.java:558)
at org.openqa.selenium.remote.ElementLocation$ElementFinder$2.findElement(ElementLocation.java:162)
at org.openqa.selenium.remote.ElementLocation.findElement(ElementLocation.java:60)
at org.openqa.selenium.remote.RemoteWebDriver.findElement(RemoteWebDriver.java:382)
at org.openqa.selenium.remote.RemoteWebDriver.findElement(RemoteWebDriver.java:374)
at org.openqa.selenium.support.pagefactory.DefaultElementLocator.findElement(DefaultElementLocator.java:70)
at org.openqa.selenium.support.pagefactory.internal.LocatingElementHandler.invoke(LocatingElementHandler.java:39)
at com.sun.proxy.$Proxy15.getText(Unknown Source)
at com.Tour.qa.pages.ChoosDatePage.validateTheDeluxe(ChoosDatePage.java:214)
at com.Tour.qa.testdata.ChooseDateTest.validateTheDeluxe(ChooseDateTest.java:125)
at java.util.ArrayList.forEach(ArrayList.java:1259)
... Removed 31 stack frames]]>
    </failure>
  </testcase> <!-- validateTheDeluxe -->
  <testcase name="validateGroupSize2" time="10.073" classname="com.Tour.qa.testdata.ChooseDateTest">
    <failure type="org.openqa.selenium.NoSuchElementException" message="no such element: Unable to locate element: {&amp;quot;method&amp;quot;:&amp;quot;xpath&amp;quot;,&amp;quot;selector&amp;quot;:&amp;quot;//b[contains(text(),&amp;apos;2&amp;apos;)]&amp;quot;}
  (Session info: chrome=100.0.4896.88)
For documentation on this error, please visit: https://selenium.dev/exceptions/#no_such_element
Build info: version: &amp;apos;4.1.2&amp;apos;, revision: &amp;apos;9a5a329c5a&amp;apos;
System info: host: &amp;apos;DESKTOP-PSP68KB&amp;apos;, ip: &amp;apos;192.168.223.1&amp;apos;, os.name: &amp;apos;Windows 10&amp;apos;, os.arch: &amp;apos;amd64&amp;apos;, os.version: &amp;apos;10.0&amp;apos;, java.version: &amp;apos;1.8.0_301&amp;apos;
Driver info: org.openqa.selenium.chrome.ChromeDriver
Command: [31472ecc51107005f312f3cd54e77c5a, findElement {using=xpath, value=//b[contains(text(),&amp;apos;2&amp;apos;)]}]
Capabilities {acceptInsecureCerts: false, browserName: chrome, browserVersion: 100.0.4896.88, chrome: {chromedriverVersion: 100.0.4896.60 (6a5d10861ce8..., userDataDir: C:\Users\Home\AppData\Local...}, goog:chromeOptions: {debuggerAddress: localhost:64741}, javascriptEnabled: true, networkConnectionEnabled: false, pageLoadStrategy: normal, platform: WINDOWS, platformName: WINDOWS, proxy: Proxy(), se:cdp: ws://localhost:64741/devtoo..., se:cdpVersion: 100.0.4896.88, setWindowRect: true, strictFileInteractability: false, timeouts: {implicit: 0, pageLoad: 300000, script: 30000}, unhandledPromptBehavior: dismiss and notify, webauthn:extension:credBlob: true, webauthn:extension:largeBlob: true, webauthn:virtualAuthenticators: true}
Session ID: 31472ecc51107005f312f3cd54e77c5a">
      <![CDATA[org.openqa.selenium.NoSuchElementException: no such element: Unable to locate element: {"method":"xpath","selector":"//b[contains(text(),'2')]"}
  (Session info: chrome=100.0.4896.88)
For documentation on this error, please visit: https://selenium.dev/exceptions/#no_such_element
Build info: version: '4.1.2', revision: '9a5a329c5a'
System info: host: 'DESKTOP-PSP68KB', ip: '192.168.223.1', os.name: 'Windows 10', os.arch: 'amd64', os.version: '10.0', java.version: '1.8.0_301'
Driver info: org.openqa.selenium.chrome.ChromeDriver
Command: [31472ecc51107005f312f3cd54e77c5a, findElement {using=xpath, value=//b[contains(text(),'2')]}]
Capabilities {acceptInsecureCerts: false, browserName: chrome, browserVersion: 100.0.4896.88, chrome: {chromedriverVersion: 100.0.4896.60 (6a5d10861ce8..., userDataDir: C:\Users\Home\AppData\Local...}, goog:chromeOptions: {debuggerAddress: localhost:64741}, javascriptEnabled: true, networkConnectionEnabled: false, pageLoadStrategy: normal, platform: WINDOWS, platformName: WINDOWS, proxy: Proxy(), se:cdp: ws://localhost:64741/devtoo..., se:cdpVersion: 100.0.4896.88, setWindowRect: true, strictFileInteractability: false, timeouts: {implicit: 0, pageLoad: 300000, script: 30000}, unhandledPromptBehavior: dismiss and notify, webauthn:extension:credBlob: true, webauthn:extension:largeBlob: true, webauthn:virtualAuthenticators: true}
Session ID: 31472ecc51107005f312f3cd54e77c5a
at org.openqa.selenium.remote.codec.w3c.W3CHttpResponseCodec.createException(W3CHttpResponseCodec.java:200)
at org.openqa.selenium.remote.codec.w3c.W3CHttpResponseCodec.decode(W3CHttpResponseCodec.java:133)
at org.openqa.selenium.remote.codec.w3c.W3CHttpResponseCodec.decode(W3CHttpResponseCodec.java:53)
at org.openqa.selenium.remote.HttpCommandExecutor.execute(HttpCommandExecutor.java:184)
at org.openqa.selenium.remote.service.DriverCommandExecutor.invokeExecute(DriverCommandExecutor.java:167)
at org.openqa.selenium.remote.service.DriverCommandExecutor.execute(DriverCommandExecutor.java:142)
at org.openqa.selenium.remote.RemoteWebDriver.execute(RemoteWebDriver.java:558)
at org.openqa.selenium.remote.ElementLocation$ElementFinder$2.findElement(ElementLocation.java:162)
at org.openqa.selenium.remote.ElementLocation.findElement(ElementLocation.java:60)
at org.openqa.selenium.remote.RemoteWebDriver.findElement(RemoteWebDriver.java:382)
at org.openqa.selenium.remote.RemoteWebDriver.findElement(RemoteWebDriver.java:374)
at org.openqa.selenium.support.pagefactory.DefaultElementLocator.findElement(DefaultElementLocator.java:70)
at org.openqa.selenium.support.pagefactory.internal.LocatingElementHandler.invoke(LocatingElementHandler.java:39)
at com.sun.proxy.$Proxy15.getText(Unknown Source)
at com.Tour.qa.pages.ChoosDatePage.validateGroupSize2(ChoosDatePage.java:223)
at com.Tour.qa.testdata.ChooseDateTest.validateGroupSize2(ChooseDateTest.java:134)
at java.util.ArrayList.forEach(ArrayList.java:1259)
... Removed 31 stack frames]]>
    </failure>
  </testcase> <!-- validateGroupSize2 -->
  <testcase name="ChooseTourPageTitleTest" time="0.016" classname="com.Tour.qa.testdata.ChooseTourTest"/>
  <testcase name="validateBanne" time="0.051" classname="com.Tour.qa.testdata.ChooseTourTest"/>
  <testcase name="validateText1" time="0.045" classname="com.Tour.qa.testdata.ChooseTourTest"/>
  <testcase name="InputGroupSizeOfTHEORIGINAL" time="1.705" classname="com.Tour.qa.testdata.ChooseTourTest"/>
  <testcase name="InputGroupSizeOfTHEDELUXE" time="1.371" classname="com.Tour.qa.testdata.ChooseTourTest"/>
  <testcase name="TestInvalidInout1" time="5.278" classname="com.Tour.qa.testdata.ChooseTourTest"/>
  <testcase name="TestInvalidInout2" time="5.232" classname="com.Tour.qa.testdata.ChooseTourTest"/>
  <testcase name="Slider" time="0.039" classname="com.Tour.qa.testdata.ChooseTourTest"/>
  <testcase name="PageHeading" time="0.036" classname="com.Tour.qa.testdata.ChooseTourTest"/>
  <testcase name="TestSliderPreBut" time="0.051" classname="com.Tour.qa.testdata.ChooseTourTest"/>
  <testcase name="TestSliderNextBut" time="0.042" classname="com.Tour.qa.testdata.ChooseTourTest"/>
  <testcase name="ValidateTourType" time="0.0" classname="com.Tour.qa.testdata.ConfirmationPageTest">
    <skipped/>
  </testcase> <!-- ValidateTourType -->
  <testcase name="Validatefname" time="0.0" classname="com.Tour.qa.testdata.ConfirmationPageTest">
    <skipped/>
  </testcase> <!-- Validatefname -->
  <testcase name="ValidateLname" time="0.0" classname="com.Tour.qa.testdata.ConfirmationPageTest">
    <skipped/>
  </testcase> <!-- ValidateLname -->
  <testcase name="ValidateCost" time="0.0" classname="com.Tour.qa.testdata.ConfirmationPageTest">
    <skipped/>
  </testcase> <!-- ValidateCost -->
  <testcase name="ValidateZip" time="0.0" classname="com.Tour.qa.testdata.ConfirmationPageTest">
    <skipped/>
  </testcase> <!-- ValidateZip -->
  <testcase name="ValidateMobile" time="0.0" classname="com.Tour.qa.testdata.ConfirmationPageTest">
    <skipped/>
  </testcase> <!-- ValidateMobile -->
  <testcase name="ValidateGroupSize" time="0.0" classname="com.Tour.qa.testdata.ConfirmationPageTest">
    <skipped/>
  </testcase> <!-- ValidateGroupSize -->
  <testcase name="ValidateTypeOfGrop" time="0.0" classname="com.Tour.qa.testdata.ConfirmationPageTest">
    <skipped/>
  </testcase> <!-- ValidateTypeOfGrop -->
  <testcase name="ValidateNameOfGroup" time="0.0" classname="com.Tour.qa.testdata.ConfirmationPageTest">
    <skipped/>
  </testcase> <!-- ValidateNameOfGroup -->
  <testcase name="ValidateTravell" time="0.0" classname="com.Tour.qa.testdata.ConfirmationPageTest">
    <skipped/>
  </testcase> <!-- ValidateTravell -->
  <testcase name="ValidateVehica" time="0.0" classname="com.Tour.qa.testdata.ConfirmationPageTest">
    <skipped/>
  </testcase> <!-- ValidateVehica -->
  <testcase name="validateBannerTest" time="0.0" classname="com.Tour.qa.testdata.ConfirmationPageTest">
    <skipped/>
  </testcase> <!-- validateBannerTest -->
  <testcase name="validateTheOriginalTest" time="0.0" classname="com.Tour.qa.testdata.ConfirmationPageTest">
    <skipped/>
  </testcase> <!-- validateTheOriginalTest -->
  <testcase name="validateTitle" time="0.0" classname="com.Tour.qa.testdata.ConfirmationPageTest">
    <skipped/>
  </testcase> <!-- validateTitle -->
  <testcase name="CheckBanner" time="0.0" classname="com.Tour.qa.testdata.ConfirmationPageTest">
    <skipped/>
  </testcase> <!-- CheckBanner -->
  <testcase name="validateGroupSizeTest" time="0.0" classname="com.Tour.qa.testdata.ConfirmationPageTest">
    <skipped/>
  </testcase> <!-- validateGroupSizeTest -->
  <testcase name="validateChooseTourMenuOption" time="0.0" classname="com.Tour.qa.testdata.ConfirmationPageTest">
    <skipped/>
  </testcase> <!-- validateChooseTourMenuOption -->
  <testcase name="validateChooseDateOption" time="0.0" classname="com.Tour.qa.testdata.ConfirmationPageTest">
    <skipped/>
  </testcase> <!-- validateChooseDateOption -->
  <testcase name="validateRegistration" time="0.0" classname="com.Tour.qa.testdata.ConfirmationPageTest">
    <skipped/>
  </testcase> <!-- validateRegistration -->
  <testcase name="validateTick" time="0.0" classname="com.Tour.qa.testdata.ConfirmationPageTest">
    <skipped/>
  </testcase> <!-- validateTick -->
  <testcase name="validatePageHeading" time="0.0" classname="com.Tour.qa.testdata.ConfirmationPageTest">
    <skipped/>
  </testcase> <!-- validatePageHeading -->
  <testcase name="validatePurchaseTicketButt" time="0.0" classname="com.Tour.qa.testdata.ConfirmationPageTest">
    <skipped/>
  </testcase> <!-- validatePurchaseTicketButt -->
  <testcase name="validateHeading1" time="0.0" classname="com.Tour.qa.testdata.ConfirmationPageTest">
    <skipped/>
  </testcase> <!-- validateHeading1 -->
  <testcase name="validateHeading2" time="0.0" classname="com.Tour.qa.testdata.ConfirmationPageTest">
    <skipped/>
  </testcase> <!-- validateHeading2 -->
  <testcase name="validateHeading3" time="0.0" classname="com.Tour.qa.testdata.ConfirmationPageTest">
    <skipped/>
  </testcase> <!-- validateHeading3 -->
  <testcase name="validateHeading4" time="0.0" classname="com.Tour.qa.testdata.ConfirmationPageTest">
    <skipped/>
  </testcase> <!-- validateHeading4 -->
  <testcase name="validateHeading5" time="0.0" classname="com.Tour.qa.testdata.ConfirmationPageTest">
    <skipped/>
  </testcase> <!-- validateHeading5 -->
  <testcase name="validatePurchaseTicketButt2" time="0.0" classname="com.Tour.qa.testdata.ConfirmationPageTest">
    <skipped/>
  </testcase> <!-- validatePurchaseTicketButt2 -->
  <testcase name="validateModifyReservationButt2" time="0.0" classname="com.Tour.qa.testdata.ConfirmationPageTest">
    <skipped/>
  </testcase> <!-- validateModifyReservationButt2 -->
  <testcase name="validateCancelButt2" time="0.0" classname="com.Tour.qa.testdata.ConfirmationPageTest">
    <skipped/>
  </testcase> <!-- validateCancelButt2 -->
  <testcase name="Checkmenu" time="0.0" classname="com.Tour.qa.testdata.ConfirmationPageTest">
    <skipped/>
  </testcase> <!-- Checkmenu -->
  <testcase name="valiPageHeading" time="0.04" classname="com.Tour.qa.testdata.EditReservationTest"/>
  <testcase name="validate" time="0.034" classname="com.Tour.qa.testdata.EditReservationTest"/>
  <testcase name="validatetime" time="0.041" classname="com.Tour.qa.testdata.EditReservationTest"/>
  <testcase name="validateDateLink" time="10.857" classname="com.Tour.qa.testdata.EditReservationTest">
    <failure type="org.openqa.selenium.NoSuchElementException" message="no such element: Unable to locate element: {&amp;quot;method&amp;quot;:&amp;quot;xpath&amp;quot;,&amp;quot;selector&amp;quot;:&amp;quot;//h1[contains(text(),&amp;apos;CHOOSE A DATE&amp;apos;)]&amp;quot;}
  (Session info: chrome=100.0.4896.88)
For documentation on this error, please visit: https://selenium.dev/exceptions/#no_such_element
Build info: version: &amp;apos;4.1.2&amp;apos;, revision: &amp;apos;9a5a329c5a&amp;apos;
System info: host: &amp;apos;DESKTOP-PSP68KB&amp;apos;, ip: &amp;apos;192.168.223.1&amp;apos;, os.name: &amp;apos;Windows 10&amp;apos;, os.arch: &amp;apos;amd64&amp;apos;, os.version: &amp;apos;10.0&amp;apos;, java.version: &amp;apos;1.8.0_301&amp;apos;
Driver info: org.openqa.selenium.chrome.ChromeDriver
Command: [1a0116ff9da727457b78df0021123181, findElement {using=xpath, value=//h1[contains(text(),&amp;apos;CHOOSE A DATE&amp;apos;)]}]
Capabilities {acceptInsecureCerts: false, browserName: chrome, browserVersion: 100.0.4896.88, chrome: {chromedriverVersion: 100.0.4896.60 (6a5d10861ce8..., userDataDir: C:\Users\Home\AppData\Local...}, goog:chromeOptions: {debuggerAddress: localhost:65204}, javascriptEnabled: true, networkConnectionEnabled: false, pageLoadStrategy: normal, platform: WINDOWS, platformName: WINDOWS, proxy: Proxy(), se:cdp: ws://localhost:65204/devtoo..., se:cdpVersion: 100.0.4896.88, setWindowRect: true, strictFileInteractability: false, timeouts: {implicit: 0, pageLoad: 300000, script: 30000}, unhandledPromptBehavior: dismiss and notify, webauthn:extension:credBlob: true, webauthn:extension:largeBlob: true, webauthn:virtualAuthenticators: true}
Session ID: 1a0116ff9da727457b78df0021123181">
      <![CDATA[org.openqa.selenium.NoSuchElementException: no such element: Unable to locate element: {"method":"xpath","selector":"//h1[contains(text(),'CHOOSE A DATE')]"}
  (Session info: chrome=100.0.4896.88)
For documentation on this error, please visit: https://selenium.dev/exceptions/#no_such_element
Build info: version: '4.1.2', revision: '9a5a329c5a'
System info: host: 'DESKTOP-PSP68KB', ip: '192.168.223.1', os.name: 'Windows 10', os.arch: 'amd64', os.version: '10.0', java.version: '1.8.0_301'
Driver info: org.openqa.selenium.chrome.ChromeDriver
Command: [1a0116ff9da727457b78df0021123181, findElement {using=xpath, value=//h1[contains(text(),'CHOOSE A DATE')]}]
Capabilities {acceptInsecureCerts: false, browserName: chrome, browserVersion: 100.0.4896.88, chrome: {chromedriverVersion: 100.0.4896.60 (6a5d10861ce8..., userDataDir: C:\Users\Home\AppData\Local...}, goog:chromeOptions: {debuggerAddress: localhost:65204}, javascriptEnabled: true, networkConnectionEnabled: false, pageLoadStrategy: normal, platform: WINDOWS, platformName: WINDOWS, proxy: Proxy(), se:cdp: ws://localhost:65204/devtoo..., se:cdpVersion: 100.0.4896.88, setWindowRect: true, strictFileInteractability: false, timeouts: {implicit: 0, pageLoad: 300000, script: 30000}, unhandledPromptBehavior: dismiss and notify, webauthn:extension:credBlob: true, webauthn:extension:largeBlob: true, webauthn:virtualAuthenticators: true}
Session ID: 1a0116ff9da727457b78df0021123181
at org.openqa.selenium.remote.codec.w3c.W3CHttpResponseCodec.createException(W3CHttpResponseCodec.java:200)
at org.openqa.selenium.remote.codec.w3c.W3CHttpResponseCodec.decode(W3CHttpResponseCodec.java:133)
at org.openqa.selenium.remote.codec.w3c.W3CHttpResponseCodec.decode(W3CHttpResponseCodec.java:53)
at org.openqa.selenium.remote.HttpCommandExecutor.execute(HttpCommandExecutor.java:184)
at org.openqa.selenium.remote.service.DriverCommandExecutor.invokeExecute(DriverCommandExecutor.java:167)
at org.openqa.selenium.remote.service.DriverCommandExecutor.execute(DriverCommandExecutor.java:142)
at org.openqa.selenium.remote.RemoteWebDriver.execute(RemoteWebDriver.java:558)
at org.openqa.selenium.remote.ElementLocation$ElementFinder$2.findElement(ElementLocation.java:162)
at org.openqa.selenium.remote.ElementLocation.findElement(ElementLocation.java:60)
at org.openqa.selenium.remote.RemoteWebDriver.findElement(RemoteWebDriver.java:382)
at org.openqa.selenium.remote.RemoteWebDriver.findElement(RemoteWebDriver.java:374)
at com.Tour.qa.pages.EditReservationPage.EditDateLink(EditReservationPage.java:144)
at com.Tour.qa.testdata.EditReservationTest.validateDateLink(EditReservationTest.java:118)
at java.util.ArrayList.forEach(ArrayList.java:1259)
... Removed 31 stack frames]]>
    </failure>
  </testcase> <!-- validateDateLink -->
  <testcase name="validateGroupSize" time="0.067" classname="com.Tour.qa.testdata.EditReservationTest"/>
  <testcase name="validatesNeed" time="0.045" classname="com.Tour.qa.testdata.EditReservationTest">
    <failure type="java.lang.AssertionError" message="expected [true] but found [false]">
      <![CDATA[java.lang.AssertionError: expected [true] but found [false]
at com.Tour.qa.testdata.EditReservationTest.validatesNeed(EditReservationTest.java:139)
at java.util.ArrayList.forEach(ArrayList.java:1259)
... Removed 31 stack frames]]>
    </failure>
  </testcase> <!-- validatesNeed -->
  <testcase name="validalink" time="0.112" classname="com.Tour.qa.testdata.EditReservationTest"/>
  <testcase name="validaeditForm" time="11.162" classname="com.Tour.qa.testdata.EditReservationTest"/>
  <testcase name="validaedtiEmptyForm" time="1.821" classname="com.Tour.qa.testdata.EditReservationTest"/>
  <testcase name="GuestFieldOnErrorPage" time="11.0" classname="com.Tour.qa.testdata.EditReservationTest">
    <failure type="org.openqa.selenium.NoSuchElementException" message="no such element: Unable to locate element: {&amp;quot;method&amp;quot;:&amp;quot;xpath&amp;quot;,&amp;quot;selector&amp;quot;:&amp;quot;//input[@id=&amp;apos;additionalGuests&amp;apos;]&amp;quot;}
  (Session info: chrome=100.0.4896.88)
For documentation on this error, please visit: https://selenium.dev/exceptions/#no_such_element
Build info: version: &amp;apos;4.1.2&amp;apos;, revision: &amp;apos;9a5a329c5a&amp;apos;
System info: host: &amp;apos;DESKTOP-PSP68KB&amp;apos;, ip: &amp;apos;192.168.223.1&amp;apos;, os.name: &amp;apos;Windows 10&amp;apos;, os.arch: &amp;apos;amd64&amp;apos;, os.version: &amp;apos;10.0&amp;apos;, java.version: &amp;apos;1.8.0_301&amp;apos;
Driver info: org.openqa.selenium.chrome.ChromeDriver
Command: [81789f5b357289554ae60fb65dd1c9c8, findElement {using=xpath, value=//input[@id=&amp;apos;additionalGuests&amp;apos;]}]
Capabilities {acceptInsecureCerts: false, browserName: chrome, browserVersion: 100.0.4896.88, chrome: {chromedriverVersion: 100.0.4896.60 (6a5d10861ce8..., userDataDir: C:\Users\Home\AppData\Local...}, goog:chromeOptions: {debuggerAddress: localhost:65427}, javascriptEnabled: true, networkConnectionEnabled: false, pageLoadStrategy: normal, platform: WINDOWS, platformName: WINDOWS, proxy: Proxy(), se:cdp: ws://localhost:65427/devtoo..., se:cdpVersion: 100.0.4896.88, setWindowRect: true, strictFileInteractability: false, timeouts: {implicit: 0, pageLoad: 300000, script: 30000}, unhandledPromptBehavior: dismiss and notify, webauthn:extension:credBlob: true, webauthn:extension:largeBlob: true, webauthn:virtualAuthenticators: true}
Session ID: 81789f5b357289554ae60fb65dd1c9c8">
      <![CDATA[org.openqa.selenium.NoSuchElementException: no such element: Unable to locate element: {"method":"xpath","selector":"//input[@id='additionalGuests']"}
  (Session info: chrome=100.0.4896.88)
For documentation on this error, please visit: https://selenium.dev/exceptions/#no_such_element
Build info: version: '4.1.2', revision: '9a5a329c5a'
System info: host: 'DESKTOP-PSP68KB', ip: '192.168.223.1', os.name: 'Windows 10', os.arch: 'amd64', os.version: '10.0', java.version: '1.8.0_301'
Driver info: org.openqa.selenium.chrome.ChromeDriver
Command: [81789f5b357289554ae60fb65dd1c9c8, findElement {using=xpath, value=//input[@id='additionalGuests']}]
Capabilities {acceptInsecureCerts: false, browserName: chrome, browserVersion: 100.0.4896.88, chrome: {chromedriverVersion: 100.0.4896.60 (6a5d10861ce8..., userDataDir: C:\Users\Home\AppData\Local...}, goog:chromeOptions: {debuggerAddress: localhost:65427}, javascriptEnabled: true, networkConnectionEnabled: false, pageLoadStrategy: normal, platform: WINDOWS, platformName: WINDOWS, proxy: Proxy(), se:cdp: ws://localhost:65427/devtoo..., se:cdpVersion: 100.0.4896.88, setWindowRect: true, strictFileInteractability: false, timeouts: {implicit: 0, pageLoad: 300000, script: 30000}, unhandledPromptBehavior: dismiss and notify, webauthn:extension:credBlob: true, webauthn:extension:largeBlob: true, webauthn:virtualAuthenticators: true}
Session ID: 81789f5b357289554ae60fb65dd1c9c8
at org.openqa.selenium.remote.codec.w3c.W3CHttpResponseCodec.createException(W3CHttpResponseCodec.java:200)
at org.openqa.selenium.remote.codec.w3c.W3CHttpResponseCodec.decode(W3CHttpResponseCodec.java:133)
at org.openqa.selenium.remote.codec.w3c.W3CHttpResponseCodec.decode(W3CHttpResponseCodec.java:53)
at org.openqa.selenium.remote.HttpCommandExecutor.execute(HttpCommandExecutor.java:184)
at org.openqa.selenium.remote.service.DriverCommandExecutor.invokeExecute(DriverCommandExecutor.java:167)
at org.openqa.selenium.remote.service.DriverCommandExecutor.execute(DriverCommandExecutor.java:142)
at org.openqa.selenium.remote.RemoteWebDriver.execute(RemoteWebDriver.java:558)
at org.openqa.selenium.remote.ElementLocation$ElementFinder$2.findElement(ElementLocation.java:162)
at org.openqa.selenium.remote.ElementLocation.findElement(ElementLocation.java:60)
at org.openqa.selenium.remote.RemoteWebDriver.findElement(RemoteWebDriver.java:382)
at org.openqa.selenium.remote.RemoteWebDriver.findElement(RemoteWebDriver.java:374)
at org.openqa.selenium.support.pagefactory.DefaultElementLocator.findElement(DefaultElementLocator.java:70)
at org.openqa.selenium.support.pagefactory.internal.LocatingElementHandler.invoke(LocatingElementHandler.java:39)
at com.sun.proxy.$Proxy15.isDisplayed(Unknown Source)
at com.Tour.qa.pages.EditReservationPage.guestFieldOnerrorpage(EditReservationPage.java:132)
at com.Tour.qa.testdata.EditReservationTest.GuestFieldOnErrorPage(EditReservationTest.java:179)
at java.util.ArrayList.forEach(ArrayList.java:1259)
... Removed 31 stack frames]]>
    </failure>
  </testcase> <!-- GuestFieldOnErrorPage -->
  <testcase name="validateTitle" time="0.013" classname="com.Tour.qa.testdata.ModifyCancelTest"/>
  <testcase name="validateBanner" time="0.056" classname="com.Tour.qa.testdata.ModifyCancelTest"/>
  <testcase name="validateMenu" time="0.043" classname="com.Tour.qa.testdata.ModifyCancelTest"/>
  <testcase name="validateName" time="0.036" classname="com.Tour.qa.testdata.ModifyCancelTest"/>
  <testcase name="validatePageH" time="0.035" classname="com.Tour.qa.testdata.ModifyCancelTest"/>
  <testcase name="validatelogout" time="1.202" classname="com.Tour.qa.testdata.ModifyCancelTest"/>
  <testcase name="checkReview" time="6.375" classname="com.Tour.qa.testdata.ModifyCancelTest"/>
  <testcase name="checkResend" time="7.452" classname="com.Tour.qa.testdata.ModifyCancelTest"/>
  <testcase name="checkModify" time="6.481" classname="com.Tour.qa.testdata.ModifyCancelTest"/>
  <testcase name="checkCancel" time="15.189" classname="com.Tour.qa.testdata.ModifyCancelTest"/>
  <testcase name="checkCanceltitle" time="10.182" classname="com.Tour.qa.testdata.ModifyCancelTest"/>
  <testcase name="checkCloseCancelwin" time="15.182" classname="com.Tour.qa.testdata.ModifyCancelTest"/>
  <testcase name="checkDeleteTour" time="30.714" classname="com.Tour.qa.testdata.ModifyCancelTest">
    <failure type="org.openqa.selenium.NoSuchElementException" message="no such element: Unable to locate element: {&amp;quot;method&amp;quot;:&amp;quot;xpath&amp;quot;,&amp;quot;selector&amp;quot;:&amp;quot;//td[contains(text(),&amp;apos;4519&amp;apos;)]&amp;quot;}
  (Session info: chrome=100.0.4896.88)
For documentation on this error, please visit: https://selenium.dev/exceptions/#no_such_element
Build info: version: &amp;apos;4.1.2&amp;apos;, revision: &amp;apos;9a5a329c5a&amp;apos;
System info: host: &amp;apos;DESKTOP-PSP68KB&amp;apos;, ip: &amp;apos;192.168.223.1&amp;apos;, os.name: &amp;apos;Windows 10&amp;apos;, os.arch: &amp;apos;amd64&amp;apos;, os.version: &amp;apos;10.0&amp;apos;, java.version: &amp;apos;1.8.0_301&amp;apos;
Driver info: org.openqa.selenium.chrome.ChromeDriver
Command: [af579b0228285861b03b70889e2b77b6, findElement {using=xpath, value=//td[contains(text(),&amp;apos;4519&amp;apos;)]}]
Capabilities {acceptInsecureCerts: false, browserName: chrome, browserVersion: 100.0.4896.88, chrome: {chromedriverVersion: 100.0.4896.60 (6a5d10861ce8..., userDataDir: C:\Users\Home\AppData\Local...}, goog:chromeOptions: {debuggerAddress: localhost:49467}, javascriptEnabled: true, networkConnectionEnabled: false, pageLoadStrategy: normal, platform: WINDOWS, platformName: WINDOWS, proxy: Proxy(), se:cdp: ws://localhost:49467/devtoo..., se:cdpVersion: 100.0.4896.88, setWindowRect: true, strictFileInteractability: false, timeouts: {implicit: 0, pageLoad: 300000, script: 30000}, unhandledPromptBehavior: dismiss and notify, webauthn:extension:credBlob: true, webauthn:extension:largeBlob: true, webauthn:virtualAuthenticators: true}
Session ID: af579b0228285861b03b70889e2b77b6">
      <![CDATA[org.openqa.selenium.NoSuchElementException: no such element: Unable to locate element: {"method":"xpath","selector":"//td[contains(text(),'4519')]"}
  (Session info: chrome=100.0.4896.88)
For documentation on this error, please visit: https://selenium.dev/exceptions/#no_such_element
Build info: version: '4.1.2', revision: '9a5a329c5a'
System info: host: 'DESKTOP-PSP68KB', ip: '192.168.223.1', os.name: 'Windows 10', os.arch: 'amd64', os.version: '10.0', java.version: '1.8.0_301'
Driver info: org.openqa.selenium.chrome.ChromeDriver
Command: [af579b0228285861b03b70889e2b77b6, findElement {using=xpath, value=//td[contains(text(),'4519')]}]
Capabilities {acceptInsecureCerts: false, browserName: chrome, browserVersion: 100.0.4896.88, chrome: {chromedriverVersion: 100.0.4896.60 (6a5d10861ce8..., userDataDir: C:\Users\Home\AppData\Local...}, goog:chromeOptions: {debuggerAddress: localhost:49467}, javascriptEnabled: true, networkConnectionEnabled: false, pageLoadStrategy: normal, platform: WINDOWS, platformName: WINDOWS, proxy: Proxy(), se:cdp: ws://localhost:49467/devtoo..., se:cdpVersion: 100.0.4896.88, setWindowRect: true, strictFileInteractability: false, timeouts: {implicit: 0, pageLoad: 300000, script: 30000}, unhandledPromptBehavior: dismiss and notify, webauthn:extension:credBlob: true, webauthn:extension:largeBlob: true, webauthn:virtualAuthenticators: true}
Session ID: af579b0228285861b03b70889e2b77b6
at org.openqa.selenium.remote.codec.w3c.W3CHttpResponseCodec.createException(W3CHttpResponseCodec.java:200)
at org.openqa.selenium.remote.codec.w3c.W3CHttpResponseCodec.decode(W3CHttpResponseCodec.java:133)
at org.openqa.selenium.remote.codec.w3c.W3CHttpResponseCodec.decode(W3CHttpResponseCodec.java:53)
at org.openqa.selenium.remote.HttpCommandExecutor.execute(HttpCommandExecutor.java:184)
at org.openqa.selenium.remote.service.DriverCommandExecutor.invokeExecute(DriverCommandExecutor.java:167)
at org.openqa.selenium.remote.service.DriverCommandExecutor.execute(DriverCommandExecutor.java:142)
at org.openqa.selenium.remote.RemoteWebDriver.execute(RemoteWebDriver.java:558)
at org.openqa.selenium.remote.ElementLocation$ElementFinder$2.findElement(ElementLocation.java:162)
at org.openqa.selenium.remote.ElementLocation.findElement(ElementLocation.java:60)
at org.openqa.selenium.remote.RemoteWebDriver.findElement(RemoteWebDriver.java:382)
at org.openqa.selenium.remote.RemoteWebDriver.findElement(RemoteWebDriver.java:374)
at com.Tour.qa.pages.ModifyCancelPage.CheckcDeleteTour(ModifyCancelPage.java:417)
at com.Tour.qa.testdata.ModifyCancelTest.checkDeleteTour(ModifyCancelTest.java:214)
at java.util.ArrayList.forEach(ArrayList.java:1259)
... Removed 31 stack frames]]>
    </failure>
  </testcase> <!-- checkDeleteTour -->
  <testcase name="date" time="10.055" classname="com.Tour.qa.testdata.ModifyCancelTest">
    <failure type="org.openqa.selenium.NoSuchElementException" message="no such element: Unable to locate element: {&amp;quot;method&amp;quot;:&amp;quot;xpath&amp;quot;,&amp;quot;selector&amp;quot;:&amp;quot;//tbody/tr[@id=&amp;apos;4519&amp;apos;]/td[2]&amp;quot;}
  (Session info: chrome=100.0.4896.88)
For documentation on this error, please visit: https://selenium.dev/exceptions/#no_such_element
Build info: version: &amp;apos;4.1.2&amp;apos;, revision: &amp;apos;9a5a329c5a&amp;apos;
System info: host: &amp;apos;DESKTOP-PSP68KB&amp;apos;, ip: &amp;apos;192.168.223.1&amp;apos;, os.name: &amp;apos;Windows 10&amp;apos;, os.arch: &amp;apos;amd64&amp;apos;, os.version: &amp;apos;10.0&amp;apos;, java.version: &amp;apos;1.8.0_301&amp;apos;
Driver info: org.openqa.selenium.chrome.ChromeDriver
Command: [f4219b2cd23e103b533270db6ada37a7, findElement {using=xpath, value=//tbody/tr[@id=&amp;apos;4519&amp;apos;]/td[2]}]
Capabilities {acceptInsecureCerts: false, browserName: chrome, browserVersion: 100.0.4896.88, chrome: {chromedriverVersion: 100.0.4896.60 (6a5d10861ce8..., userDataDir: C:\Users\Home\AppData\Local...}, goog:chromeOptions: {debuggerAddress: localhost:49503}, javascriptEnabled: true, networkConnectionEnabled: false, pageLoadStrategy: normal, platform: WINDOWS, platformName: WINDOWS, proxy: Proxy(), se:cdp: ws://localhost:49503/devtoo..., se:cdpVersion: 100.0.4896.88, setWindowRect: true, strictFileInteractability: false, timeouts: {implicit: 0, pageLoad: 300000, script: 30000}, unhandledPromptBehavior: dismiss and notify, webauthn:extension:credBlob: true, webauthn:extension:largeBlob: true, webauthn:virtualAuthenticators: true}
Session ID: f4219b2cd23e103b533270db6ada37a7">
      <![CDATA[org.openqa.selenium.NoSuchElementException: no such element: Unable to locate element: {"method":"xpath","selector":"//tbody/tr[@id='4519']/td[2]"}
  (Session info: chrome=100.0.4896.88)
For documentation on this error, please visit: https://selenium.dev/exceptions/#no_such_element
Build info: version: '4.1.2', revision: '9a5a329c5a'
System info: host: 'DESKTOP-PSP68KB', ip: '192.168.223.1', os.name: 'Windows 10', os.arch: 'amd64', os.version: '10.0', java.version: '1.8.0_301'
Driver info: org.openqa.selenium.chrome.ChromeDriver
Command: [f4219b2cd23e103b533270db6ada37a7, findElement {using=xpath, value=//tbody/tr[@id='4519']/td[2]}]
Capabilities {acceptInsecureCerts: false, browserName: chrome, browserVersion: 100.0.4896.88, chrome: {chromedriverVersion: 100.0.4896.60 (6a5d10861ce8..., userDataDir: C:\Users\Home\AppData\Local...}, goog:chromeOptions: {debuggerAddress: localhost:49503}, javascriptEnabled: true, networkConnectionEnabled: false, pageLoadStrategy: normal, platform: WINDOWS, platformName: WINDOWS, proxy: Proxy(), se:cdp: ws://localhost:49503/devtoo..., se:cdpVersion: 100.0.4896.88, setWindowRect: true, strictFileInteractability: false, timeouts: {implicit: 0, pageLoad: 300000, script: 30000}, unhandledPromptBehavior: dismiss and notify, webauthn:extension:credBlob: true, webauthn:extension:largeBlob: true, webauthn:virtualAuthenticators: true}
Session ID: f4219b2cd23e103b533270db6ada37a7
at org.openqa.selenium.remote.codec.w3c.W3CHttpResponseCodec.createException(W3CHttpResponseCodec.java:200)
at org.openqa.selenium.remote.codec.w3c.W3CHttpResponseCodec.decode(W3CHttpResponseCodec.java:133)
at org.openqa.selenium.remote.codec.w3c.W3CHttpResponseCodec.decode(W3CHttpResponseCodec.java:53)
at org.openqa.selenium.remote.HttpCommandExecutor.execute(HttpCommandExecutor.java:184)
at org.openqa.selenium.remote.service.DriverCommandExecutor.invokeExecute(DriverCommandExecutor.java:167)
at org.openqa.selenium.remote.service.DriverCommandExecutor.execute(DriverCommandExecutor.java:142)
at org.openqa.selenium.remote.RemoteWebDriver.execute(RemoteWebDriver.java:558)
at org.openqa.selenium.remote.ElementLocation$ElementFinder$2.findElement(ElementLocation.java:162)
at org.openqa.selenium.remote.ElementLocation.findElement(ElementLocation.java:60)
at org.openqa.selenium.remote.RemoteWebDriver.findElement(RemoteWebDriver.java:382)
at org.openqa.selenium.remote.RemoteWebDriver.findElement(RemoteWebDriver.java:374)
at com.Tour.qa.pages.ModifyCancelPage.checkDate(ModifyCancelPage.java:437)
at com.Tour.qa.testdata.ModifyCancelTest.date(ModifyCancelTest.java:226)
at java.util.ArrayList.forEach(ArrayList.java:1259)
... Removed 31 stack frames]]>
    </failure>
  </testcase> <!-- date -->
  <testcase name="printGroupSize" time="10.045" classname="com.Tour.qa.testdata.ModifyCancelTest">
    <failure type="org.openqa.selenium.NoSuchElementException" message="no such element: Unable to locate element: {&amp;quot;method&amp;quot;:&amp;quot;xpath&amp;quot;,&amp;quot;selector&amp;quot;:&amp;quot;//tbody/tr[@id=&amp;apos;4519&amp;apos;]/td[5]&amp;quot;}
  (Session info: chrome=100.0.4896.88)
For documentation on this error, please visit: https://selenium.dev/exceptions/#no_such_element
Build info: version: &amp;apos;4.1.2&amp;apos;, revision: &amp;apos;9a5a329c5a&amp;apos;
System info: host: &amp;apos;DESKTOP-PSP68KB&amp;apos;, ip: &amp;apos;192.168.223.1&amp;apos;, os.name: &amp;apos;Windows 10&amp;apos;, os.arch: &amp;apos;amd64&amp;apos;, os.version: &amp;apos;10.0&amp;apos;, java.version: &amp;apos;1.8.0_301&amp;apos;
Driver info: org.openqa.selenium.chrome.ChromeDriver
Command: [baf72f290204eaa2dc55a5d74b9fc0ea, findElement {using=xpath, value=//tbody/tr[@id=&amp;apos;4519&amp;apos;]/td[5]}]
Capabilities {acceptInsecureCerts: false, browserName: chrome, browserVersion: 100.0.4896.88, chrome: {chromedriverVersion: 100.0.4896.60 (6a5d10861ce8..., userDataDir: C:\Users\Home\AppData\Local...}, goog:chromeOptions: {debuggerAddress: localhost:49535}, javascriptEnabled: true, networkConnectionEnabled: false, pageLoadStrategy: normal, platform: WINDOWS, platformName: WINDOWS, proxy: Proxy(), se:cdp: ws://localhost:49535/devtoo..., se:cdpVersion: 100.0.4896.88, setWindowRect: true, strictFileInteractability: false, timeouts: {implicit: 0, pageLoad: 300000, script: 30000}, unhandledPromptBehavior: dismiss and notify, webauthn:extension:credBlob: true, webauthn:extension:largeBlob: true, webauthn:virtualAuthenticators: true}
Session ID: baf72f290204eaa2dc55a5d74b9fc0ea">
      <![CDATA[org.openqa.selenium.NoSuchElementException: no such element: Unable to locate element: {"method":"xpath","selector":"//tbody/tr[@id='4519']/td[5]"}
  (Session info: chrome=100.0.4896.88)
For documentation on this error, please visit: https://selenium.dev/exceptions/#no_such_element
Build info: version: '4.1.2', revision: '9a5a329c5a'
System info: host: 'DESKTOP-PSP68KB', ip: '192.168.223.1', os.name: 'Windows 10', os.arch: 'amd64', os.version: '10.0', java.version: '1.8.0_301'
Driver info: org.openqa.selenium.chrome.ChromeDriver
Command: [baf72f290204eaa2dc55a5d74b9fc0ea, findElement {using=xpath, value=//tbody/tr[@id='4519']/td[5]}]
Capabilities {acceptInsecureCerts: false, browserName: chrome, browserVersion: 100.0.4896.88, chrome: {chromedriverVersion: 100.0.4896.60 (6a5d10861ce8..., userDataDir: C:\Users\Home\AppData\Local...}, goog:chromeOptions: {debuggerAddress: localhost:49535}, javascriptEnabled: true, networkConnectionEnabled: false, pageLoadStrategy: normal, platform: WINDOWS, platformName: WINDOWS, proxy: Proxy(), se:cdp: ws://localhost:49535/devtoo..., se:cdpVersion: 100.0.4896.88, setWindowRect: true, strictFileInteractability: false, timeouts: {implicit: 0, pageLoad: 300000, script: 30000}, unhandledPromptBehavior: dismiss and notify, webauthn:extension:credBlob: true, webauthn:extension:largeBlob: true, webauthn:virtualAuthenticators: true}
Session ID: baf72f290204eaa2dc55a5d74b9fc0ea
at org.openqa.selenium.remote.codec.w3c.W3CHttpResponseCodec.createException(W3CHttpResponseCodec.java:200)
at org.openqa.selenium.remote.codec.w3c.W3CHttpResponseCodec.decode(W3CHttpResponseCodec.java:133)
at org.openqa.selenium.remote.codec.w3c.W3CHttpResponseCodec.decode(W3CHttpResponseCodec.java:53)
at org.openqa.selenium.remote.HttpCommandExecutor.execute(HttpCommandExecutor.java:184)
at org.openqa.selenium.remote.service.DriverCommandExecutor.invokeExecute(DriverCommandExecutor.java:167)
at org.openqa.selenium.remote.service.DriverCommandExecutor.execute(DriverCommandExecutor.java:142)
at org.openqa.selenium.remote.RemoteWebDriver.execute(RemoteWebDriver.java:558)
at org.openqa.selenium.remote.ElementLocation$ElementFinder$2.findElement(ElementLocation.java:162)
at org.openqa.selenium.remote.ElementLocation.findElement(ElementLocation.java:60)
at org.openqa.selenium.remote.RemoteWebDriver.findElement(RemoteWebDriver.java:382)
at org.openqa.selenium.remote.RemoteWebDriver.findElement(RemoteWebDriver.java:374)
at com.Tour.qa.pages.ModifyCancelPage.returnGroupSize(ModifyCancelPage.java:250)
at com.Tour.qa.testdata.ModifyCancelTest.printGroupSize(ModifyCancelTest.java:238)
at java.util.ArrayList.forEach(ArrayList.java:1259)
... Removed 31 stack frames]]>
    </failure>
  </testcase> <!-- printGroupSize -->
  <testcase name="totalNumbersOfTable" time="2.048" classname="com.Tour.qa.testdata.ModifyCancelTest"/>
  <testcase name="PurchaceTicket" time="49.837" classname="com.Tour.qa.testdata.ModifyCancelTest"/>
  <testcase name="validateTitle" time="0.0" classname="com.Tour.qa.testdata.PaymentPageTest">
    <skipped/>
  </testcase> <!-- validateTitle -->
  <testcase name="validateQuantityTest" time="0.0" classname="com.Tour.qa.testdata.PaymentPageTest">
    <skipped/>
  </testcase> <!-- validateQuantityTest -->
  <testcase name="validateUnit" time="0.0" classname="com.Tour.qa.testdata.PaymentPageTest">
    <skipped/>
  </testcase> <!-- validateUnit -->
  <testcase name="validateTax" time="0.0" classname="com.Tour.qa.testdata.PaymentPageTest">
    <skipped/>
  </testcase> <!-- validateTax -->
  <testcase name="validatePrice" time="0.0" classname="com.Tour.qa.testdata.PaymentPageTest">
    <skipped/>
  </testcase> <!-- validatePrice -->
  <testcase name="validateTotal" time="0.0" classname="com.Tour.qa.testdata.PaymentPageTest">
    <skipped/>
  </testcase> <!-- validateTotal -->
  <testcase name="validatePayment" time="0.0" classname="com.Tour.qa.testdata.PaymentPageTest">
    <skipped/>
  </testcase> <!-- validatePayment -->
  <testcase name="validatePaymentwithemptyInput" time="0.0" classname="com.Tour.qa.testdata.PaymentPageTest">
    <skipped/>
  </testcase> <!-- validatePaymentwithemptyInput -->
  <testcase name="validatePaymentwithinvalidInput" time="0.0" classname="com.Tour.qa.testdata.PaymentPageTest">
    <skipped/>
  </testcase> <!-- validatePaymentwithinvalidInput -->
  <testcase name="ValidateBankLink" time="0.0" classname="com.Tour.qa.testdata.PaymentPageTest">
    <skipped/>
  </testcase> <!-- ValidateBankLink -->
  <testcase name="validateTitle" time="0.056" classname="com.Tour.qa.testdata.PlanYourVisitText"/>
  <testcase name="validateGetPaidDirectionButton" time="0.049" classname="com.Tour.qa.testdata.PlanYourVisitText"/>
  <testcase name="validateGetGoogleDirectionButton" time="0.049" classname="com.Tour.qa.testdata.PlanYourVisitText"/>
  <testcase name="validateTitle" time="0.0" classname="com.Tour.qa.testdata.PrintTicketTest">
    <skipped/>
  </testcase> <!-- validateTitle -->
  <testcase name="validateBanner" time="0.0" classname="com.Tour.qa.testdata.PrintTicketTest">
    <skipped/>
  </testcase> <!-- validateBanner -->
  <testcase name="validatemenu" time="0.0" classname="com.Tour.qa.testdata.PrintTicketTest">
    <skipped/>
  </testcase> <!-- validatemenu -->
  <testcase name="validatechooseTour" time="0.0" classname="com.Tour.qa.testdata.PrintTicketTest">
    <skipped/>
  </testcase> <!-- validatechooseTour -->
  <testcase name="validateRegistration" time="0.0" classname="com.Tour.qa.testdata.PrintTicketTest">
    <skipped/>
  </testcase> <!-- validateRegistration -->
  <testcase name="validatechooseDate" time="0.0" classname="com.Tour.qa.testdata.PrintTicketTest">
    <skipped/>
  </testcase> <!-- validatechooseDate -->
  <testcase name="validateconfirm" time="0.0" classname="com.Tour.qa.testdata.PrintTicketTest">
    <skipped/>
  </testcase> <!-- validateconfirm -->
  <testcase name="tick1" time="0.0" classname="com.Tour.qa.testdata.PrintTicketTest">
    <skipped/>
  </testcase> <!-- tick1 -->
  <testcase name="tick2" time="0.0" classname="com.Tour.qa.testdata.PrintTicketTest">
    <skipped/>
  </testcase> <!-- tick2 -->
  <testcase name="printTicketmenu" time="0.0" classname="com.Tour.qa.testdata.PrintTicketTest">
    <skipped/>
  </testcase> <!-- printTicketmenu -->
  <testcase name="printTicket" time="0.0" classname="com.Tour.qa.testdata.PrintTicketTest">
    <skipped/>
  </testcase> <!-- printTicket -->
  <testcase name="validatePageHeading1" time="0.0" classname="com.Tour.qa.testdata.PrintTicketTest">
    <skipped/>
  </testcase> <!-- validatePageHeading1 -->
  <testcase name="validatePageHeading2" time="0.0" classname="com.Tour.qa.testdata.PrintTicketTest">
    <skipped/>
  </testcase> <!-- validatePageHeading2 -->
  <testcase name="validateOriginal" time="0.0" classname="com.Tour.qa.testdata.PrintTicketTest">
    <skipped/>
  </testcase> <!-- validateOriginal -->
  <testcase name="validatePlanVisit" time="0.0" classname="com.Tour.qa.testdata.PrintTicketTest">
    <skipped/>
  </testcase> <!-- validatePlanVisit -->
  <testcase name="validatemailto" time="0.0" classname="com.Tour.qa.testdata.PrintTicketTest">
    <skipped/>
  </testcase> <!-- validatemailto -->
  <testcase name="validateheading1" time="0.0" classname="com.Tour.qa.testdata.PrintTicketTest">
    <skipped/>
  </testcase> <!-- validateheading1 -->
  <testcase name="validateheading2" time="0.0" classname="com.Tour.qa.testdata.PrintTicketTest">
    <skipped/>
  </testcase> <!-- validateheading2 -->
  <testcase name="validateheading3" time="0.0" classname="com.Tour.qa.testdata.PrintTicketTest">
    <skipped/>
  </testcase> <!-- validateheading3 -->
  <testcase name="validateheading4" time="0.0" classname="com.Tour.qa.testdata.PrintTicketTest">
    <skipped/>
  </testcase> <!-- validateheading4 -->
  <testcase name="validatedate" time="0.0" classname="com.Tour.qa.testdata.PrintTicketTest">
    <skipped/>
  </testcase> <!-- validatedate -->
  <testcase name="validatelinkquestion" time="0.0" classname="com.Tour.qa.testdata.PrintTicketTest">
    <skipped/>
  </testcase> <!-- validatelinkquestion -->
  <testcase name="validatecardHolderName" time="0.0" classname="com.Tour.qa.testdata.PrintTicketTest">
    <skipped/>
  </testcase> <!-- validatecardHolderName -->
  <testcase name="validatecardnum" time="0.0" classname="com.Tour.qa.testdata.PrintTicketTest">
    <skipped/>
  </testcase> <!-- validatecardnum -->
  <testcase name="CheckFillData" time="0.0" classname="com.Tour.qa.testdata.RegistrationTest">
    <skipped/>
  </testcase> <!-- CheckFillData -->
  <testcase name="CheckInvalidEmail" time="0.0" classname="com.Tour.qa.testdata.RegistrationTest">
    <skipped/>
  </testcase> <!-- CheckInvalidEmail -->
  <testcase name="CheckduplicateEmail" time="0.0" classname="com.Tour.qa.testdata.RegistrationTest">
    <skipped/>
  </testcase> <!-- CheckduplicateEmail -->
  <testcase name="CheckinvalidData" time="0.0" classname="com.Tour.qa.testdata.RegistrationTest">
    <skipped/>
  </testcase> <!-- CheckinvalidData -->
  <testcase name="emptyFormtTest" time="0.0" classname="com.Tour.qa.testdata.RegistrationTest">
    <skipped/>
  </testcase> <!-- emptyFormtTest -->
  <testcase name="invalidPasswordTest" time="0.0" classname="com.Tour.qa.testdata.RegistrationTest">
    <skipped/>
  </testcase> <!-- invalidPasswordTest -->
  <testcase name="invalidZipCodeTest" time="0.0" classname="com.Tour.qa.testdata.RegistrationTest">
    <skipped/>
  </testcase> <!-- invalidZipCodeTest -->
  <testcase name="textcharacterinMobe" time="0.0" classname="com.Tour.qa.testdata.RegistrationTest">
    <skipped/>
  </testcase> <!-- textcharacterinMobe -->
  <testcase name="TestLessDigitinMob" time="0.0" classname="com.Tour.qa.testdata.RegistrationTest">
    <skipped/>
  </testcase> <!-- TestLessDigitinMob -->
  <testcase name="TestpwwithInt" time="0.0" classname="com.Tour.qa.testdata.RegistrationTest">
    <skipped/>
  </testcase> <!-- TestpwwithInt -->
  <testcase name="testPWwithString" time="0.0" classname="com.Tour.qa.testdata.RegistrationTest">
    <skipped/>
  </testcase> <!-- testPWwithString -->
  <testcase name="checkFname" time="0.0" classname="com.Tour.qa.testdata.RegistrationTest">
    <skipped/>
  </testcase> <!-- checkFname -->
  <testcase name="checkLname" time="0.0" classname="com.Tour.qa.testdata.RegistrationTest">
    <skipped/>
  </testcase> <!-- checkLname -->
  <testcase name="checkEmailnotMatch" time="0.0" classname="com.Tour.qa.testdata.RegistrationTest">
    <skipped/>
  </testcase> <!-- checkEmailnotMatch -->
  <testcase name="checkPWnotMatch" time="0.0" classname="com.Tour.qa.testdata.RegistrationTest">
    <skipped/>
  </testcase> <!-- checkPWnotMatch -->
  <testcase name="checkMandatoryFields" time="0.0" classname="com.Tour.qa.testdata.RegistrationTest">
    <skipped/>
  </testcase> <!-- checkMandatoryFields -->
  <testcase name="vehiclesinvalidgTest" time="0.0" classname="com.Tour.qa.testdata.RegistrationTest">
    <skipped/>
  </testcase> <!-- vehiclesinvalidgTest -->
  <testcase name="checkGroupSizeToString" time="0.0" classname="com.Tour.qa.testdata.RegistrationTest">
    <skipped/>
  </testcase> <!-- checkGroupSizeToString -->
  <testcase name="HomePageTitleTest" time="0.0" classname="com.Tour.qa.testdata.RegistrationTest">
    <skipped/>
  </testcase> <!-- HomePageTitleTest -->
  <testcase name="CheckBanner" time="0.0" classname="com.Tour.qa.testdata.RegistrationTest">
    <skipped/>
  </testcase> <!-- CheckBanner -->
  <testcase name="validateGroupText1" time="0.0" classname="com.Tour.qa.testdata.RegistrationTest">
    <skipped/>
  </testcase> <!-- validateGroupText1 -->
  <testcase name="validateGroupSize" time="0.0" classname="com.Tour.qa.testdata.RegistrationTest">
    <skipped/>
  </testcase> <!-- validateGroupSize -->
  <testcase name="validateChoosFromMenu" time="0.0" classname="com.Tour.qa.testdata.RegistrationTest">
    <skipped/>
  </testcase> <!-- validateChoosFromMenu -->
  <testcase name="validateChoosDate" time="0.0" classname="com.Tour.qa.testdata.RegistrationTest">
    <skipped/>
  </testcase> <!-- validateChoosDate -->
  <testcase name="HeadingValidate1" time="0.0" classname="com.Tour.qa.testdata.RegistrationTest">
    <skipped/>
  </testcase> <!-- HeadingValidate1 -->
  <testcase name="validateLoginButton" time="0.0" classname="com.Tour.qa.testdata.RegistrationTest">
    <skipped/>
  </testcase> <!-- validateLoginButton -->
  <testcase name="validateForgot" time="0.0" classname="com.Tour.qa.testdata.RegistrationTest">
    <skipped/>
  </testcase> <!-- validateForgot -->
  <testcase name="ValidateHeading2" time="0.0" classname="com.Tour.qa.testdata.RegistrationTest">
    <skipped/>
  </testcase> <!-- ValidateHeading2 -->
  <testcase name="ValidateHeading3" time="0.0" classname="com.Tour.qa.testdata.RegistrationTest">
    <skipped/>
  </testcase> <!-- ValidateHeading3 -->
  <testcase name="ValidateHeading4" time="0.0" classname="com.Tour.qa.testdata.RegistrationTest">
    <skipped/>
  </testcase> <!-- ValidateHeading4 -->
  <testcase name="ValidateHeading5" time="0.0" classname="com.Tour.qa.testdata.RegistrationTest">
    <skipped/>
  </testcase> <!-- ValidateHeading5 -->
  <testcase name="validateService" time="0.0" classname="com.Tour.qa.testdata.RegistrationTest">
    <skipped/>
  </testcase> <!-- validateService -->
  <testcase name="validateeModifyButt" time="0.0" classname="com.Tour.qa.testdata.ReservationOverviewTest">
    <skipped/>
  </testcase> <!-- validateeModifyButt -->
  <testcase name="validateConfirmButtonLable" time="0.0" classname="com.Tour.qa.testdata.ReservationOverviewTest">
    <skipped/>
  </testcase> <!-- validateConfirmButtonLable -->
  <testcase name="checkSpecialNeed" time="0.0" classname="com.Tour.qa.testdata.ReservationOverviewTest">
    <skipped/>
  </testcase> <!-- checkSpecialNeed -->
  <testcase name="validateGroupName" time="0.0" classname="com.Tour.qa.testdata.ReservationOverviewTest">
    <skipped/>
  </testcase> <!-- validateGroupName -->
  <testcase name="validatePageH" time="0.0" classname="com.Tour.qa.testdata.ReservationOverviewTest">
    <skipped/>
  </testcase> <!-- validatePageH -->
  <testcase name="validateConfirmButt" time="0.0" classname="com.Tour.qa.testdata.ReservationOverviewTest">
    <skipped/>
  </testcase> <!-- validateConfirmButt -->
  <testcase name="vaildateCancleButt" time="0.0" classname="com.Tour.qa.testdata.ReservationOverviewTest">
    <skipped/>
  </testcase> <!-- vaildateCancleButt -->
  <testcase name="validatePageHeading" time="0.036" classname="com.Tour.qa.testdata.FaqPageTest"/>
  <testcase name="validateQuestions" time="0.056" classname="com.Tour.qa.testdata.FaqPageTest"/>
  <testcase name="loginPageTitleTest" time="0.038" classname="com.Tour.qa.testdata.ForgotPasswordTest"/>
  <testcase name="ValidateResetPWWithValidEmail" time="12.692" classname="com.Tour.qa.testdata.ForgotPasswordTest">
    <failure type="org.openqa.selenium.NoSuchElementException" message="no such element: Unable to locate element: {&amp;quot;method&amp;quot;:&amp;quot;xpath&amp;quot;,&amp;quot;selector&amp;quot;:&amp;quot;//h1[contains(text(),&amp;apos;Need To Reset Your Password?&amp;apos;)]&amp;quot;}
  (Session info: chrome=100.0.4896.88)
For documentation on this error, please visit: https://selenium.dev/exceptions/#no_such_element
Build info: version: &amp;apos;4.1.2&amp;apos;, revision: &amp;apos;9a5a329c5a&amp;apos;
System info: host: &amp;apos;DESKTOP-PSP68KB&amp;apos;, ip: &amp;apos;192.168.223.1&amp;apos;, os.name: &amp;apos;Windows 10&amp;apos;, os.arch: &amp;apos;amd64&amp;apos;, os.version: &amp;apos;10.0&amp;apos;, java.version: &amp;apos;1.8.0_301&amp;apos;
Driver info: org.openqa.selenium.chrome.ChromeDriver
Command: [283b413fd71217c741e4bb2382f5bf1c, findElement {using=xpath, value=//h1[contains(text(),&amp;apos;Need To Reset Your Password?&amp;apos;)]}]
Capabilities {acceptInsecureCerts: false, browserName: chrome, browserVersion: 100.0.4896.88, chrome: {chromedriverVersion: 100.0.4896.60 (6a5d10861ce8..., userDataDir: C:\Users\Home\AppData\Local...}, goog:chromeOptions: {debuggerAddress: localhost:50007}, javascriptEnabled: true, networkConnectionEnabled: false, pageLoadStrategy: normal, platform: WINDOWS, platformName: WINDOWS, proxy: Proxy(), se:cdp: ws://localhost:50007/devtoo..., se:cdpVersion: 100.0.4896.88, setWindowRect: true, strictFileInteractability: false, timeouts: {implicit: 0, pageLoad: 300000, script: 30000}, unhandledPromptBehavior: dismiss and notify, webauthn:extension:credBlob: true, webauthn:extension:largeBlob: true, webauthn:virtualAuthenticators: true}
Session ID: 283b413fd71217c741e4bb2382f5bf1c">
      <![CDATA[org.openqa.selenium.NoSuchElementException: no such element: Unable to locate element: {"method":"xpath","selector":"//h1[contains(text(),'Need To Reset Your Password?')]"}
  (Session info: chrome=100.0.4896.88)
For documentation on this error, please visit: https://selenium.dev/exceptions/#no_such_element
Build info: version: '4.1.2', revision: '9a5a329c5a'
System info: host: 'DESKTOP-PSP68KB', ip: '192.168.223.1', os.name: 'Windows 10', os.arch: 'amd64', os.version: '10.0', java.version: '1.8.0_301'
Driver info: org.openqa.selenium.chrome.ChromeDriver
Command: [283b413fd71217c741e4bb2382f5bf1c, findElement {using=xpath, value=//h1[contains(text(),'Need To Reset Your Password?')]}]
Capabilities {acceptInsecureCerts: false, browserName: chrome, browserVersion: 100.0.4896.88, chrome: {chromedriverVersion: 100.0.4896.60 (6a5d10861ce8..., userDataDir: C:\Users\Home\AppData\Local...}, goog:chromeOptions: {debuggerAddress: localhost:50007}, javascriptEnabled: true, networkConnectionEnabled: false, pageLoadStrategy: normal, platform: WINDOWS, platformName: WINDOWS, proxy: Proxy(), se:cdp: ws://localhost:50007/devtoo..., se:cdpVersion: 100.0.4896.88, setWindowRect: true, strictFileInteractability: false, timeouts: {implicit: 0, pageLoad: 300000, script: 30000}, unhandledPromptBehavior: dismiss and notify, webauthn:extension:credBlob: true, webauthn:extension:largeBlob: true, webauthn:virtualAuthenticators: true}
Session ID: 283b413fd71217c741e4bb2382f5bf1c
at org.openqa.selenium.remote.codec.w3c.W3CHttpResponseCodec.createException(W3CHttpResponseCodec.java:200)
at org.openqa.selenium.remote.codec.w3c.W3CHttpResponseCodec.decode(W3CHttpResponseCodec.java:133)
at org.openqa.selenium.remote.codec.w3c.W3CHttpResponseCodec.decode(W3CHttpResponseCodec.java:53)
at org.openqa.selenium.remote.HttpCommandExecutor.execute(HttpCommandExecutor.java:184)
at org.openqa.selenium.remote.service.DriverCommandExecutor.invokeExecute(DriverCommandExecutor.java:167)
at org.openqa.selenium.remote.service.DriverCommandExecutor.execute(DriverCommandExecutor.java:142)
at org.openqa.selenium.remote.RemoteWebDriver.execute(RemoteWebDriver.java:558)
at org.openqa.selenium.remote.ElementLocation$ElementFinder$2.findElement(ElementLocation.java:162)
at org.openqa.selenium.remote.ElementLocation.findElement(ElementLocation.java:60)
at org.openqa.selenium.remote.RemoteWebDriver.findElement(RemoteWebDriver.java:382)
at org.openqa.selenium.remote.RemoteWebDriver.findElement(RemoteWebDriver.java:374)
at org.openqa.selenium.support.pagefactory.DefaultElementLocator.findElement(DefaultElementLocator.java:70)
at org.openqa.selenium.support.pagefactory.internal.LocatingElementHandler.invoke(LocatingElementHandler.java:39)
at com.sun.proxy.$Proxy15.isDisplayed(Unknown Source)
at com.Tour.qa.pages.ForgotPassword.ValidateResetPWWithValidEmail(ForgotPassword.java:71)
at com.Tour.qa.testdata.ForgotPasswordTest.ValidateResetPWWithValidEmail(ForgotPasswordTest.java:58)
at java.util.ArrayList.forEach(ArrayList.java:1259)
... Removed 31 stack frames]]>
    </failure>
  </testcase> <!-- ValidateResetPWWithValidEmail -->
  <testcase name="ValidateResetPWWithInValidEmail" time="11.649" classname="com.Tour.qa.testdata.ForgotPasswordTest">
    <failure type="org.openqa.selenium.NoSuchElementException" message="no such element: Unable to locate element: {&amp;quot;method&amp;quot;:&amp;quot;xpath&amp;quot;,&amp;quot;selector&amp;quot;:&amp;quot;//span[contains(text(),&amp;apos;Please enter a valid email.&amp;apos;)]&amp;quot;}
  (Session info: chrome=100.0.4896.88)
For documentation on this error, please visit: https://selenium.dev/exceptions/#no_such_element
Build info: version: &amp;apos;4.1.2&amp;apos;, revision: &amp;apos;9a5a329c5a&amp;apos;
System info: host: &amp;apos;DESKTOP-PSP68KB&amp;apos;, ip: &amp;apos;192.168.223.1&amp;apos;, os.name: &amp;apos;Windows 10&amp;apos;, os.arch: &amp;apos;amd64&amp;apos;, os.version: &amp;apos;10.0&amp;apos;, java.version: &amp;apos;1.8.0_301&amp;apos;
Driver info: org.openqa.selenium.chrome.ChromeDriver
Command: [b8efea0026a7da76e4c5f871ea3efa8b, findElement {using=xpath, value=//span[contains(text(),&amp;apos;Please enter a valid email.&amp;apos;)]}]
Capabilities {acceptInsecureCerts: false, browserName: chrome, browserVersion: 100.0.4896.88, chrome: {chromedriverVersion: 100.0.4896.60 (6a5d10861ce8..., userDataDir: C:\Users\Home\AppData\Local...}, goog:chromeOptions: {debuggerAddress: localhost:50038}, javascriptEnabled: true, networkConnectionEnabled: false, pageLoadStrategy: normal, platform: WINDOWS, platformName: WINDOWS, proxy: Proxy(), se:cdp: ws://localhost:50038/devtoo..., se:cdpVersion: 100.0.4896.88, setWindowRect: true, strictFileInteractability: false, timeouts: {implicit: 0, pageLoad: 300000, script: 30000}, unhandledPromptBehavior: dismiss and notify, webauthn:extension:credBlob: true, webauthn:extension:largeBlob: true, webauthn:virtualAuthenticators: true}
Session ID: b8efea0026a7da76e4c5f871ea3efa8b">
      <![CDATA[org.openqa.selenium.NoSuchElementException: no such element: Unable to locate element: {"method":"xpath","selector":"//span[contains(text(),'Please enter a valid email.')]"}
  (Session info: chrome=100.0.4896.88)
For documentation on this error, please visit: https://selenium.dev/exceptions/#no_such_element
Build info: version: '4.1.2', revision: '9a5a329c5a'
System info: host: 'DESKTOP-PSP68KB', ip: '192.168.223.1', os.name: 'Windows 10', os.arch: 'amd64', os.version: '10.0', java.version: '1.8.0_301'
Driver info: org.openqa.selenium.chrome.ChromeDriver
Command: [b8efea0026a7da76e4c5f871ea3efa8b, findElement {using=xpath, value=//span[contains(text(),'Please enter a valid email.')]}]
Capabilities {acceptInsecureCerts: false, browserName: chrome, browserVersion: 100.0.4896.88, chrome: {chromedriverVersion: 100.0.4896.60 (6a5d10861ce8..., userDataDir: C:\Users\Home\AppData\Local...}, goog:chromeOptions: {debuggerAddress: localhost:50038}, javascriptEnabled: true, networkConnectionEnabled: false, pageLoadStrategy: normal, platform: WINDOWS, platformName: WINDOWS, proxy: Proxy(), se:cdp: ws://localhost:50038/devtoo..., se:cdpVersion: 100.0.4896.88, setWindowRect: true, strictFileInteractability: false, timeouts: {implicit: 0, pageLoad: 300000, script: 30000}, unhandledPromptBehavior: dismiss and notify, webauthn:extension:credBlob: true, webauthn:extension:largeBlob: true, webauthn:virtualAuthenticators: true}
Session ID: b8efea0026a7da76e4c5f871ea3efa8b
at org.openqa.selenium.remote.codec.w3c.W3CHttpResponseCodec.createException(W3CHttpResponseCodec.java:200)
at org.openqa.selenium.remote.codec.w3c.W3CHttpResponseCodec.decode(W3CHttpResponseCodec.java:133)
at org.openqa.selenium.remote.codec.w3c.W3CHttpResponseCodec.decode(W3CHttpResponseCodec.java:53)
at org.openqa.selenium.remote.HttpCommandExecutor.execute(HttpCommandExecutor.java:184)
at org.openqa.selenium.remote.service.DriverCommandExecutor.invokeExecute(DriverCommandExecutor.java:167)
at org.openqa.selenium.remote.service.DriverCommandExecutor.execute(DriverCommandExecutor.java:142)
at org.openqa.selenium.remote.RemoteWebDriver.execute(RemoteWebDriver.java:558)
at org.openqa.selenium.remote.ElementLocation$ElementFinder$2.findElement(ElementLocation.java:162)
at org.openqa.selenium.remote.ElementLocation.findElement(ElementLocation.java:60)
at org.openqa.selenium.remote.RemoteWebDriver.findElement(RemoteWebDriver.java:382)
at org.openqa.selenium.remote.RemoteWebDriver.findElement(RemoteWebDriver.java:374)
at org.openqa.selenium.support.pagefactory.DefaultElementLocator.findElement(DefaultElementLocator.java:70)
at org.openqa.selenium.support.pagefactory.internal.LocatingElementHandler.invoke(LocatingElementHandler.java:39)
at com.sun.proxy.$Proxy15.isDisplayed(Unknown Source)
at com.Tour.qa.pages.ForgotPassword.ValidateResetPWWithInValidEmail(ForgotPassword.java:81)
at com.Tour.qa.testdata.ForgotPasswordTest.ValidateResetPWWithInValidEmail(ForgotPasswordTest.java:67)
at java.util.ArrayList.forEach(ArrayList.java:1259)
... Removed 31 stack frames]]>
    </failure>
  </testcase> <!-- ValidateResetPWWithInValidEmail -->
  <testcase name="validateeHomelink" time="0.713" classname="com.Tour.qa.testdata.HeaderFooterTest"/>
  <testcase name="validateePurchacelink" time="1.143" classname="com.Tour.qa.testdata.HeaderFooterTest"/>
  <testcase name="validateePlanvisitlink" time="1.182" classname="com.Tour.qa.testdata.HeaderFooterTest"/>
  <testcase name="validateeMOdifylink" time="1.062" classname="com.Tour.qa.testdata.HeaderFooterTest"/>
  <testcase name="validateResendlink" time="11.695" classname="com.Tour.qa.testdata.HeaderFooterTest">
    <failure type="org.openqa.selenium.NoSuchElementException" message="no such element: Unable to locate element: {&amp;quot;method&amp;quot;:&amp;quot;xpath&amp;quot;,&amp;quot;selector&amp;quot;:&amp;quot;//h1[contains(text(),&amp;apos;Confirmation Sent!&amp;apos;)]&amp;quot;}
  (Session info: chrome=100.0.4896.88)
For documentation on this error, please visit: https://selenium.dev/exceptions/#no_such_element
Build info: version: &amp;apos;4.1.2&amp;apos;, revision: &amp;apos;9a5a329c5a&amp;apos;
System info: host: &amp;apos;DESKTOP-PSP68KB&amp;apos;, ip: &amp;apos;192.168.223.1&amp;apos;, os.name: &amp;apos;Windows 10&amp;apos;, os.arch: &amp;apos;amd64&amp;apos;, os.version: &amp;apos;10.0&amp;apos;, java.version: &amp;apos;1.8.0_301&amp;apos;
Driver info: org.openqa.selenium.chrome.ChromeDriver
Command: [6d7acfe099883480ec27a66e620610ca, findElement {using=xpath, value=//h1[contains(text(),&amp;apos;Confirmation Sent!&amp;apos;)]}]
Capabilities {acceptInsecureCerts: false, browserName: chrome, browserVersion: 100.0.4896.88, chrome: {chromedriverVersion: 100.0.4896.60 (6a5d10861ce8..., userDataDir: C:\Users\Home\AppData\Local...}, goog:chromeOptions: {debuggerAddress: localhost:50186}, javascriptEnabled: true, networkConnectionEnabled: false, pageLoadStrategy: normal, platform: WINDOWS, platformName: WINDOWS, proxy: Proxy(), se:cdp: ws://localhost:50186/devtoo..., se:cdpVersion: 100.0.4896.88, setWindowRect: true, strictFileInteractability: false, timeouts: {implicit: 0, pageLoad: 300000, script: 30000}, unhandledPromptBehavior: dismiss and notify, webauthn:extension:credBlob: true, webauthn:extension:largeBlob: true, webauthn:virtualAuthenticators: true}
Session ID: 6d7acfe099883480ec27a66e620610ca">
      <![CDATA[org.openqa.selenium.NoSuchElementException: no such element: Unable to locate element: {"method":"xpath","selector":"//h1[contains(text(),'Confirmation Sent!')]"}
  (Session info: chrome=100.0.4896.88)
For documentation on this error, please visit: https://selenium.dev/exceptions/#no_such_element
Build info: version: '4.1.2', revision: '9a5a329c5a'
System info: host: 'DESKTOP-PSP68KB', ip: '192.168.223.1', os.name: 'Windows 10', os.arch: 'amd64', os.version: '10.0', java.version: '1.8.0_301'
Driver info: org.openqa.selenium.chrome.ChromeDriver
Command: [6d7acfe099883480ec27a66e620610ca, findElement {using=xpath, value=//h1[contains(text(),'Confirmation Sent!')]}]
Capabilities {acceptInsecureCerts: false, browserName: chrome, browserVersion: 100.0.4896.88, chrome: {chromedriverVersion: 100.0.4896.60 (6a5d10861ce8..., userDataDir: C:\Users\Home\AppData\Local...}, goog:chromeOptions: {debuggerAddress: localhost:50186}, javascriptEnabled: true, networkConnectionEnabled: false, pageLoadStrategy: normal, platform: WINDOWS, platformName: WINDOWS, proxy: Proxy(), se:cdp: ws://localhost:50186/devtoo..., se:cdpVersion: 100.0.4896.88, setWindowRect: true, strictFileInteractability: false, timeouts: {implicit: 0, pageLoad: 300000, script: 30000}, unhandledPromptBehavior: dismiss and notify, webauthn:extension:credBlob: true, webauthn:extension:largeBlob: true, webauthn:virtualAuthenticators: true}
Session ID: 6d7acfe099883480ec27a66e620610ca
at org.openqa.selenium.remote.codec.w3c.W3CHttpResponseCodec.createException(W3CHttpResponseCodec.java:200)
at org.openqa.selenium.remote.codec.w3c.W3CHttpResponseCodec.decode(W3CHttpResponseCodec.java:133)
at org.openqa.selenium.remote.codec.w3c.W3CHttpResponseCodec.decode(W3CHttpResponseCodec.java:53)
at org.openqa.selenium.remote.HttpCommandExecutor.execute(HttpCommandExecutor.java:184)
at org.openqa.selenium.remote.service.DriverCommandExecutor.invokeExecute(DriverCommandExecutor.java:167)
at org.openqa.selenium.remote.service.DriverCommandExecutor.execute(DriverCommandExecutor.java:142)
at org.openqa.selenium.remote.RemoteWebDriver.execute(RemoteWebDriver.java:558)
at org.openqa.selenium.remote.ElementLocation$ElementFinder$2.findElement(ElementLocation.java:162)
at org.openqa.selenium.remote.ElementLocation.findElement(ElementLocation.java:60)
at org.openqa.selenium.remote.RemoteWebDriver.findElement(RemoteWebDriver.java:382)
at org.openqa.selenium.remote.RemoteWebDriver.findElement(RemoteWebDriver.java:374)
at org.openqa.selenium.support.pagefactory.DefaultElementLocator.findElement(DefaultElementLocator.java:70)
at org.openqa.selenium.support.pagefactory.internal.LocatingElementHandler.invoke(LocatingElementHandler.java:39)
at com.sun.proxy.$Proxy15.isDisplayed(Unknown Source)
at com.Tour.qa.pages.CheckHeadersAndFooters.validateResendLink(CheckHeadersAndFooters.java:114)
at com.Tour.qa.testdata.HeaderFooterTest.validateResendlink(HeaderFooterTest.java:120)
at java.util.ArrayList.forEach(ArrayList.java:1259)
... Removed 30 stack frames]]>
    </failure>
  </testcase> <!-- validateResendlink -->
  <testcase name="validateFAQLink" time="1.169" classname="com.Tour.qa.testdata.HeaderFooterTest"/>
  <testcase name="validateChickLink" time="0.037" classname="com.Tour.qa.testdata.HeaderFooterTest"/>
  <testcase name="validateLeagleLink" time="0.048" classname="com.Tour.qa.testdata.HeaderFooterTest"/>
  <testcase name="validatePriLink" time="0.044" classname="com.Tour.qa.testdata.HeaderFooterTest"/>
</testsuite> <!-- Chick-fil-AÂ®Backstage Tour Test Cases -->
