<!DOCTYPE html PUBLIC "-//W3C//DTD XHTML 1.1//EN" "https://www.w3.org/TR/xhtml11/DTD/xhtml11.dtd">
<html xmlns="https://www.w3.org/1999/xhtml">
<head>
<meta http-equiv="content-type" content="text/html; charset=UTF-8"/>
<title>TestNG Report</title>
<style type="text/css">table {margin-bottom:10px;border-collapse:collapse;empty-cells:show}th,td {border:1px solid #009;padding:.25em .5em}th {vertical-align:bottom}td {vertical-align:top}table a {font-weight:bold}.stripe td {background-color: #E6EBF9}.num {text-align:right}.passedodd td {background-color: #3F3}.passedeven td {background-color: #0A0}.skippedodd td {background-color: #DDD}.skippedeven td {background-color: #CCC}.failedodd td,.attn {background-color: #F33}.failedeven td,.stripe .attn {background-color: #D00}.stacktrace {white-space:pre;font-family:monospace}.totop {font-size:85%;text-align:center;border-bottom:2px solid #000}.invisible {display:none}</style>
</head>
<body>
<table>
<tr><th>Test</th><th># Passed</th><th># Skipped</th><th># Retried</th><th># Failed</th><th>Time (ms)</th><th>Included Groups</th><th>Excluded Groups</th></tr>
<tr><th colspan="8">Chick-fil-A® Backstage Tour Automation Test1</th></tr>
<tr><td><a href="#t0">Chick-fil-A®Backstage Tour Test Cases 1</a></td><td class="num">151</td><td class="num attn">3</td><td class="num">0</td><td class="num attn">25</td><td class="num">10,173,920</td><td></td><td></td></tr>
</table>
<table id='summary'><thead><tr><th>Class</th><th>Method</th><th>Start</th><th>Time (ms)</th></tr></thead><tbody><tr><th colspan="4">Chick-fil-A® Backstage Tour Automation Test1</th></tr></tbody><tbody id="t0"><tr><th colspan="4">Chick-fil-A®Backstage Tour Test Cases 1 &#8212; failed (configuration methods)</th></tr><tr class="failedeven"><td rowspan="1">com.Tour.qa.testdata.ReservationOverviewTest2</td><td><a href="#m0">setUp</a></td><td rowspan="1">1650754014438</td><td rowspan="1">38474</td></tr><tr><th colspan="4">Chick-fil-A®Backstage Tour Test Cases 1 &#8212; failed</th></tr><tr class="failedeven"><td rowspan="1">com.Tour.qa.testdata.ConfirmationPageTest</td><td><a href="#m1">CheckTopMenu</a></td><td rowspan="1">1650750317304</td><td rowspan="1">10061</td></tr><tr class="failedodd"><td rowspan="3">com.Tour.qa.testdata.EditReservationTest</td><td><a href="#m2">GuestFieldOnErrorPage</a></td><td rowspan="1">1650753154176</td><td rowspan="1">10860</td></tr><tr class="failedodd"><td><a href="#m3">validateEditDateLink</a></td><td rowspan="1">1650752926288</td><td rowspan="1">10389</td></tr><tr class="failedodd"><td><a href="#m4">validatesNeed</a></td><td rowspan="1">1650753003659</td><td rowspan="1">36</td></tr><tr class="failedeven"><td rowspan="2">com.Tour.qa.testdata.ForgotPasswordTest</td><td><a href="#m5">ValidateResetPWWithInValidEmail</a></td><td rowspan="1">1650754273783</td><td rowspan="1">11494</td></tr><tr class="failedeven"><td><a href="#m6">ValidateResetPWWithValidEmail</a></td><td rowspan="1">1650754234291</td><td rowspan="1">14317</td></tr><tr class="failedodd"><td rowspan="1">com.Tour.qa.testdata.HeaderFooterTest</td><td><a href="#m7">validateResendlink</a></td><td rowspan="1">1650754410305</td><td rowspan="1">11181</td></tr><tr class="failedeven"><td rowspan="1">com.Tour.qa.testdata.LoginTest</td><td><a href="#m8">loginPageOnEmptyEmailField</a></td><td rowspan="1">1650744784689</td><td rowspan="1">12815</td></tr><tr class="failedodd"><td rowspan="6">com.Tour.qa.testdata.ModifyCancelTest</td><td><a href="#m9">checkCloseCancelwin</a></td><td rowspan="1">1650753781265</td><td rowspan="1">15087</td></tr><tr class="failedodd"><td><a href="#m10">checkDeleteTour</a></td><td rowspan="1">1650753821858</td><td rowspan="1">16067</td></tr><tr class="failedodd"><td><a href="#m11">checkModify</a></td><td rowspan="1">1650753679318</td><td rowspan="1">10031</td></tr><tr class="failedodd"><td><a href="#m12">checkResend</a></td><td rowspan="1">1650753650186</td><td rowspan="1">10052</td></tr><tr class="failedodd"><td><a href="#m13">checkReview</a></td><td rowspan="1">1650753615383</td><td rowspan="1">10049</td></tr><tr class="failedodd"><td><a href="#m14">printGroupSize</a></td><td rowspan="1">1650753895862</td><td rowspan="1">10039</td></tr><tr class="failedeven"><td rowspan="7">com.Tour.qa.testdata.PrintTicketTest</td><td><a href="#m15">ChooseDateShouldBeClickableFromMenuBar</a></td><td rowspan="1">1650751400601</td><td rowspan="1">10065</td></tr><tr class="failedeven"><td><a href="#m16">ChooseTourshouldBeClickableFromManuBar</a></td><td rowspan="1">1650751242723</td><td rowspan="1">10136</td></tr><tr class="failedeven"><td><a href="#m17">ConfirmAndPurchaseShouldBeClickableFromMenuBar</a></td><td rowspan="1">1650751477021</td><td rowspan="1">29</td></tr><tr class="failedeven"><td><a href="#m18">PrintTicketShouldWorkFrmoMenu</a></td><td rowspan="1">1650751814499</td><td rowspan="1">10348</td></tr><tr class="failedeven"><td><a href="#m19">RegistrationShouldBeClickableFromMenuBar</a></td><td rowspan="1">1650751326811</td><td rowspan="1">10120</td></tr><tr class="failedeven"><td><a href="#m20">TickForConfirmationShouldBeClickable</a></td><td rowspan="1">1650751669278</td><td rowspan="1">27</td></tr><tr class="failedeven"><td><a href="#m21">TickForRegistrationShouldBeClickable</a></td><td rowspan="1">1650751564385</td><td rowspan="1">10155</td></tr><tr class="failedodd"><td rowspan="3">com.Tour.qa.testdata.RegistrationTest</td><td><a href="#m22">ErrorShouldDisplyOnPrpviding10CharInMobileFildOdRegidtrationPage</a></td><td rowspan="1">1650746522129</td><td rowspan="1">10842</td></tr><tr class="failedodd"><td><a href="#m23">checkFirstName</a></td><td rowspan="1">1650746856055</td><td rowspan="1">8652</td></tr><tr class="failedodd"><td><a href="#m24">checkLastName</a></td><td rowspan="1">1650746912310</td><td rowspan="1">8208</td></tr><tr class="failedeven"><td rowspan="1">com.Tour.qa.testdata.ReservationOverviewTest</td><td><a href="#m25">validateConfirmButt</a></td><td rowspan="1">1650753371517</td><td rowspan="1">12382</td></tr><tr><th colspan="4">Chick-fil-A®Backstage Tour Test Cases 1 &#8212; skipped (configuration methods)</th></tr><tr class="skippedeven"><td rowspan="5">com.Tour.qa.testdata.ReservationOverviewTest2</td><td><a href="#m26">setUp</a></td><td rowspan="2">1650754052936</td><td rowspan="2">-1650754052936</td></tr><tr class="skippedeven"><td><a href="#m27">setUp</a></td></tr><tr class="skippedeven"><td><a href="#m28">tearDown</a></td><td rowspan="3">1650754052942</td><td rowspan="3">-1650754052942</td></tr><tr class="skippedeven"><td><a href="#m29">tearDown</a></td></tr><tr class="skippedeven"><td><a href="#m30">tearDown</a></td></tr><tr><th colspan="4">Chick-fil-A®Backstage Tour Test Cases 1 &#8212; skipped</th></tr><tr class="skippedeven"><td rowspan="3">com.Tour.qa.testdata.ReservationOverviewTest2</td><td><a href="#m31">checkCancleButton</a></td><td rowspan="1">1650754052941</td><td rowspan="1">0</td></tr><tr class="skippedeven"><td><a href="#m32">checkModifyButton</a></td><td rowspan="1">1650754052937</td><td rowspan="1">0</td></tr><tr class="skippedeven"><td><a href="#m33">checkPurchanseTicketButton</a></td><td rowspan="1">1650754052928</td><td rowspan="1">0</td></tr><tr><th colspan="4">Chick-fil-A®Backstage Tour Test Cases 1 &#8212; passed</th></tr><tr class="passedeven"><td rowspan="9">com.Tour.qa.testdata.ChooseDateTest</td><td><a href="#m34">CheckPageTitle</a></td><td rowspan="1">1650745286230</td><td rowspan="1">10</td></tr><tr class="passedeven"><td><a href="#m35">SelectInValidSlot</a></td><td rowspan="1">1650745810380</td><td rowspan="1">7214</td></tr><tr class="passedeven"><td><a href="#m36">SelectValidSlotTest</a></td><td rowspan="1">1650745692795</td><td rowspan="1">65423</td></tr><tr class="passedeven"><td><a href="#m37">validateBanne</a></td><td rowspan="1">1650745401908</td><td rowspan="1">79</td></tr><tr class="passedeven"><td><a href="#m38">validateChoosFromMenu</a></td><td rowspan="1">1650745578936</td><td rowspan="1">14847</td></tr><tr class="passedeven"><td><a href="#m39">validateGroupSize</a></td><td rowspan="1">1650745658240</td><td rowspan="1">38</td></tr><tr class="passedeven"><td><a href="#m40">validateGroupSize2</a></td><td rowspan="1">1650745866836</td><td rowspan="1">99</td></tr><tr class="passedeven"><td><a href="#m41">validateHeading</a></td><td rowspan="1">1650745512907</td><td rowspan="1">68</td></tr><tr class="passedeven"><td><a href="#m42">validateTheOriginal</a></td><td rowspan="1">1650745626023</td><td rowspan="1">75</td></tr><tr class="passedodd"><td rowspan="11">com.Tour.qa.testdata.ChooseTourTest</td><td><a href="#m43">ChooseTourPageTitleTest</a></td><td rowspan="1">1650744836879</td><td rowspan="1">17</td></tr><tr class="passedodd"><td><a href="#m44">InputGroupSizeOfTHEDELUXE</a></td><td rowspan="1">1650744972494</td><td rowspan="1">3730</td></tr><tr class="passedodd"><td><a href="#m45">InputGroupSizeOfTHEORIGINAL</a></td><td rowspan="1">1650744935791</td><td rowspan="1">2980</td></tr><tr class="passedodd"><td><a href="#m46">PageHeading</a></td><td rowspan="1">1650745158872</td><td rowspan="1">42</td></tr><tr class="passedodd"><td><a href="#m47">Slider</a></td><td rowspan="1">1650745119513</td><td rowspan="1">61</td></tr><tr class="passedodd"><td><a href="#m48">TestInvalidInout1</a></td><td rowspan="1">1650745018879</td><td rowspan="1">5548</td></tr><tr class="passedodd"><td><a href="#m49">TestInvalidInout2</a></td><td rowspan="1">1650745076773</td><td rowspan="1">5403</td></tr><tr class="passedodd"><td><a href="#m50">TestSliderNextBut</a></td><td rowspan="1">1650745240128</td><td rowspan="1">148</td></tr><tr class="passedodd"><td><a href="#m51">TestSliderPreBut</a></td><td rowspan="1">1650745205329</td><td rowspan="1">109</td></tr><tr class="passedodd"><td><a href="#m52">validateBanne</a></td><td rowspan="1">1650744867815</td><td rowspan="1">49</td></tr><tr class="passedodd"><td><a href="#m53">validateText1</a></td><td rowspan="1">1650744903462</td><td rowspan="1">49</td></tr><tr class="passedeven"><td rowspan="29">com.Tour.qa.testdata.ConfirmationPageTest</td><td><a href="#m54">ValidateCost</a></td><td rowspan="1">1650748620021</td><td rowspan="1">58</td></tr><tr class="passedeven"><td><a href="#m55">ValidateGroupSize</a></td><td rowspan="1">1650748902383</td><td rowspan="1">31</td></tr><tr class="passedeven"><td><a href="#m56">ValidateLname</a></td><td rowspan="1">1650748547909</td><td rowspan="1">31</td></tr><tr class="passedeven"><td><a href="#m57">ValidateMobile</a></td><td rowspan="1">1650748786680</td><td rowspan="1">37</td></tr><tr class="passedeven"><td><a href="#m58">ValidateNameOfGroup</a></td><td rowspan="1">1650749026259</td><td rowspan="1">29</td></tr><tr class="passedeven"><td><a href="#m59">ValidateTourType</a></td><td rowspan="1">1650748358177</td><td rowspan="1">29</td></tr><tr class="passedeven"><td><a href="#m60">ValidateTravell</a></td><td rowspan="1">1650749090491</td><td rowspan="1">31</td></tr><tr class="passedeven"><td><a href="#m61">ValidateTypeOfGrop</a></td><td rowspan="1">1650748949097</td><td rowspan="1">28</td></tr><tr class="passedeven"><td><a href="#m62">ValidateVehical</a></td><td rowspan="1">1650749138036</td><td rowspan="1">40</td></tr><tr class="passedeven"><td><a href="#m63">ValidateZip</a></td><td rowspan="1">1650748695758</td><td rowspan="1">37</td></tr><tr class="passedeven"><td><a href="#m64">Validatefname</a></td><td rowspan="1">1650748470816</td><td rowspan="1">56</td></tr><tr class="passedeven"><td><a href="#m65">validateBannerTest</a></td><td rowspan="1">1650749198553</td><td rowspan="1">54</td></tr><tr class="passedeven"><td><a href="#m66">validateCancelButt2</a></td><td rowspan="1">1650750262073</td><td rowspan="1">1111</td></tr><tr class="passedeven"><td><a href="#m67">validateChooseDateOption</a></td><td rowspan="1">1650749493703</td><td rowspan="1">8913</td></tr><tr class="passedeven"><td><a href="#m68">validateChooseTourMenuOption</a></td><td rowspan="1">1650749434099</td><td rowspan="1">7546</td></tr><tr class="passedeven"><td><a href="#m69">validateGroupSizeTest</a></td><td rowspan="1">1650749368885</td><td rowspan="1">31</td></tr><tr class="passedeven"><td><a href="#m70">validateHeading1</a></td><td rowspan="1">1650749783393</td><td rowspan="1">58</td></tr><tr class="passedeven"><td><a href="#m71">validateHeading2</a></td><td rowspan="1">1650749843218</td><td rowspan="1">34</td></tr><tr class="passedeven"><td><a href="#m72">validateHeading3</a></td><td rowspan="1">1650749901893</td><td rowspan="1">58</td></tr><tr class="passedeven"><td><a href="#m73">validateHeading4</a></td><td rowspan="1">1650749969998</td><td rowspan="1">48</td></tr><tr class="passedeven"><td><a href="#m74">validateHeading5</a></td><td rowspan="1">1650750055613</td><td rowspan="1">56</td></tr><tr class="passedeven"><td><a href="#m75">validateModifyReservationButt2</a></td><td rowspan="1">1650750200881</td><td rowspan="1">1446</td></tr><tr class="passedeven"><td><a href="#m76">validatePageHeading</a></td><td rowspan="1">1650749662704</td><td rowspan="1">45</td></tr><tr class="passedeven"><td><a href="#m77">validatePurchaseTicketButt</a></td><td rowspan="1">1650749724809</td><td rowspan="1">4712</td></tr><tr class="passedeven"><td><a href="#m78">validatePurchaseTicketButt2</a></td><td rowspan="1">1650750136236</td><td rowspan="1">5110</td></tr><tr class="passedeven"><td><a href="#m79">validateRegistration</a></td><td rowspan="1">1650749550813</td><td rowspan="1">8812</td></tr><tr class="passedeven"><td><a href="#m80">validateTheOriginalTest</a></td><td rowspan="1">1650749259955</td><td rowspan="1">28</td></tr><tr class="passedeven"><td><a href="#m81">validateTick</a></td><td rowspan="1">1650749614919</td><td rowspan="1">39</td></tr><tr class="passedeven"><td><a href="#m82">validateTitle</a></td><td rowspan="1">1650749318362</td><td rowspan="1">9</td></tr><tr class="passedodd"><td rowspan="7">com.Tour.qa.testdata.EditReservationTest</td><td><a href="#m83">valiPageHeading</a></td><td rowspan="1">1650752813726</td><td rowspan="1">29</td></tr><tr class="passedodd"><td><a href="#m84">validaeditForm</a></td><td rowspan="1">1650753084497</td><td rowspan="1">9882</td></tr><tr class="passedodd"><td><a href="#m85">validaedtiEmptyForm</a></td><td rowspan="1">1650753123390</td><td rowspan="1">1251</td></tr><tr class="passedodd"><td><a href="#m86">validalink</a></td><td rowspan="1">1650753047376</td><td rowspan="1">120</td></tr><tr class="passedodd"><td><a href="#m87">validate</a></td><td rowspan="1">1650752857171</td><td rowspan="1">35</td></tr><tr class="passedodd"><td><a href="#m88">validateGroupSize</a></td><td rowspan="1">1650752966096</td><td rowspan="1">66</td></tr><tr class="passedodd"><td><a href="#m89">validatetime</a></td><td rowspan="1">1650752893453</td><td rowspan="1">30</td></tr><tr class="passedeven"><td rowspan="2">com.Tour.qa.testdata.FaqPageTest</td><td><a href="#m90">validatePageHeading</a></td><td rowspan="1">1650754157677</td><td rowspan="1">59</td></tr><tr class="passedeven"><td><a href="#m91">validateQuestions</a></td><td rowspan="1">1650754185312</td><td rowspan="1">37</td></tr><tr class="passedodd"><td rowspan="1">com.Tour.qa.testdata.ForgotPasswordTest</td><td><a href="#m92">loginPageTitleTest</a></td><td rowspan="1">1650754212208</td><td rowspan="1">105</td></tr><tr class="passedeven"><td rowspan="8">com.Tour.qa.testdata.HeaderFooterTest</td><td><a href="#m93">validateChickLink</a></td><td rowspan="1">1650754472248</td><td rowspan="1">47</td></tr><tr class="passedeven"><td><a href="#m94">validateFAQLink</a></td><td rowspan="1">1650754446677</td><td rowspan="1">2206</td></tr><tr class="passedeven"><td><a href="#m95">validateLeagleLink</a></td><td rowspan="1">1650754499727</td><td rowspan="1">49</td></tr><tr class="passedeven"><td><a href="#m96">validatePriLink</a></td><td rowspan="1">1650754528925</td><td rowspan="1">64</td></tr><tr class="passedeven"><td><a href="#m97">validateeHomelink</a></td><td rowspan="1">1650754300986</td><td rowspan="1">769</td></tr><tr class="passedeven"><td><a href="#m98">validateeMOdifylink</a></td><td rowspan="1">1650754381588</td><td rowspan="1">1083</td></tr><tr class="passedeven"><td><a href="#m99">validateePlanvisitlink</a></td><td rowspan="1">1650754359722</td><td rowspan="1">3221</td></tr><tr class="passedeven"><td><a href="#m100">validateePurchacelink</a></td><td rowspan="1">1650754324650</td><td rowspan="1">778</td></tr><tr class="passedodd"><td rowspan="4">com.Tour.qa.testdata.HomePageTest</td><td><a href="#m101">CheckBanner</a></td><td rowspan="1">1650744517490</td><td rowspan="1">295</td></tr><tr class="passedodd"><td><a href="#m102">CheckModifyCancel</a></td><td rowspan="1">1650744564901</td><td rowspan="1">2519</td></tr><tr class="passedodd"><td><a href="#m103">CheckOurchaseTicket</a></td><td rowspan="1">1650744599121</td><td rowspan="1">5776</td></tr><tr class="passedodd"><td><a href="#m104">HomePageTitleTest</a></td><td rowspan="1">1650744433536</td><td rowspan="1">26</td></tr><tr class="passedeven"><td rowspan="4">com.Tour.qa.testdata.LoginTest</td><td><a href="#m105">CheckLogo</a></td><td rowspan="1">1650744686169</td><td rowspan="1">46</td></tr><tr class="passedeven"><td><a href="#m106">loginPageTitleTest</a></td><td rowspan="1">1650744633814</td><td rowspan="1">18</td></tr><tr class="passedeven"><td><a href="#m107">loginTest</a></td><td rowspan="1">1650744715015</td><td rowspan="1">4907</td></tr><tr class="passedeven"><td><a href="#m108">loginTestInvalidEmail</a></td><td rowspan="1">1650744752803</td><td rowspan="1">1917</td></tr><tr class="passedodd"><td rowspan="11">com.Tour.qa.testdata.ModifyCancelTest</td><td><a href="#m109">CheckCancelButton</a></td><td rowspan="1">1650753715117</td><td rowspan="1">15217</td></tr><tr class="passedodd"><td><a href="#m110">CheckCancelConfirmationWindowTitle</a></td><td rowspan="1">1650753753203</td><td rowspan="1">10331</td></tr><tr class="passedodd"><td><a href="#m111">CheckDateOfReservationShouldDisplayFine</a></td><td rowspan="1">1650753862806</td><td rowspan="1">305</td></tr><tr class="passedodd"><td><a href="#m112">PurchaceTicket</a></td><td rowspan="1">1650753956578</td><td rowspan="1">56864</td></tr><tr class="passedodd"><td><a href="#m113">totalNumbersOfTable</a></td><td rowspan="1">1650753929275</td><td rowspan="1">2087</td></tr><tr class="passedodd"><td><a href="#m114">validateBanner</a></td><td rowspan="1">1650753490620</td><td rowspan="1">48</td></tr><tr class="passedodd"><td><a href="#m115">validateMenu</a></td><td rowspan="1">1650753518887</td><td rowspan="1">100</td></tr><tr class="passedodd"><td><a href="#m116">validateName</a></td><td rowspan="1">1650753545698</td><td rowspan="1">54</td></tr><tr class="passedodd"><td><a href="#m117">validatePageH</a></td><td rowspan="1">1650753571360</td><td rowspan="1">43</td></tr><tr class="passedodd"><td><a href="#m118">validateTitle</a></td><td rowspan="1">1650753469078</td><td rowspan="1">9</td></tr><tr class="passedodd"><td><a href="#m119">validatelogout</a></td><td rowspan="1">1650753592585</td><td rowspan="1">3745</td></tr><tr class="passedeven"><td rowspan="10">com.Tour.qa.testdata.PaymentPageTest</td><td><a href="#m120">ValidateBackLink</a></td><td rowspan="1">1650751025921</td><td rowspan="1">1053</td></tr><tr class="passedeven"><td><a href="#m121">validatePayment</a></td><td rowspan="1">1650750771383</td><td rowspan="1">24440</td></tr><tr class="passedeven"><td><a href="#m122">validatePaymentwithemptyInput</a></td><td rowspan="1">1650750885441</td><td rowspan="1">8653</td></tr><tr class="passedeven"><td><a href="#m123">validatePaymentwithinvalidInput</a></td><td rowspan="1">1650750964152</td><td rowspan="1">8672</td></tr><tr class="passedeven"><td><a href="#m124">validatePrice</a></td><td rowspan="1">1650750632285</td><td rowspan="1">153</td></tr><tr class="passedeven"><td><a href="#m125">validateQuantityTest</a></td><td rowspan="1">1650750447995</td><td rowspan="1">41</td></tr><tr class="passedeven"><td><a href="#m126">validateTax</a></td><td rowspan="1">1650750566717</td><td rowspan="1">47</td></tr><tr class="passedeven"><td><a href="#m127">validateTitle</a></td><td rowspan="1">1650750390640</td><td rowspan="1">12</td></tr><tr class="passedeven"><td><a href="#m128">validateTotal</a></td><td rowspan="1">1650750684732</td><td rowspan="1">44</td></tr><tr class="passedeven"><td><a href="#m129">validateUnit</a></td><td rowspan="1">1650750509827</td><td rowspan="1">50</td></tr><tr class="passedodd"><td rowspan="3">com.Tour.qa.testdata.PlanYourVisitText</td><td><a href="#m130">validateGetGoogleDirectionButton</a></td><td rowspan="1">1650754132934</td><td rowspan="1">38</td></tr><tr class="passedodd"><td><a href="#m131">validateGetPaidDirectionButton</a></td><td rowspan="1">1650754102121</td><td rowspan="1">37</td></tr><tr class="passedodd"><td><a href="#m132">validateTitle</a></td><td rowspan="1">1650754073963</td><td rowspan="1">51</td></tr><tr class="passedeven"><td rowspan="16">com.Tour.qa.testdata.PrintTicketTest</td><td><a href="#m133">PrintTicketShouldBeDisplay</a></td><td rowspan="1">1650751742877</td><td rowspan="1">33</td></tr><tr class="passedeven"><td><a href="#m134">validateBanner</a></td><td rowspan="1">1650751099084</td><td rowspan="1">31</td></tr><tr class="passedeven"><td><a href="#m135">validateOriginal</a></td><td rowspan="1">1650752021464</td><td rowspan="1">31</td></tr><tr class="passedeven"><td><a href="#m136">validatePageHeading1</a></td><td rowspan="1">1650751891351</td><td rowspan="1">46</td></tr><tr class="passedeven"><td><a href="#m137">validatePageHeading2</a></td><td rowspan="1">1650751954752</td><td rowspan="1">38</td></tr><tr class="passedeven"><td><a href="#m138">validatePlanVisit</a></td><td rowspan="1">1650752090497</td><td rowspan="1">1257</td></tr><tr class="passedeven"><td><a href="#m139">validatecardHolderName</a></td><td rowspan="1">1650752675336</td><td rowspan="1">31</td></tr><tr class="passedeven"><td><a href="#m140">validatecardnum</a></td><td rowspan="1">1650752772635</td><td rowspan="1">43</td></tr><tr class="passedeven"><td><a href="#m141">validatedate</a></td><td rowspan="1">1650752534730</td><td rowspan="1">33</td></tr><tr class="passedeven"><td><a href="#m142">validateheading1</a></td><td rowspan="1">1650752224295</td><td rowspan="1">46</td></tr><tr class="passedeven"><td><a href="#m143">validateheading2</a></td><td rowspan="1">1650752293293</td><td rowspan="1">31</td></tr><tr class="passedeven"><td><a href="#m144">validateheading3</a></td><td rowspan="1">1650752369784</td><td rowspan="1">56</td></tr><tr class="passedeven"><td><a href="#m145">validateheading4</a></td><td rowspan="1">1650752444295</td><td rowspan="1">33</td></tr><tr class="passedeven"><td><a href="#m146">validatelinkquestion</a></td><td rowspan="1">1650752601431</td><td rowspan="1">2453</td></tr><tr class="passedeven"><td><a href="#m147">validatemailto</a></td><td rowspan="1">1650752156143</td><td rowspan="1">40</td></tr><tr class="passedeven"><td><a href="#m148">validatemenu</a></td><td rowspan="1">1650751166887</td><td rowspan="1">32</td></tr><tr class="passedodd"><td rowspan="31">com.Tour.qa.testdata.RegistrationTest</td><td><a href="#m149">BothPasswordFieldNotMatch</a></td><td rowspan="1">1650747022440</td><td rowspan="1">8064</td></tr><tr class="passedodd"><td><a href="#m150">CheckBanner</a></td><td rowspan="1">1650747336734</td><td rowspan="1">69</td></tr><tr class="passedodd"><td><a href="#m151">CheckFillDataInRegistrationForm</a></td><td rowspan="1">1650745947229</td><td rowspan="1">17685</td></tr><tr class="passedodd"><td><a href="#m152">CheckInvalidEmail</a></td><td rowspan="1">1650746032807</td><td rowspan="1">7749</td></tr><tr class="passedodd"><td><a href="#m153">CheckduplicateEmail</a></td><td rowspan="1">1650746095985</td><td rowspan="1">5386</td></tr><tr class="passedodd"><td><a href="#m154">CheckinvalidData</a></td><td rowspan="1">1650746209746</td><td rowspan="1">14281</td></tr><tr class="passedodd"><td><a href="#m155">HeadingValidate1</a></td><td rowspan="1">1650747815535</td><td rowspan="1">39</td></tr><tr class="passedodd"><td><a href="#m156">HomePageTitleTest</a></td><td rowspan="1">1650747281716</td><td rowspan="1">13</td></tr><tr class="passedodd"><td><a href="#m157">TestLessDigitinMob</a></td><td rowspan="1">1650746678339</td><td rowspan="1">7968</td></tr><tr class="passedodd"><td><a href="#m158">TestPasseordWithOnlyInt</a></td><td rowspan="1">1650746745421</td><td rowspan="1">7965</td></tr><tr class="passedodd"><td><a href="#m159">ValidateHeading2</a></td><td rowspan="1">1650748032045</td><td rowspan="1">46</td></tr><tr class="passedodd"><td><a href="#m160">ValidateHeading3</a></td><td rowspan="1">1650748105323</td><td rowspan="1">56</td></tr><tr class="passedodd"><td><a href="#m161">ValidateHeading4</a></td><td rowspan="1">1650748150294</td><td rowspan="1">54</td></tr><tr class="passedodd"><td><a href="#m162">ValidateHeading5</a></td><td rowspan="1">1650748212269</td><td rowspan="1">52</td></tr><tr class="passedodd"><td><a href="#m163">VehiclesFieldWithCharacter</a></td><td rowspan="1">1650747151040</td><td rowspan="1">8165</td></tr><tr class="passedodd"><td><a href="#m164">checkEmailnotMatch</a></td><td rowspan="1">1650746966736</td><td rowspan="1">7895</td></tr><tr class="passedodd"><td><a href="#m165">checkGroupSizeWithString</a></td><td rowspan="1">1650747225212</td><td rowspan="1">8310</td></tr><tr class="passedodd"><td><a href="#m166">checkMandatoryFieldsOnLeavinfEmpty</a></td><td rowspan="1">1650747081012</td><td rowspan="1">8033</td></tr><tr class="passedodd"><td><a href="#m167">emptyFormtTest</a></td><td rowspan="1">1650746320161</td><td rowspan="1">7225</td></tr><tr class="passedodd"><td><a href="#m168">invalidMobNumber</a></td><td rowspan="1">1650746577924</td><td rowspan="1">8183</td></tr><tr class="passedodd"><td><a href="#m169">invalidMobWithLeassDigit</a></td><td rowspan="1">1650746632757</td><td rowspan="1">8159</td></tr><tr class="passedodd"><td><a href="#m170">invalidPasswordTest</a></td><td rowspan="1">1650746402750</td><td rowspan="1">8451</td></tr><tr class="passedodd"><td><a href="#m171">invalidZipCodeTest</a></td><td rowspan="1">1650746460962</td><td rowspan="1">8519</td></tr><tr class="passedodd"><td><a href="#m172">testPasswordWithOnlyString</a></td><td rowspan="1">1650746793981</td><td rowspan="1">9780</td></tr><tr class="passedodd"><td><a href="#m173">validateChoosDateFromMenuBar</a></td><td rowspan="1">1650747669707</td><td rowspan="1">91202</td></tr><tr class="passedodd"><td><a href="#m174">validateChoosFromMenuBar</a></td><td rowspan="1">1650747520706</td><td rowspan="1">97686</td></tr><tr class="passedodd"><td><a href="#m175">validateForgot</a></td><td rowspan="1">1650747947217</td><td rowspan="1">2686</td></tr><tr class="passedodd"><td><a href="#m176">validateGroupSize</a></td><td rowspan="1">1650747447110</td><td rowspan="1">35</td></tr><tr class="passedodd"><td><a href="#m177">validateGroupText1</a></td><td rowspan="1">1650747387978</td><td rowspan="1">48</td></tr><tr class="passedodd"><td><a href="#m178">validateLoginButton</a></td><td rowspan="1">1650747879105</td><td rowspan="1">4127</td></tr><tr class="passedodd"><td><a href="#m179">validateService</a></td><td rowspan="1">1650748278148</td><td rowspan="1">168</td></tr><tr class="passedeven"><td rowspan="5">com.Tour.qa.testdata.ReservationOverviewTest</td><td><a href="#m180">checkSpecialNeed</a></td><td rowspan="1">1650753250913</td><td rowspan="1">39</td></tr><tr class="passedeven"><td><a href="#m181">vaildateCancleButt</a></td><td rowspan="1">1650753428823</td><td rowspan="1">18142</td></tr><tr class="passedeven"><td><a href="#m182">validateGroupName</a></td><td rowspan="1">1650753287193</td><td rowspan="1">37</td></tr><tr class="passedeven"><td><a href="#m183">validatePageH</a></td><td rowspan="1">1650753329672</td><td rowspan="1">27</td></tr><tr class="passedeven"><td><a href="#m184">validateeModifyButt</a></td><td rowspan="1">1650753211477</td><td rowspan="1">1012</td></tr></tbody>
</table>
<h2>Chick-fil-A®Backstage Tour Test Cases 1</h2><h3 id="m0">com.Tour.qa.testdata.ReservationOverviewTest2#setUp</h3><table class="result"><tr><th>Exception</th></tr><tr><td><div class="stacktrace">org.openqa.selenium.NoSuchElementException: no such element: Unable to locate element: {&quot;method&quot;:&quot;xpath&quot;,&quot;selector&quot;:&quot;//tbody/tr[@id=&apos;4631&apos;]/td[9]/a[1]&quot;}
  (Session info: chrome=100.0.4896.127)
For documentation on this error, please visit: https://selenium.dev/exceptions/#no_such_element
Build info: version: &apos;4.1.2&apos;, revision: &apos;9a5a329c5a&apos;
System info: host: &apos;DESKTOP-PSP68KB&apos;, ip: &apos;192.168.223.1&apos;, os.name: &apos;Windows 10&apos;, os.arch: &apos;amd64&apos;, os.version: &apos;10.0&apos;, java.version: &apos;1.8.0_301&apos;
Driver info: org.openqa.selenium.chrome.ChromeDriver
Command: [1e9af78d26199283f0546abc764e67ff, findElement {using=xpath, value=//tbody/tr[@id=&apos;4631&apos;]/td[9]/a[1]}]
Capabilities {acceptInsecureCerts: false, browserName: chrome, browserVersion: 100.0.4896.127, chrome: {chromedriverVersion: 100.0.4896.60 (6a5d10861ce8..., userDataDir: C:\Users\Home\AppData\Local...}, goog:chromeOptions: {debuggerAddress: localhost:55929}, javascriptEnabled: true, networkConnectionEnabled: false, pageLoadStrategy: normal, platform: WINDOWS, platformName: WINDOWS, proxy: Proxy(), se:cdp: ws://localhost:55929/devtoo..., se:cdpVersion: 100.0.4896.127, setWindowRect: true, strictFileInteractability: false, timeouts: {implicit: 0, pageLoad: 300000, script: 30000}, unhandledPromptBehavior: dismiss and notify, webauthn:extension:credBlob: true, webauthn:extension:largeBlob: true, webauthn:virtualAuthenticators: true}
Session ID: 1e9af78d26199283f0546abc764e67ff
	at org.openqa.selenium.remote.codec.w3c.W3CHttpResponseCodec.createException(W3CHttpResponseCodec.java:200)
	at org.openqa.selenium.remote.codec.w3c.W3CHttpResponseCodec.decode(W3CHttpResponseCodec.java:133)
	at org.openqa.selenium.remote.codec.w3c.W3CHttpResponseCodec.decode(W3CHttpResponseCodec.java:53)
	at org.openqa.selenium.remote.HttpCommandExecutor.execute(HttpCommandExecutor.java:184)
	at org.openqa.selenium.remote.service.DriverCommandExecutor.invokeExecute(DriverCommandExecutor.java:167)
	at org.openqa.selenium.remote.service.DriverCommandExecutor.execute(DriverCommandExecutor.java:142)
	at org.openqa.selenium.remote.RemoteWebDriver.execute(RemoteWebDriver.java:558)
	at org.openqa.selenium.remote.ElementLocation$ElementFinder$2.findElement(ElementLocation.java:162)
	at org.openqa.selenium.remote.ElementLocation.findElement(ElementLocation.java:60)
	at org.openqa.selenium.remote.RemoteWebDriver.findElement(RemoteWebDriver.java:382)
	at org.openqa.selenium.remote.RemoteWebDriver.findElement(RemoteWebDriver.java:374)
	at com.Tour.qa.pages.ModifyCancelPage.CheckModifyButton(ModifyCancelPage.java:328)
	at com.Tour.qa.testdata.ReservationOverviewTest2.setUp(ReservationOverviewTest2.java:75)
	at java.util.ArrayList.forEach(ArrayList.java:1259)
... Removed 35 stack frames</div></td></tr></table><p class="totop"><a href="#summary">back to summary</a></p>
<h3 id="m1">com.Tour.qa.testdata.ConfirmationPageTest#CheckTopMenu</h3><table class="result"><tr><th>Exception</th></tr><tr><td><div class="stacktrace">org.openqa.selenium.NoSuchElementException: no such element: Unable to locate element: {&quot;method&quot;:&quot;xpath&quot;,&quot;selector&quot;:&quot;//*[@id=&quot;navigation-bar&quot;]/div/div[2]/div/ul/li[1]/a&quot;}
  (Session info: chrome=100.0.4896.127)
For documentation on this error, please visit: https://selenium.dev/exceptions/#no_such_element
Build info: version: &apos;4.1.2&apos;, revision: &apos;9a5a329c5a&apos;
System info: host: &apos;DESKTOP-PSP68KB&apos;, ip: &apos;192.168.223.1&apos;, os.name: &apos;Windows 10&apos;, os.arch: &apos;amd64&apos;, os.version: &apos;10.0&apos;, java.version: &apos;1.8.0_301&apos;
Driver info: org.openqa.selenium.chrome.ChromeDriver
Command: [d15a7e00ce3773603345a68e1afd1d64, findElement {using=xpath, value=//*[@id=&quot;navigation-bar&quot;]/div/div[2]/div/ul/li[1]/a}]
Capabilities {acceptInsecureCerts: false, browserName: chrome, browserVersion: 100.0.4896.127, chrome: {chromedriverVersion: 100.0.4896.60 (6a5d10861ce8..., userDataDir: C:\Users\Home\AppData\Local...}, goog:chromeOptions: {debuggerAddress: localhost:54564}, javascriptEnabled: true, networkConnectionEnabled: false, pageLoadStrategy: normal, platform: WINDOWS, platformName: WINDOWS, proxy: Proxy(), se:cdp: ws://localhost:54564/devtoo..., se:cdpVersion: 100.0.4896.127, setWindowRect: true, strictFileInteractability: false, timeouts: {implicit: 0, pageLoad: 300000, script: 30000}, unhandledPromptBehavior: dismiss and notify, webauthn:extension:credBlob: true, webauthn:extension:largeBlob: true, webauthn:virtualAuthenticators: true}
Session ID: d15a7e00ce3773603345a68e1afd1d64
	at org.openqa.selenium.remote.codec.w3c.W3CHttpResponseCodec.createException(W3CHttpResponseCodec.java:200)
	at org.openqa.selenium.remote.codec.w3c.W3CHttpResponseCodec.decode(W3CHttpResponseCodec.java:133)
	at org.openqa.selenium.remote.codec.w3c.W3CHttpResponseCodec.decode(W3CHttpResponseCodec.java:53)
	at org.openqa.selenium.remote.HttpCommandExecutor.execute(HttpCommandExecutor.java:184)
	at org.openqa.selenium.remote.service.DriverCommandExecutor.invokeExecute(DriverCommandExecutor.java:167)
	at org.openqa.selenium.remote.service.DriverCommandExecutor.execute(DriverCommandExecutor.java:142)
	at org.openqa.selenium.remote.RemoteWebDriver.execute(RemoteWebDriver.java:558)
	at org.openqa.selenium.remote.ElementLocation$ElementFinder$2.findElement(ElementLocation.java:162)
	at org.openqa.selenium.remote.ElementLocation.findElement(ElementLocation.java:60)
	at org.openqa.selenium.remote.RemoteWebDriver.findElement(RemoteWebDriver.java:382)
	at org.openqa.selenium.remote.RemoteWebDriver.findElement(RemoteWebDriver.java:374)
	at org.openqa.selenium.support.pagefactory.DefaultElementLocator.findElement(DefaultElementLocator.java:70)
	at org.openqa.selenium.support.pagefactory.internal.LocatingElementHandler.invoke(LocatingElementHandler.java:39)
	at com.sun.proxy.$Proxy15.isDisplayed(Unknown Source)
	at com.Tour.qa.pages.Confirm.validatemenu(Confirm.java:241)
	at com.Tour.qa.testdata.ConfirmationPageTest.CheckTopMenu(ConfirmationPageTest.java:381)
	at java.util.ArrayList.forEach(ArrayList.java:1259)
... Removed 31 stack frames</div></td></tr></table><p class="totop"><a href="#summary">back to summary</a></p>
<h3 id="m2">com.Tour.qa.testdata.EditReservationTest#GuestFieldOnErrorPage</h3><table class="result"><tr><th>Exception</th></tr><tr><td><div class="stacktrace">org.openqa.selenium.NoSuchElementException: no such element: Unable to locate element: {&quot;method&quot;:&quot;xpath&quot;,&quot;selector&quot;:&quot;//input[@id=&apos;additionalGuests&apos;]&quot;}
  (Session info: chrome=100.0.4896.127)
For documentation on this error, please visit: https://selenium.dev/exceptions/#no_such_element
Build info: version: &apos;4.1.2&apos;, revision: &apos;9a5a329c5a&apos;
System info: host: &apos;DESKTOP-PSP68KB&apos;, ip: &apos;192.168.223.1&apos;, os.name: &apos;Windows 10&apos;, os.arch: &apos;amd64&apos;, os.version: &apos;10.0&apos;, java.version: &apos;1.8.0_301&apos;
Driver info: org.openqa.selenium.chrome.ChromeDriver
Command: [c5c888746a3fa2bf5107fc763e8d1b56, findElement {using=xpath, value=//input[@id=&apos;additionalGuests&apos;]}]
Capabilities {acceptInsecureCerts: false, browserName: chrome, browserVersion: 100.0.4896.127, chrome: {chromedriverVersion: 100.0.4896.60 (6a5d10861ce8..., userDataDir: C:\Users\Home\AppData\Local...}, goog:chromeOptions: {debuggerAddress: localhost:54960}, javascriptEnabled: true, networkConnectionEnabled: false, pageLoadStrategy: normal, platform: WINDOWS, platformName: WINDOWS, proxy: Proxy(), se:cdp: ws://localhost:54960/devtoo..., se:cdpVersion: 100.0.4896.127, setWindowRect: true, strictFileInteractability: false, timeouts: {implicit: 0, pageLoad: 300000, script: 30000}, unhandledPromptBehavior: dismiss and notify, webauthn:extension:credBlob: true, webauthn:extension:largeBlob: true, webauthn:virtualAuthenticators: true}
Session ID: c5c888746a3fa2bf5107fc763e8d1b56
	at org.openqa.selenium.remote.codec.w3c.W3CHttpResponseCodec.createException(W3CHttpResponseCodec.java:200)
	at org.openqa.selenium.remote.codec.w3c.W3CHttpResponseCodec.decode(W3CHttpResponseCodec.java:133)
	at org.openqa.selenium.remote.codec.w3c.W3CHttpResponseCodec.decode(W3CHttpResponseCodec.java:53)
	at org.openqa.selenium.remote.HttpCommandExecutor.execute(HttpCommandExecutor.java:184)
	at org.openqa.selenium.remote.service.DriverCommandExecutor.invokeExecute(DriverCommandExecutor.java:167)
	at org.openqa.selenium.remote.service.DriverCommandExecutor.execute(DriverCommandExecutor.java:142)
	at org.openqa.selenium.remote.RemoteWebDriver.execute(RemoteWebDriver.java:558)
	at org.openqa.selenium.remote.ElementLocation$ElementFinder$2.findElement(ElementLocation.java:162)
	at org.openqa.selenium.remote.ElementLocation.findElement(ElementLocation.java:60)
	at org.openqa.selenium.remote.RemoteWebDriver.findElement(RemoteWebDriver.java:382)
	at org.openqa.selenium.remote.RemoteWebDriver.findElement(RemoteWebDriver.java:374)
	at org.openqa.selenium.support.pagefactory.DefaultElementLocator.findElement(DefaultElementLocator.java:70)
	at org.openqa.selenium.support.pagefactory.internal.LocatingElementHandler.invoke(LocatingElementHandler.java:39)
	at com.sun.proxy.$Proxy15.isDisplayed(Unknown Source)
	at com.Tour.qa.pages.EditReservationPage.guestFieldOnerrorpage(EditReservationPage.java:126)
	at com.Tour.qa.testdata.EditReservationTest.GuestFieldOnErrorPage(EditReservationTest.java:178)
	at java.util.ArrayList.forEach(ArrayList.java:1259)
... Removed 31 stack frames</div></td></tr></table><p class="totop"><a href="#summary">back to summary</a></p>
<h3 id="m3">com.Tour.qa.testdata.EditReservationTest#validateEditDateLink</h3><table class="result"><tr><th>Exception</th></tr><tr><td><div class="stacktrace">org.openqa.selenium.NoSuchElementException: no such element: Unable to locate element: {&quot;method&quot;:&quot;xpath&quot;,&quot;selector&quot;:&quot;//h1[contains(text(),&apos;CHOOSE A DATE&apos;)]&quot;}
  (Session info: chrome=100.0.4896.127)
For documentation on this error, please visit: https://selenium.dev/exceptions/#no_such_element
Build info: version: &apos;4.1.2&apos;, revision: &apos;9a5a329c5a&apos;
System info: host: &apos;DESKTOP-PSP68KB&apos;, ip: &apos;192.168.223.1&apos;, os.name: &apos;Windows 10&apos;, os.arch: &apos;amd64&apos;, os.version: &apos;10.0&apos;, java.version: &apos;1.8.0_301&apos;
Driver info: org.openqa.selenium.chrome.ChromeDriver
Command: [06cf58f9ae11dcd1462ccb1157e75d50, findElement {using=xpath, value=//h1[contains(text(),&apos;CHOOSE A DATE&apos;)]}]
Capabilities {acceptInsecureCerts: false, browserName: chrome, browserVersion: 100.0.4896.127, chrome: {chromedriverVersion: 100.0.4896.60 (6a5d10861ce8..., userDataDir: C:\Users\Home\AppData\Local...}, goog:chromeOptions: {debuggerAddress: localhost:54758}, javascriptEnabled: true, networkConnectionEnabled: false, pageLoadStrategy: normal, platform: WINDOWS, platformName: WINDOWS, proxy: Proxy(), se:cdp: ws://localhost:54758/devtoo..., se:cdpVersion: 100.0.4896.127, setWindowRect: true, strictFileInteractability: false, timeouts: {implicit: 0, pageLoad: 300000, script: 30000}, unhandledPromptBehavior: dismiss and notify, webauthn:extension:credBlob: true, webauthn:extension:largeBlob: true, webauthn:virtualAuthenticators: true}
Session ID: 06cf58f9ae11dcd1462ccb1157e75d50
	at org.openqa.selenium.remote.codec.w3c.W3CHttpResponseCodec.createException(W3CHttpResponseCodec.java:200)
	at org.openqa.selenium.remote.codec.w3c.W3CHttpResponseCodec.decode(W3CHttpResponseCodec.java:133)
	at org.openqa.selenium.remote.codec.w3c.W3CHttpResponseCodec.decode(W3CHttpResponseCodec.java:53)
	at org.openqa.selenium.remote.HttpCommandExecutor.execute(HttpCommandExecutor.java:184)
	at org.openqa.selenium.remote.service.DriverCommandExecutor.invokeExecute(DriverCommandExecutor.java:167)
	at org.openqa.selenium.remote.service.DriverCommandExecutor.execute(DriverCommandExecutor.java:142)
	at org.openqa.selenium.remote.RemoteWebDriver.execute(RemoteWebDriver.java:558)
	at org.openqa.selenium.remote.ElementLocation$ElementFinder$2.findElement(ElementLocation.java:162)
	at org.openqa.selenium.remote.ElementLocation.findElement(ElementLocation.java:60)
	at org.openqa.selenium.remote.RemoteWebDriver.findElement(RemoteWebDriver.java:382)
	at org.openqa.selenium.remote.RemoteWebDriver.findElement(RemoteWebDriver.java:374)
	at com.Tour.qa.pages.EditReservationPage.EditDateLink(EditReservationPage.java:138)
	at com.Tour.qa.testdata.EditReservationTest.validateEditDateLink(EditReservationTest.java:117)
	at java.util.ArrayList.forEach(ArrayList.java:1259)
... Removed 31 stack frames</div></td></tr></table><p class="totop"><a href="#summary">back to summary</a></p>
<h3 id="m4">com.Tour.qa.testdata.EditReservationTest#validatesNeed</h3><table class="result"><tr><th>Exception</th></tr><tr><td><div class="stacktrace">java.lang.AssertionError: Special need options displayed when &apos;yes&apos; option is selected expected [true] but found [false]
	at com.Tour.qa.testdata.EditReservationTest.validatesNeed(EditReservationTest.java:138)
	at java.util.ArrayList.forEach(ArrayList.java:1259)
... Removed 30 stack frames</div></td></tr></table><p class="totop"><a href="#summary">back to summary</a></p>
<h3 id="m5">com.Tour.qa.testdata.ForgotPasswordTest#ValidateResetPWWithInValidEmail</h3><table class="result"><tr><th>Exception</th></tr><tr><td><div class="stacktrace">org.openqa.selenium.NoSuchElementException: no such element: Unable to locate element: {&quot;method&quot;:&quot;xpath&quot;,&quot;selector&quot;:&quot;//span[contains(text(),&apos;Please enter a valid email.&apos;)]&quot;}
  (Session info: chrome=100.0.4896.127)
For documentation on this error, please visit: https://selenium.dev/exceptions/#no_such_element
Build info: version: &apos;4.1.2&apos;, revision: &apos;9a5a329c5a&apos;
System info: host: &apos;DESKTOP-PSP68KB&apos;, ip: &apos;192.168.223.1&apos;, os.name: &apos;Windows 10&apos;, os.arch: &apos;amd64&apos;, os.version: &apos;10.0&apos;, java.version: &apos;1.8.0_301&apos;
Driver info: org.openqa.selenium.chrome.ChromeDriver
Command: [6b4644a1a17eed8e6b2b39e48f6e1cf8, findElement {using=xpath, value=//span[contains(text(),&apos;Please enter a valid email.&apos;)]}]
Capabilities {acceptInsecureCerts: false, browserName: chrome, browserVersion: 100.0.4896.127, chrome: {chromedriverVersion: 100.0.4896.60 (6a5d10861ce8..., userDataDir: C:\Users\Home\AppData\Local...}, goog:chromeOptions: {debuggerAddress: localhost:56187}, javascriptEnabled: true, networkConnectionEnabled: false, pageLoadStrategy: normal, platform: WINDOWS, platformName: WINDOWS, proxy: Proxy(), se:cdp: ws://localhost:56187/devtoo..., se:cdpVersion: 100.0.4896.127, setWindowRect: true, strictFileInteractability: false, timeouts: {implicit: 0, pageLoad: 300000, script: 30000}, unhandledPromptBehavior: dismiss and notify, webauthn:extension:credBlob: true, webauthn:extension:largeBlob: true, webauthn:virtualAuthenticators: true}
Session ID: 6b4644a1a17eed8e6b2b39e48f6e1cf8
	at org.openqa.selenium.remote.codec.w3c.W3CHttpResponseCodec.createException(W3CHttpResponseCodec.java:200)
	at org.openqa.selenium.remote.codec.w3c.W3CHttpResponseCodec.decode(W3CHttpResponseCodec.java:133)
	at org.openqa.selenium.remote.codec.w3c.W3CHttpResponseCodec.decode(W3CHttpResponseCodec.java:53)
	at org.openqa.selenium.remote.HttpCommandExecutor.execute(HttpCommandExecutor.java:184)
	at org.openqa.selenium.remote.service.DriverCommandExecutor.invokeExecute(DriverCommandExecutor.java:167)
	at org.openqa.selenium.remote.service.DriverCommandExecutor.execute(DriverCommandExecutor.java:142)
	at org.openqa.selenium.remote.RemoteWebDriver.execute(RemoteWebDriver.java:558)
	at org.openqa.selenium.remote.ElementLocation$ElementFinder$2.findElement(ElementLocation.java:162)
	at org.openqa.selenium.remote.ElementLocation.findElement(ElementLocation.java:60)
	at org.openqa.selenium.remote.RemoteWebDriver.findElement(RemoteWebDriver.java:382)
	at org.openqa.selenium.remote.RemoteWebDriver.findElement(RemoteWebDriver.java:374)
	at org.openqa.selenium.support.pagefactory.DefaultElementLocator.findElement(DefaultElementLocator.java:70)
	at org.openqa.selenium.support.pagefactory.internal.LocatingElementHandler.invoke(LocatingElementHandler.java:39)
	at com.sun.proxy.$Proxy15.isDisplayed(Unknown Source)
	at com.Tour.qa.pages.ForgotPassword.ValidateResetPWWithInValidEmail(ForgotPassword.java:81)
	at com.Tour.qa.testdata.ForgotPasswordTest.ValidateResetPWWithInValidEmail(ForgotPasswordTest.java:66)
	at java.util.ArrayList.forEach(ArrayList.java:1259)
... Removed 30 stack frames</div></td></tr></table><p class="totop"><a href="#summary">back to summary</a></p>
<h3 id="m6">com.Tour.qa.testdata.ForgotPasswordTest#ValidateResetPWWithValidEmail</h3><table class="result"><tr><th>Exception</th></tr><tr><td><div class="stacktrace">org.openqa.selenium.NoSuchElementException: no such element: Unable to locate element: {&quot;method&quot;:&quot;xpath&quot;,&quot;selector&quot;:&quot;//h1[contains(text(),&apos;Need To Reset Your Password?&apos;)]&quot;}
  (Session info: chrome=100.0.4896.127)
For documentation on this error, please visit: https://selenium.dev/exceptions/#no_such_element
Build info: version: &apos;4.1.2&apos;, revision: &apos;9a5a329c5a&apos;
System info: host: &apos;DESKTOP-PSP68KB&apos;, ip: &apos;192.168.223.1&apos;, os.name: &apos;Windows 10&apos;, os.arch: &apos;amd64&apos;, os.version: &apos;10.0&apos;, java.version: &apos;1.8.0_301&apos;
Driver info: org.openqa.selenium.chrome.ChromeDriver
Command: [74c02d055f9c82cfd9d436073c9c9b23, findElement {using=xpath, value=//h1[contains(text(),&apos;Need To Reset Your Password?&apos;)]}]
Capabilities {acceptInsecureCerts: false, browserName: chrome, browserVersion: 100.0.4896.127, chrome: {chromedriverVersion: 100.0.4896.60 (6a5d10861ce8..., userDataDir: C:\Users\Home\AppData\Local...}, goog:chromeOptions: {debuggerAddress: localhost:56155}, javascriptEnabled: true, networkConnectionEnabled: false, pageLoadStrategy: normal, platform: WINDOWS, platformName: WINDOWS, proxy: Proxy(), se:cdp: ws://localhost:56155/devtoo..., se:cdpVersion: 100.0.4896.127, setWindowRect: true, strictFileInteractability: false, timeouts: {implicit: 0, pageLoad: 300000, script: 30000}, unhandledPromptBehavior: dismiss and notify, webauthn:extension:credBlob: true, webauthn:extension:largeBlob: true, webauthn:virtualAuthenticators: true}
Session ID: 74c02d055f9c82cfd9d436073c9c9b23
	at org.openqa.selenium.remote.codec.w3c.W3CHttpResponseCodec.createException(W3CHttpResponseCodec.java:200)
	at org.openqa.selenium.remote.codec.w3c.W3CHttpResponseCodec.decode(W3CHttpResponseCodec.java:133)
	at org.openqa.selenium.remote.codec.w3c.W3CHttpResponseCodec.decode(W3CHttpResponseCodec.java:53)
	at org.openqa.selenium.remote.HttpCommandExecutor.execute(HttpCommandExecutor.java:184)
	at org.openqa.selenium.remote.service.DriverCommandExecutor.invokeExecute(DriverCommandExecutor.java:167)
	at org.openqa.selenium.remote.service.DriverCommandExecutor.execute(DriverCommandExecutor.java:142)
	at org.openqa.selenium.remote.RemoteWebDriver.execute(RemoteWebDriver.java:558)
	at org.openqa.selenium.remote.ElementLocation$ElementFinder$2.findElement(ElementLocation.java:162)
	at org.openqa.selenium.remote.ElementLocation.findElement(ElementLocation.java:60)
	at org.openqa.selenium.remote.RemoteWebDriver.findElement(RemoteWebDriver.java:382)
	at org.openqa.selenium.remote.RemoteWebDriver.findElement(RemoteWebDriver.java:374)
	at org.openqa.selenium.support.pagefactory.DefaultElementLocator.findElement(DefaultElementLocator.java:70)
	at org.openqa.selenium.support.pagefactory.internal.LocatingElementHandler.invoke(LocatingElementHandler.java:39)
	at com.sun.proxy.$Proxy15.isDisplayed(Unknown Source)
	at com.Tour.qa.pages.ForgotPassword.ValidateResetPWWithValidEmail(ForgotPassword.java:71)
	at com.Tour.qa.testdata.ForgotPasswordTest.ValidateResetPWWithValidEmail(ForgotPasswordTest.java:57)
	at java.util.ArrayList.forEach(ArrayList.java:1259)
... Removed 30 stack frames</div></td></tr></table><p class="totop"><a href="#summary">back to summary</a></p>
<h3 id="m7">com.Tour.qa.testdata.HeaderFooterTest#validateResendlink</h3><table class="result"><tr><th>Exception</th></tr><tr><td><div class="stacktrace">org.openqa.selenium.NoSuchElementException: no such element: Unable to locate element: {&quot;method&quot;:&quot;xpath&quot;,&quot;selector&quot;:&quot;//h1[contains(text(),&apos;Confirmation Sent!&apos;)]&quot;}
  (Session info: chrome=100.0.4896.127)
For documentation on this error, please visit: https://selenium.dev/exceptions/#no_such_element
Build info: version: &apos;4.1.2&apos;, revision: &apos;9a5a329c5a&apos;
System info: host: &apos;DESKTOP-PSP68KB&apos;, ip: &apos;192.168.223.1&apos;, os.name: &apos;Windows 10&apos;, os.arch: &apos;amd64&apos;, os.version: &apos;10.0&apos;, java.version: &apos;1.8.0_301&apos;
Driver info: org.openqa.selenium.chrome.ChromeDriver
Command: [1962b00be57453de8653d1f08118c901, findElement {using=xpath, value=//h1[contains(text(),&apos;Confirmation Sent!&apos;)]}]
Capabilities {acceptInsecureCerts: false, browserName: chrome, browserVersion: 100.0.4896.127, chrome: {chromedriverVersion: 100.0.4896.60 (6a5d10861ce8..., userDataDir: C:\Users\Home\AppData\Local...}, goog:chromeOptions: {debuggerAddress: localhost:56325}, javascriptEnabled: true, networkConnectionEnabled: false, pageLoadStrategy: normal, platform: WINDOWS, platformName: WINDOWS, proxy: Proxy(), se:cdp: ws://localhost:56325/devtoo..., se:cdpVersion: 100.0.4896.127, setWindowRect: true, strictFileInteractability: false, timeouts: {implicit: 0, pageLoad: 300000, script: 30000}, unhandledPromptBehavior: dismiss and notify, webauthn:extension:credBlob: true, webauthn:extension:largeBlob: true, webauthn:virtualAuthenticators: true}
Session ID: 1962b00be57453de8653d1f08118c901
	at org.openqa.selenium.remote.codec.w3c.W3CHttpResponseCodec.createException(W3CHttpResponseCodec.java:200)
	at org.openqa.selenium.remote.codec.w3c.W3CHttpResponseCodec.decode(W3CHttpResponseCodec.java:133)
	at org.openqa.selenium.remote.codec.w3c.W3CHttpResponseCodec.decode(W3CHttpResponseCodec.java:53)
	at org.openqa.selenium.remote.HttpCommandExecutor.execute(HttpCommandExecutor.java:184)
	at org.openqa.selenium.remote.service.DriverCommandExecutor.invokeExecute(DriverCommandExecutor.java:167)
	at org.openqa.selenium.remote.service.DriverCommandExecutor.execute(DriverCommandExecutor.java:142)
	at org.openqa.selenium.remote.RemoteWebDriver.execute(RemoteWebDriver.java:558)
	at org.openqa.selenium.remote.ElementLocation$ElementFinder$2.findElement(ElementLocation.java:162)
	at org.openqa.selenium.remote.ElementLocation.findElement(ElementLocation.java:60)
	at org.openqa.selenium.remote.RemoteWebDriver.findElement(RemoteWebDriver.java:382)
	at org.openqa.selenium.remote.RemoteWebDriver.findElement(RemoteWebDriver.java:374)
	at org.openqa.selenium.support.pagefactory.DefaultElementLocator.findElement(DefaultElementLocator.java:70)
	at org.openqa.selenium.support.pagefactory.internal.LocatingElementHandler.invoke(LocatingElementHandler.java:39)
	at com.sun.proxy.$Proxy15.isDisplayed(Unknown Source)
	at com.Tour.qa.pages.CheckHeadersAndFooters.validateResendLink(CheckHeadersAndFooters.java:114)
	at com.Tour.qa.testdata.HeaderFooterTest.validateResendlink(HeaderFooterTest.java:119)
	at java.util.ArrayList.forEach(ArrayList.java:1259)
... Removed 30 stack frames</div></td></tr></table><p class="totop"><a href="#summary">back to summary</a></p>
<h3 id="m8">com.Tour.qa.testdata.LoginTest#loginPageOnEmptyEmailField</h3><table class="result"><tr><th>Exception</th></tr><tr><td><div class="stacktrace">org.openqa.selenium.NoSuchElementException: no such element: Unable to locate element: {&quot;method&quot;:&quot;xpath&quot;,&quot;selector&quot;:&quot;//span[contains(text(),&apos;Email/Password is incorrect.&apos;)]&quot;}
  (Session info: chrome=100.0.4896.127)
For documentation on this error, please visit: https://selenium.dev/exceptions/#no_such_element
Build info: version: &apos;4.1.2&apos;, revision: &apos;9a5a329c5a&apos;
System info: host: &apos;DESKTOP-PSP68KB&apos;, ip: &apos;192.168.223.1&apos;, os.name: &apos;Windows 10&apos;, os.arch: &apos;amd64&apos;, os.version: &apos;10.0&apos;, java.version: &apos;1.8.0_301&apos;
Driver info: org.openqa.selenium.chrome.ChromeDriver
Command: [425de9a81d2d7129d0a5f1be38cca597, findElement {using=xpath, value=//span[contains(text(),&apos;Email/Password is incorrect.&apos;)]}]
Capabilities {acceptInsecureCerts: false, browserName: chrome, browserVersion: 100.0.4896.127, chrome: {chromedriverVersion: 100.0.4896.60 (6a5d10861ce8..., userDataDir: C:\Users\Home\AppData\Local...}, goog:chromeOptions: {debuggerAddress: localhost:54992}, javascriptEnabled: true, networkConnectionEnabled: false, pageLoadStrategy: normal, platform: WINDOWS, platformName: WINDOWS, proxy: Proxy(), se:cdp: ws://localhost:54992/devtoo..., se:cdpVersion: 100.0.4896.127, setWindowRect: true, strictFileInteractability: false, timeouts: {implicit: 0, pageLoad: 300000, script: 30000}, unhandledPromptBehavior: dismiss and notify, webauthn:extension:credBlob: true, webauthn:extension:largeBlob: true, webauthn:virtualAuthenticators: true}
Session ID: 425de9a81d2d7129d0a5f1be38cca597
	at org.openqa.selenium.remote.codec.w3c.W3CHttpResponseCodec.createException(W3CHttpResponseCodec.java:200)
	at org.openqa.selenium.remote.codec.w3c.W3CHttpResponseCodec.decode(W3CHttpResponseCodec.java:133)
	at org.openqa.selenium.remote.codec.w3c.W3CHttpResponseCodec.decode(W3CHttpResponseCodec.java:53)
	at org.openqa.selenium.remote.HttpCommandExecutor.execute(HttpCommandExecutor.java:184)
	at org.openqa.selenium.remote.service.DriverCommandExecutor.invokeExecute(DriverCommandExecutor.java:167)
	at org.openqa.selenium.remote.service.DriverCommandExecutor.execute(DriverCommandExecutor.java:142)
	at org.openqa.selenium.remote.RemoteWebDriver.execute(RemoteWebDriver.java:558)
	at org.openqa.selenium.remote.ElementLocation$ElementFinder$2.findElement(ElementLocation.java:162)
	at org.openqa.selenium.remote.ElementLocation.findElement(ElementLocation.java:60)
	at org.openqa.selenium.remote.RemoteWebDriver.findElement(RemoteWebDriver.java:382)
	at org.openqa.selenium.remote.RemoteWebDriver.findElement(RemoteWebDriver.java:374)
	at org.openqa.selenium.support.pagefactory.DefaultElementLocator.findElement(DefaultElementLocator.java:70)
	at org.openqa.selenium.support.pagefactory.internal.LocatingElementHandler.invoke(LocatingElementHandler.java:39)
	at com.sun.proxy.$Proxy15.isDisplayed(Unknown Source)
	at com.Tour.qa.pages.LoginPage.loginEmpty(LoginPage.java:99)
	at com.Tour.qa.testdata.LoginTest.loginPageOnEmptyEmailField(LoginTest.java:77)
	at java.util.ArrayList.forEach(ArrayList.java:1259)
... Removed 31 stack frames</div></td></tr></table><p class="totop"><a href="#summary">back to summary</a></p>
<h3 id="m9">com.Tour.qa.testdata.ModifyCancelTest#checkCloseCancelwin</h3><table class="result"><tr><th>Exception</th></tr><tr><td><div class="stacktrace">org.openqa.selenium.NoSuchElementException: no such element: Unable to locate element: {&quot;method&quot;:&quot;xpath&quot;,&quot;selector&quot;:&quot;//tbody/tr[@id=&apos;4631&apos;]/td[10]/a[1]&quot;}
  (Session info: chrome=100.0.4896.127)
For documentation on this error, please visit: https://selenium.dev/exceptions/#no_such_element
Build info: version: &apos;4.1.2&apos;, revision: &apos;9a5a329c5a&apos;
System info: host: &apos;DESKTOP-PSP68KB&apos;, ip: &apos;192.168.223.1&apos;, os.name: &apos;Windows 10&apos;, os.arch: &apos;amd64&apos;, os.version: &apos;10.0&apos;, java.version: &apos;1.8.0_301&apos;
Driver info: org.openqa.selenium.chrome.ChromeDriver
Command: [e01b11bfecdf747e7eb53ca41c0747d4, findElement {using=xpath, value=//tbody/tr[@id=&apos;4631&apos;]/td[10]/a[1]}]
Capabilities {acceptInsecureCerts: false, browserName: chrome, browserVersion: 100.0.4896.127, chrome: {chromedriverVersion: 100.0.4896.60 (6a5d10861ce8..., userDataDir: C:\Users\Home\AppData\Local...}, goog:chromeOptions: {debuggerAddress: localhost:55597}, javascriptEnabled: true, networkConnectionEnabled: false, pageLoadStrategy: normal, platform: WINDOWS, platformName: WINDOWS, proxy: Proxy(), se:cdp: ws://localhost:55597/devtoo..., se:cdpVersion: 100.0.4896.127, setWindowRect: true, strictFileInteractability: false, timeouts: {implicit: 0, pageLoad: 300000, script: 30000}, unhandledPromptBehavior: dismiss and notify, webauthn:extension:credBlob: true, webauthn:extension:largeBlob: true, webauthn:virtualAuthenticators: true}
Session ID: e01b11bfecdf747e7eb53ca41c0747d4
	at org.openqa.selenium.remote.codec.w3c.W3CHttpResponseCodec.createException(W3CHttpResponseCodec.java:200)
	at org.openqa.selenium.remote.codec.w3c.W3CHttpResponseCodec.decode(W3CHttpResponseCodec.java:133)
	at org.openqa.selenium.remote.codec.w3c.W3CHttpResponseCodec.decode(W3CHttpResponseCodec.java:53)
	at org.openqa.selenium.remote.HttpCommandExecutor.execute(HttpCommandExecutor.java:184)
	at org.openqa.selenium.remote.service.DriverCommandExecutor.invokeExecute(DriverCommandExecutor.java:167)
	at org.openqa.selenium.remote.service.DriverCommandExecutor.execute(DriverCommandExecutor.java:142)
	at org.openqa.selenium.remote.RemoteWebDriver.execute(RemoteWebDriver.java:558)
	at org.openqa.selenium.remote.ElementLocation$ElementFinder$2.findElement(ElementLocation.java:162)
	at org.openqa.selenium.remote.ElementLocation.findElement(ElementLocation.java:60)
	at org.openqa.selenium.remote.RemoteWebDriver.findElement(RemoteWebDriver.java:382)
	at org.openqa.selenium.remote.RemoteWebDriver.findElement(RemoteWebDriver.java:374)
	at com.Tour.qa.pages.ModifyCancelPage.CheckcloseCancelwin(ModifyCancelPage.java:382)
	at com.Tour.qa.testdata.ModifyCancelTest.checkCloseCancelwin(ModifyCancelTest.java:204)
	at java.util.ArrayList.forEach(ArrayList.java:1259)
... Removed 31 stack frames</div></td></tr></table><p class="totop"><a href="#summary">back to summary</a></p>
<h3 id="m10">com.Tour.qa.testdata.ModifyCancelTest#checkDeleteTour</h3><table class="result"><tr><th>Exception</th></tr><tr><td><div class="stacktrace">org.openqa.selenium.NoSuchElementException: no such element: Unable to locate element: {&quot;method&quot;:&quot;xpath&quot;,&quot;selector&quot;:&quot;//tbody/tr[@id=&apos;4631&apos;]/td[10]/a[1]&quot;}
  (Session info: chrome=100.0.4896.127)
For documentation on this error, please visit: https://selenium.dev/exceptions/#no_such_element
Build info: version: &apos;4.1.2&apos;, revision: &apos;9a5a329c5a&apos;
System info: host: &apos;DESKTOP-PSP68KB&apos;, ip: &apos;192.168.223.1&apos;, os.name: &apos;Windows 10&apos;, os.arch: &apos;amd64&apos;, os.version: &apos;10.0&apos;, java.version: &apos;1.8.0_301&apos;
Driver info: org.openqa.selenium.chrome.ChromeDriver
Command: [3d77a52e19bec6de333e5e841e27349c, findElement {using=xpath, value=//tbody/tr[@id=&apos;4631&apos;]/td[10]/a[1]}]
Capabilities {acceptInsecureCerts: false, browserName: chrome, browserVersion: 100.0.4896.127, chrome: {chromedriverVersion: 100.0.4896.60 (6a5d10861ce8..., userDataDir: C:\Users\Home\AppData\Local...}, goog:chromeOptions: {debuggerAddress: localhost:55650}, javascriptEnabled: true, networkConnectionEnabled: false, pageLoadStrategy: normal, platform: WINDOWS, platformName: WINDOWS, proxy: Proxy(), se:cdp: ws://localhost:55650/devtoo..., se:cdpVersion: 100.0.4896.127, setWindowRect: true, strictFileInteractability: false, timeouts: {implicit: 0, pageLoad: 300000, script: 30000}, unhandledPromptBehavior: dismiss and notify, webauthn:extension:credBlob: true, webauthn:extension:largeBlob: true, webauthn:virtualAuthenticators: true}
Session ID: 3d77a52e19bec6de333e5e841e27349c
	at org.openqa.selenium.remote.codec.w3c.W3CHttpResponseCodec.createException(W3CHttpResponseCodec.java:200)
	at org.openqa.selenium.remote.codec.w3c.W3CHttpResponseCodec.decode(W3CHttpResponseCodec.java:133)
	at org.openqa.selenium.remote.codec.w3c.W3CHttpResponseCodec.decode(W3CHttpResponseCodec.java:53)
	at org.openqa.selenium.remote.HttpCommandExecutor.execute(HttpCommandExecutor.java:184)
	at org.openqa.selenium.remote.service.DriverCommandExecutor.invokeExecute(DriverCommandExecutor.java:167)
	at org.openqa.selenium.remote.service.DriverCommandExecutor.execute(DriverCommandExecutor.java:142)
	at org.openqa.selenium.remote.RemoteWebDriver.execute(RemoteWebDriver.java:558)
	at org.openqa.selenium.remote.ElementLocation$ElementFinder$2.findElement(ElementLocation.java:162)
	at org.openqa.selenium.remote.ElementLocation.findElement(ElementLocation.java:60)
	at org.openqa.selenium.remote.RemoteWebDriver.findElement(RemoteWebDriver.java:382)
	at org.openqa.selenium.remote.RemoteWebDriver.findElement(RemoteWebDriver.java:374)
	at com.Tour.qa.pages.ModifyCancelPage.CheckcDeleteTour(ModifyCancelPage.java:404)
	at com.Tour.qa.testdata.ModifyCancelTest.checkDeleteTour(ModifyCancelTest.java:213)
	at java.util.ArrayList.forEach(ArrayList.java:1259)
... Removed 31 stack frames</div></td></tr></table><p class="totop"><a href="#summary">back to summary</a></p>
<h3 id="m11">com.Tour.qa.testdata.ModifyCancelTest#checkModify</h3><table class="result"><tr><th>Exception</th></tr><tr><td><div class="stacktrace">org.openqa.selenium.NoSuchElementException: no such element: Unable to locate element: {&quot;method&quot;:&quot;xpath&quot;,&quot;selector&quot;:&quot;//tbody/tr[@id=&apos;4631&apos;]/td[9]/a[1]&quot;}
  (Session info: chrome=100.0.4896.127)
For documentation on this error, please visit: https://selenium.dev/exceptions/#no_such_element
Build info: version: &apos;4.1.2&apos;, revision: &apos;9a5a329c5a&apos;
System info: host: &apos;DESKTOP-PSP68KB&apos;, ip: &apos;192.168.223.1&apos;, os.name: &apos;Windows 10&apos;, os.arch: &apos;amd64&apos;, os.version: &apos;10.0&apos;, java.version: &apos;1.8.0_301&apos;
Driver info: org.openqa.selenium.chrome.ChromeDriver
Command: [afb2400e9633d7c66e9ee043b1fcba65, findElement {using=xpath, value=//tbody/tr[@id=&apos;4631&apos;]/td[9]/a[1]}]
Capabilities {acceptInsecureCerts: false, browserName: chrome, browserVersion: 100.0.4896.127, chrome: {chromedriverVersion: 100.0.4896.60 (6a5d10861ce8..., userDataDir: C:\Users\Home\AppData\Local...}, goog:chromeOptions: {debuggerAddress: localhost:55470}, javascriptEnabled: true, networkConnectionEnabled: false, pageLoadStrategy: normal, platform: WINDOWS, platformName: WINDOWS, proxy: Proxy(), se:cdp: ws://localhost:55470/devtoo..., se:cdpVersion: 100.0.4896.127, setWindowRect: true, strictFileInteractability: false, timeouts: {implicit: 0, pageLoad: 300000, script: 30000}, unhandledPromptBehavior: dismiss and notify, webauthn:extension:credBlob: true, webauthn:extension:largeBlob: true, webauthn:virtualAuthenticators: true}
Session ID: afb2400e9633d7c66e9ee043b1fcba65
	at org.openqa.selenium.remote.codec.w3c.W3CHttpResponseCodec.createException(W3CHttpResponseCodec.java:200)
	at org.openqa.selenium.remote.codec.w3c.W3CHttpResponseCodec.decode(W3CHttpResponseCodec.java:133)
	at org.openqa.selenium.remote.codec.w3c.W3CHttpResponseCodec.decode(W3CHttpResponseCodec.java:53)
	at org.openqa.selenium.remote.HttpCommandExecutor.execute(HttpCommandExecutor.java:184)
	at org.openqa.selenium.remote.service.DriverCommandExecutor.invokeExecute(DriverCommandExecutor.java:167)
	at org.openqa.selenium.remote.service.DriverCommandExecutor.execute(DriverCommandExecutor.java:142)
	at org.openqa.selenium.remote.RemoteWebDriver.execute(RemoteWebDriver.java:558)
	at org.openqa.selenium.remote.ElementLocation$ElementFinder$2.findElement(ElementLocation.java:162)
	at org.openqa.selenium.remote.ElementLocation.findElement(ElementLocation.java:60)
	at org.openqa.selenium.remote.RemoteWebDriver.findElement(RemoteWebDriver.java:382)
	at org.openqa.selenium.remote.RemoteWebDriver.findElement(RemoteWebDriver.java:374)
	at com.Tour.qa.pages.ModifyCancelPage.CheckModifyButton(ModifyCancelPage.java:328)
	at com.Tour.qa.testdata.ModifyCancelTest.checkModify(ModifyCancelTest.java:174)
	at java.util.ArrayList.forEach(ArrayList.java:1259)
... Removed 31 stack frames</div></td></tr></table><p class="totop"><a href="#summary">back to summary</a></p>
<h3 id="m12">com.Tour.qa.testdata.ModifyCancelTest#checkResend</h3><table class="result"><tr><th>Exception</th></tr><tr><td><div class="stacktrace">org.openqa.selenium.NoSuchElementException: no such element: Unable to locate element: {&quot;method&quot;:&quot;xpath&quot;,&quot;selector&quot;:&quot;//tbody/tr[@id=&apos;4631&apos;]/td[8]/a[1]&quot;}
  (Session info: chrome=100.0.4896.127)
For documentation on this error, please visit: https://selenium.dev/exceptions/#no_such_element
Build info: version: &apos;4.1.2&apos;, revision: &apos;9a5a329c5a&apos;
System info: host: &apos;DESKTOP-PSP68KB&apos;, ip: &apos;192.168.223.1&apos;, os.name: &apos;Windows 10&apos;, os.arch: &apos;amd64&apos;, os.version: &apos;10.0&apos;, java.version: &apos;1.8.0_301&apos;
Driver info: org.openqa.selenium.chrome.ChromeDriver
Command: [043371c9d58a43f6a055220fe468460c, findElement {using=xpath, value=//tbody/tr[@id=&apos;4631&apos;]/td[8]/a[1]}]
Capabilities {acceptInsecureCerts: false, browserName: chrome, browserVersion: 100.0.4896.127, chrome: {chromedriverVersion: 100.0.4896.60 (6a5d10861ce8..., userDataDir: C:\Users\Home\AppData\Local...}, goog:chromeOptions: {debuggerAddress: localhost:55440}, javascriptEnabled: true, networkConnectionEnabled: false, pageLoadStrategy: normal, platform: WINDOWS, platformName: WINDOWS, proxy: Proxy(), se:cdp: ws://localhost:55440/devtoo..., se:cdpVersion: 100.0.4896.127, setWindowRect: true, strictFileInteractability: false, timeouts: {implicit: 0, pageLoad: 300000, script: 30000}, unhandledPromptBehavior: dismiss and notify, webauthn:extension:credBlob: true, webauthn:extension:largeBlob: true, webauthn:virtualAuthenticators: true}
Session ID: 043371c9d58a43f6a055220fe468460c
	at org.openqa.selenium.remote.codec.w3c.W3CHttpResponseCodec.createException(W3CHttpResponseCodec.java:200)
	at org.openqa.selenium.remote.codec.w3c.W3CHttpResponseCodec.decode(W3CHttpResponseCodec.java:133)
	at org.openqa.selenium.remote.codec.w3c.W3CHttpResponseCodec.decode(W3CHttpResponseCodec.java:53)
	at org.openqa.selenium.remote.HttpCommandExecutor.execute(HttpCommandExecutor.java:184)
	at org.openqa.selenium.remote.service.DriverCommandExecutor.invokeExecute(DriverCommandExecutor.java:167)
	at org.openqa.selenium.remote.service.DriverCommandExecutor.execute(DriverCommandExecutor.java:142)
	at org.openqa.selenium.remote.RemoteWebDriver.execute(RemoteWebDriver.java:558)
	at org.openqa.selenium.remote.ElementLocation$ElementFinder$2.findElement(ElementLocation.java:162)
	at org.openqa.selenium.remote.ElementLocation.findElement(ElementLocation.java:60)
	at org.openqa.selenium.remote.RemoteWebDriver.findElement(RemoteWebDriver.java:382)
	at org.openqa.selenium.remote.RemoteWebDriver.findElement(RemoteWebDriver.java:374)
	at com.Tour.qa.pages.ModifyCancelPage.CheckResendButton(ModifyCancelPage.java:312)
	at com.Tour.qa.testdata.ModifyCancelTest.checkResend(ModifyCancelTest.java:165)
	at java.util.ArrayList.forEach(ArrayList.java:1259)
... Removed 31 stack frames</div></td></tr></table><p class="totop"><a href="#summary">back to summary</a></p>
<h3 id="m13">com.Tour.qa.testdata.ModifyCancelTest#checkReview</h3><table class="result"><tr><th>Exception</th></tr><tr><td><div class="stacktrace">org.openqa.selenium.NoSuchElementException: no such element: Unable to locate element: {&quot;method&quot;:&quot;xpath&quot;,&quot;selector&quot;:&quot;//tbody/tr[@id=&apos;4631&apos;]/td[7]/a[1]&quot;}
  (Session info: chrome=100.0.4896.127)
For documentation on this error, please visit: https://selenium.dev/exceptions/#no_such_element
Build info: version: &apos;4.1.2&apos;, revision: &apos;9a5a329c5a&apos;
System info: host: &apos;DESKTOP-PSP68KB&apos;, ip: &apos;192.168.223.1&apos;, os.name: &apos;Windows 10&apos;, os.arch: &apos;amd64&apos;, os.version: &apos;10.0&apos;, java.version: &apos;1.8.0_301&apos;
Driver info: org.openqa.selenium.chrome.ChromeDriver
Command: [b770f8740ba65875f93d0955528594a2, findElement {using=xpath, value=//tbody/tr[@id=&apos;4631&apos;]/td[7]/a[1]}]
Capabilities {acceptInsecureCerts: false, browserName: chrome, browserVersion: 100.0.4896.127, chrome: {chromedriverVersion: 100.0.4896.60 (6a5d10861ce8..., userDataDir: C:\Users\Home\AppData\Local...}, goog:chromeOptions: {debuggerAddress: localhost:55402}, javascriptEnabled: true, networkConnectionEnabled: false, pageLoadStrategy: normal, platform: WINDOWS, platformName: WINDOWS, proxy: Proxy(), se:cdp: ws://localhost:55402/devtoo..., se:cdpVersion: 100.0.4896.127, setWindowRect: true, strictFileInteractability: false, timeouts: {implicit: 0, pageLoad: 300000, script: 30000}, unhandledPromptBehavior: dismiss and notify, webauthn:extension:credBlob: true, webauthn:extension:largeBlob: true, webauthn:virtualAuthenticators: true}
Session ID: b770f8740ba65875f93d0955528594a2
	at org.openqa.selenium.remote.codec.w3c.W3CHttpResponseCodec.createException(W3CHttpResponseCodec.java:200)
	at org.openqa.selenium.remote.codec.w3c.W3CHttpResponseCodec.decode(W3CHttpResponseCodec.java:133)
	at org.openqa.selenium.remote.codec.w3c.W3CHttpResponseCodec.decode(W3CHttpResponseCodec.java:53)
	at org.openqa.selenium.remote.HttpCommandExecutor.execute(HttpCommandExecutor.java:184)
	at org.openqa.selenium.remote.service.DriverCommandExecutor.invokeExecute(DriverCommandExecutor.java:167)
	at org.openqa.selenium.remote.service.DriverCommandExecutor.execute(DriverCommandExecutor.java:142)
	at org.openqa.selenium.remote.RemoteWebDriver.execute(RemoteWebDriver.java:558)
	at org.openqa.selenium.remote.ElementLocation$ElementFinder$2.findElement(ElementLocation.java:162)
	at org.openqa.selenium.remote.ElementLocation.findElement(ElementLocation.java:60)
	at org.openqa.selenium.remote.RemoteWebDriver.findElement(RemoteWebDriver.java:382)
	at org.openqa.selenium.remote.RemoteWebDriver.findElement(RemoteWebDriver.java:374)
	at com.Tour.qa.pages.ModifyCancelPage.CheckReviewButton(ModifyCancelPage.java:295)
	at com.Tour.qa.testdata.ModifyCancelTest.checkReview(ModifyCancelTest.java:155)
	at java.util.ArrayList.forEach(ArrayList.java:1259)
... Removed 31 stack frames</div></td></tr></table><p class="totop"><a href="#summary">back to summary</a></p>
<h3 id="m14">com.Tour.qa.testdata.ModifyCancelTest#printGroupSize</h3><table class="result"><tr><th>Exception</th></tr><tr><td><div class="stacktrace">org.openqa.selenium.NoSuchElementException: no such element: Unable to locate element: {&quot;method&quot;:&quot;xpath&quot;,&quot;selector&quot;:&quot;//tbody/tr[@id=&apos;4631&apos;]/td[5]&quot;}
  (Session info: chrome=100.0.4896.127)
For documentation on this error, please visit: https://selenium.dev/exceptions/#no_such_element
Build info: version: &apos;4.1.2&apos;, revision: &apos;9a5a329c5a&apos;
System info: host: &apos;DESKTOP-PSP68KB&apos;, ip: &apos;192.168.223.1&apos;, os.name: &apos;Windows 10&apos;, os.arch: &apos;amd64&apos;, os.version: &apos;10.0&apos;, java.version: &apos;1.8.0_301&apos;
Driver info: org.openqa.selenium.chrome.ChromeDriver
Command: [ec5b7feb3be6b064d12dbd0a8c88dde1, findElement {using=xpath, value=//tbody/tr[@id=&apos;4631&apos;]/td[5]}]
Capabilities {acceptInsecureCerts: false, browserName: chrome, browserVersion: 100.0.4896.127, chrome: {chromedriverVersion: 100.0.4896.60 (6a5d10861ce8..., userDataDir: C:\Users\Home\AppData\Local...}, goog:chromeOptions: {debuggerAddress: localhost:55740}, javascriptEnabled: true, networkConnectionEnabled: false, pageLoadStrategy: normal, platform: WINDOWS, platformName: WINDOWS, proxy: Proxy(), se:cdp: ws://localhost:55740/devtoo..., se:cdpVersion: 100.0.4896.127, setWindowRect: true, strictFileInteractability: false, timeouts: {implicit: 0, pageLoad: 300000, script: 30000}, unhandledPromptBehavior: dismiss and notify, webauthn:extension:credBlob: true, webauthn:extension:largeBlob: true, webauthn:virtualAuthenticators: true}
Session ID: ec5b7feb3be6b064d12dbd0a8c88dde1
	at org.openqa.selenium.remote.codec.w3c.W3CHttpResponseCodec.createException(W3CHttpResponseCodec.java:200)
	at org.openqa.selenium.remote.codec.w3c.W3CHttpResponseCodec.decode(W3CHttpResponseCodec.java:133)
	at org.openqa.selenium.remote.codec.w3c.W3CHttpResponseCodec.decode(W3CHttpResponseCodec.java:53)
	at org.openqa.selenium.remote.HttpCommandExecutor.execute(HttpCommandExecutor.java:184)
	at org.openqa.selenium.remote.service.DriverCommandExecutor.invokeExecute(DriverCommandExecutor.java:167)
	at org.openqa.selenium.remote.service.DriverCommandExecutor.execute(DriverCommandExecutor.java:142)
	at org.openqa.selenium.remote.RemoteWebDriver.execute(RemoteWebDriver.java:558)
	at org.openqa.selenium.remote.ElementLocation$ElementFinder$2.findElement(ElementLocation.java:162)
	at org.openqa.selenium.remote.ElementLocation.findElement(ElementLocation.java:60)
	at org.openqa.selenium.remote.RemoteWebDriver.findElement(RemoteWebDriver.java:382)
	at org.openqa.selenium.remote.RemoteWebDriver.findElement(RemoteWebDriver.java:374)
	at com.Tour.qa.pages.ModifyCancelPage.returnGroupSize(ModifyCancelPage.java:247)
	at com.Tour.qa.testdata.ModifyCancelTest.printGroupSize(ModifyCancelTest.java:237)
	at java.util.ArrayList.forEach(ArrayList.java:1259)
... Removed 31 stack frames</div></td></tr></table><p class="totop"><a href="#summary">back to summary</a></p>
<h3 id="m15">com.Tour.qa.testdata.PrintTicketTest#ChooseDateShouldBeClickableFromMenuBar</h3><table class="result"><tr><th>Exception</th></tr><tr><td><div class="stacktrace">org.openqa.selenium.NoSuchElementException: no such element: Unable to locate element: {&quot;method&quot;:&quot;xpath&quot;,&quot;selector&quot;:&quot;/html[1]/body[1]/div[2]/div[2]/div[1]/div[1]/div[1]/div[2]/h1[1]&quot;}
  (Session info: chrome=100.0.4896.127)
For documentation on this error, please visit: https://selenium.dev/exceptions/#no_such_element
Build info: version: &apos;4.1.2&apos;, revision: &apos;9a5a329c5a&apos;
System info: host: &apos;DESKTOP-PSP68KB&apos;, ip: &apos;192.168.223.1&apos;, os.name: &apos;Windows 10&apos;, os.arch: &apos;amd64&apos;, os.version: &apos;10.0&apos;, java.version: &apos;1.8.0_301&apos;
Driver info: org.openqa.selenium.chrome.ChromeDriver
Command: [d1df60751a3880ed2d9bef03b2233f30, findElement {using=xpath, value=/html[1]/body[1]/div[2]/div[2]/div[1]/div[1]/div[1]/div[2]/h1[1]}]
Capabilities {acceptInsecureCerts: false, browserName: chrome, browserVersion: 100.0.4896.127, chrome: {chromedriverVersion: 100.0.4896.60 (6a5d10861ce8..., userDataDir: C:\Users\Home\AppData\Local...}, goog:chromeOptions: {debuggerAddress: localhost:55301}, javascriptEnabled: true, networkConnectionEnabled: false, pageLoadStrategy: normal, platform: WINDOWS, platformName: WINDOWS, proxy: Proxy(), se:cdp: ws://localhost:55301/devtoo..., se:cdpVersion: 100.0.4896.127, setWindowRect: true, strictFileInteractability: false, timeouts: {implicit: 0, pageLoad: 300000, script: 30000}, unhandledPromptBehavior: dismiss and notify, webauthn:extension:credBlob: true, webauthn:extension:largeBlob: true, webauthn:virtualAuthenticators: true}
Session ID: d1df60751a3880ed2d9bef03b2233f30
	at org.openqa.selenium.remote.codec.w3c.W3CHttpResponseCodec.createException(W3CHttpResponseCodec.java:200)
	at org.openqa.selenium.remote.codec.w3c.W3CHttpResponseCodec.decode(W3CHttpResponseCodec.java:133)
	at org.openqa.selenium.remote.codec.w3c.W3CHttpResponseCodec.decode(W3CHttpResponseCodec.java:53)
	at org.openqa.selenium.remote.HttpCommandExecutor.execute(HttpCommandExecutor.java:184)
	at org.openqa.selenium.remote.service.DriverCommandExecutor.invokeExecute(DriverCommandExecutor.java:167)
	at org.openqa.selenium.remote.service.DriverCommandExecutor.execute(DriverCommandExecutor.java:142)
	at org.openqa.selenium.remote.RemoteWebDriver.execute(RemoteWebDriver.java:558)
	at org.openqa.selenium.remote.ElementLocation$ElementFinder$2.findElement(ElementLocation.java:162)
	at org.openqa.selenium.remote.ElementLocation.findElement(ElementLocation.java:60)
	at org.openqa.selenium.remote.RemoteWebDriver.findElement(RemoteWebDriver.java:382)
	at org.openqa.selenium.remote.RemoteWebDriver.findElement(RemoteWebDriver.java:374)
	at com.Tour.qa.pages.PrintTicket.validatechooseDate(PrintTicket.java:183)
	at com.Tour.qa.testdata.PrintTicketTest.ChooseDateShouldBeClickableFromMenuBar(PrintTicketTest.java:140)
	at java.util.ArrayList.forEach(ArrayList.java:1259)
... Removed 31 stack frames</div></td></tr></table><p class="totop"><a href="#summary">back to summary</a></p>
<h3 id="m16">com.Tour.qa.testdata.PrintTicketTest#ChooseTourshouldBeClickableFromManuBar</h3><table class="result"><tr><th>Exception</th></tr><tr><td><div class="stacktrace">org.openqa.selenium.NoSuchElementException: no such element: Unable to locate element: {&quot;method&quot;:&quot;xpath&quot;,&quot;selector&quot;:&quot;/html[1]/body[1]/div[2]/div[2]/div[1]/div[1]/div[1]/div[2]/h1[1]&quot;}
  (Session info: chrome=100.0.4896.127)
For documentation on this error, please visit: https://selenium.dev/exceptions/#no_such_element
Build info: version: &apos;4.1.2&apos;, revision: &apos;9a5a329c5a&apos;
System info: host: &apos;DESKTOP-PSP68KB&apos;, ip: &apos;192.168.223.1&apos;, os.name: &apos;Windows 10&apos;, os.arch: &apos;amd64&apos;, os.version: &apos;10.0&apos;, java.version: &apos;1.8.0_301&apos;
Driver info: org.openqa.selenium.chrome.ChromeDriver
Command: [5c7c618e6479420cfcc61a10a1c89a34, findElement {using=xpath, value=/html[1]/body[1]/div[2]/div[2]/div[1]/div[1]/div[1]/div[2]/h1[1]}]
Capabilities {acceptInsecureCerts: false, browserName: chrome, browserVersion: 100.0.4896.127, chrome: {chromedriverVersion: 100.0.4896.60 (6a5d10861ce8..., userDataDir: C:\Users\Home\AppData\Local...}, goog:chromeOptions: {debuggerAddress: localhost:55198}, javascriptEnabled: true, networkConnectionEnabled: false, pageLoadStrategy: normal, platform: WINDOWS, platformName: WINDOWS, proxy: Proxy(), se:cdp: ws://localhost:55198/devtoo..., se:cdpVersion: 100.0.4896.127, setWindowRect: true, strictFileInteractability: false, timeouts: {implicit: 0, pageLoad: 300000, script: 30000}, unhandledPromptBehavior: dismiss and notify, webauthn:extension:credBlob: true, webauthn:extension:largeBlob: true, webauthn:virtualAuthenticators: true}
Session ID: 5c7c618e6479420cfcc61a10a1c89a34
	at org.openqa.selenium.remote.codec.w3c.W3CHttpResponseCodec.createException(W3CHttpResponseCodec.java:200)
	at org.openqa.selenium.remote.codec.w3c.W3CHttpResponseCodec.decode(W3CHttpResponseCodec.java:133)
	at org.openqa.selenium.remote.codec.w3c.W3CHttpResponseCodec.decode(W3CHttpResponseCodec.java:53)
	at org.openqa.selenium.remote.HttpCommandExecutor.execute(HttpCommandExecutor.java:184)
	at org.openqa.selenium.remote.service.DriverCommandExecutor.invokeExecute(DriverCommandExecutor.java:167)
	at org.openqa.selenium.remote.service.DriverCommandExecutor.execute(DriverCommandExecutor.java:142)
	at org.openqa.selenium.remote.RemoteWebDriver.execute(RemoteWebDriver.java:558)
	at org.openqa.selenium.remote.ElementLocation$ElementFinder$2.findElement(ElementLocation.java:162)
	at org.openqa.selenium.remote.ElementLocation.findElement(ElementLocation.java:60)
	at org.openqa.selenium.remote.RemoteWebDriver.findElement(RemoteWebDriver.java:382)
	at org.openqa.selenium.remote.RemoteWebDriver.findElement(RemoteWebDriver.java:374)
	at com.Tour.qa.pages.PrintTicket.validatechooseTour(PrintTicket.java:171)
	at com.Tour.qa.testdata.PrintTicketTest.ChooseTourshouldBeClickableFromManuBar(PrintTicketTest.java:115)
	at java.util.ArrayList.forEach(ArrayList.java:1259)
... Removed 31 stack frames</div></td></tr></table><p class="totop"><a href="#summary">back to summary</a></p>
<h3 id="m17">com.Tour.qa.testdata.PrintTicketTest#ConfirmAndPurchaseShouldBeClickableFromMenuBar</h3><table class="result"><tr><th>Exception</th></tr><tr><td><div class="stacktrace">org.openqa.selenium.InvalidSelectorException: invalid selector: Unable to locate an element with the xpath expression ///*[@id=&quot;content-body&quot;]/div[1]/div/div/div[2]/div[1]/div[4] because of the following error:
SyntaxError: Failed to execute &apos;evaluate&apos; on &apos;Document&apos;: The string &apos;///*[@id=&quot;content-body&quot;]/div[1]/div/div/div[2]/div[1]/div[4]&apos; is not a valid XPath expression.
  (Session info: chrome=100.0.4896.127)
For documentation on this error, please visit: https://selenium.dev/exceptions/#invalid_selector_exception
Build info: version: &apos;4.1.2&apos;, revision: &apos;9a5a329c5a&apos;
System info: host: &apos;DESKTOP-PSP68KB&apos;, ip: &apos;192.168.223.1&apos;, os.name: &apos;Windows 10&apos;, os.arch: &apos;amd64&apos;, os.version: &apos;10.0&apos;, java.version: &apos;1.8.0_301&apos;
Driver info: org.openqa.selenium.chrome.ChromeDriver
Command: [f3d60c4cd1a41d1f8a0d377efd1aca19, findElement {using=xpath, value=///*[@id=&quot;content-body&quot;]/div[1]/div/div/div[2]/div[1]/div[4]}]
Capabilities {acceptInsecureCerts: false, browserName: chrome, browserVersion: 100.0.4896.127, chrome: {chromedriverVersion: 100.0.4896.60 (6a5d10861ce8..., userDataDir: C:\Users\Home\AppData\Local...}, goog:chromeOptions: {debuggerAddress: localhost:55357}, javascriptEnabled: true, networkConnectionEnabled: false, pageLoadStrategy: normal, platform: WINDOWS, platformName: WINDOWS, proxy: Proxy(), se:cdp: ws://localhost:55357/devtoo..., se:cdpVersion: 100.0.4896.127, setWindowRect: true, strictFileInteractability: false, timeouts: {implicit: 0, pageLoad: 300000, script: 30000}, unhandledPromptBehavior: dismiss and notify, webauthn:extension:credBlob: true, webauthn:extension:largeBlob: true, webauthn:virtualAuthenticators: true}
Session ID: f3d60c4cd1a41d1f8a0d377efd1aca19
	at org.openqa.selenium.remote.codec.w3c.W3CHttpResponseCodec.createException(W3CHttpResponseCodec.java:200)
	at org.openqa.selenium.remote.codec.w3c.W3CHttpResponseCodec.decode(W3CHttpResponseCodec.java:133)
	at org.openqa.selenium.remote.codec.w3c.W3CHttpResponseCodec.decode(W3CHttpResponseCodec.java:53)
	at org.openqa.selenium.remote.HttpCommandExecutor.execute(HttpCommandExecutor.java:184)
	at org.openqa.selenium.remote.service.DriverCommandExecutor.invokeExecute(DriverCommandExecutor.java:167)
	at org.openqa.selenium.remote.service.DriverCommandExecutor.execute(DriverCommandExecutor.java:142)
	at org.openqa.selenium.remote.RemoteWebDriver.execute(RemoteWebDriver.java:558)
	at org.openqa.selenium.remote.ElementLocation$ElementFinder$2.findElement(ElementLocation.java:162)
	at org.openqa.selenium.remote.ElementLocation.findElement(ElementLocation.java:60)
	at org.openqa.selenium.remote.RemoteWebDriver.findElement(RemoteWebDriver.java:382)
	at org.openqa.selenium.remote.RemoteWebDriver.findElement(RemoteWebDriver.java:374)
	at org.openqa.selenium.support.pagefactory.DefaultElementLocator.findElement(DefaultElementLocator.java:70)
	at org.openqa.selenium.support.pagefactory.internal.LocatingElementHandler.invoke(LocatingElementHandler.java:39)
	at com.sun.proxy.$Proxy15.click(Unknown Source)
	at com.Tour.qa.pages.PrintTicket.validateconfirm(PrintTicket.java:196)
	at com.Tour.qa.testdata.PrintTicketTest.ConfirmAndPurchaseShouldBeClickableFromMenuBar(PrintTicketTest.java:151)
	at java.util.ArrayList.forEach(ArrayList.java:1259)
... Removed 31 stack frames</div></td></tr></table><p class="totop"><a href="#summary">back to summary</a></p>
<h3 id="m18">com.Tour.qa.testdata.PrintTicketTest#PrintTicketShouldWorkFrmoMenu</h3><table class="result"><tr><th>Exception</th></tr><tr><td><div class="stacktrace">org.openqa.selenium.InvalidSelectorException: invalid selector: Unable to locate an element with the xpath expression ///*[@id=&quot;content-body&quot;]/div[1]/div/div/div[2]/div[1]/div[4] because of the following error:
SyntaxError: Failed to execute &apos;evaluate&apos; on &apos;Document&apos;: The string &apos;///*[@id=&quot;content-body&quot;]/div[1]/div/div/div[2]/div[1]/div[4]&apos; is not a valid XPath expression.
  (Session info: chrome=100.0.4896.127)
For documentation on this error, please visit: https://selenium.dev/exceptions/#invalid_selector_exception
Build info: version: &apos;4.1.2&apos;, revision: &apos;9a5a329c5a&apos;
System info: host: &apos;DESKTOP-PSP68KB&apos;, ip: &apos;192.168.223.1&apos;, os.name: &apos;Windows 10&apos;, os.arch: &apos;amd64&apos;, os.version: &apos;10.0&apos;, java.version: &apos;1.8.0_301&apos;
Driver info: org.openqa.selenium.chrome.ChromeDriver
Command: [73d0026a04f010577a243670900ad68c, findElement {using=xpath, value=///*[@id=&quot;content-body&quot;]/div[1]/div/div/div[2]/div[1]/div[4]}]
Capabilities {acceptInsecureCerts: false, browserName: chrome, browserVersion: 100.0.4896.127, chrome: {chromedriverVersion: 100.0.4896.60 (6a5d10861ce8..., userDataDir: C:\Users\Home\AppData\Local...}, goog:chromeOptions: {debuggerAddress: localhost:55604}, javascriptEnabled: true, networkConnectionEnabled: false, pageLoadStrategy: normal, platform: WINDOWS, platformName: WINDOWS, proxy: Proxy(), se:cdp: ws://localhost:55604/devtoo..., se:cdpVersion: 100.0.4896.127, setWindowRect: true, strictFileInteractability: false, timeouts: {implicit: 0, pageLoad: 300000, script: 30000}, unhandledPromptBehavior: dismiss and notify, webauthn:extension:credBlob: true, webauthn:extension:largeBlob: true, webauthn:virtualAuthenticators: true}
Session ID: 73d0026a04f010577a243670900ad68c
	at org.openqa.selenium.remote.codec.w3c.W3CHttpResponseCodec.createException(W3CHttpResponseCodec.java:200)
	at org.openqa.selenium.remote.codec.w3c.W3CHttpResponseCodec.decode(W3CHttpResponseCodec.java:133)
	at org.openqa.selenium.remote.codec.w3c.W3CHttpResponseCodec.decode(W3CHttpResponseCodec.java:53)
	at org.openqa.selenium.remote.HttpCommandExecutor.execute(HttpCommandExecutor.java:184)
	at org.openqa.selenium.remote.service.DriverCommandExecutor.invokeExecute(DriverCommandExecutor.java:167)
	at org.openqa.selenium.remote.service.DriverCommandExecutor.execute(DriverCommandExecutor.java:142)
	at org.openqa.selenium.remote.RemoteWebDriver.execute(RemoteWebDriver.java:558)
	at org.openqa.selenium.remote.ElementLocation$ElementFinder$2.findElement(ElementLocation.java:162)
	at org.openqa.selenium.remote.ElementLocation.findElement(ElementLocation.java:60)
	at org.openqa.selenium.remote.RemoteWebDriver.findElement(RemoteWebDriver.java:382)
	at org.openqa.selenium.remote.RemoteWebDriver.findElement(RemoteWebDriver.java:374)
	at org.openqa.selenium.support.pagefactory.DefaultElementLocator.findElement(DefaultElementLocator.java:70)
	at org.openqa.selenium.support.pagefactory.internal.LocatingElementHandler.invoke(LocatingElementHandler.java:39)
	at com.sun.proxy.$Proxy15.isDisplayed(Unknown Source)
	at com.Tour.qa.pages.PrintTicket.printTicket(PrintTicket.java:304)
	at com.Tour.qa.testdata.PrintTicketTest.PrintTicketShouldWorkFrmoMenu(PrintTicketTest.java:193)
	at java.util.ArrayList.forEach(ArrayList.java:1259)
... Removed 31 stack frames</div></td></tr></table><p class="totop"><a href="#summary">back to summary</a></p>
<h3 id="m19">com.Tour.qa.testdata.PrintTicketTest#RegistrationShouldBeClickableFromMenuBar</h3><table class="result"><tr><th>Exception</th></tr><tr><td><div class="stacktrace">org.openqa.selenium.NoSuchElementException: no such element: Unable to locate element: {&quot;method&quot;:&quot;xpath&quot;,&quot;selector&quot;:&quot;//body/div[2]/div[2]/div[1]/div[1]/div[1]/div[3]/h1[1]&quot;}
  (Session info: chrome=100.0.4896.127)
For documentation on this error, please visit: https://selenium.dev/exceptions/#no_such_element
Build info: version: &apos;4.1.2&apos;, revision: &apos;9a5a329c5a&apos;
System info: host: &apos;DESKTOP-PSP68KB&apos;, ip: &apos;192.168.223.1&apos;, os.name: &apos;Windows 10&apos;, os.arch: &apos;amd64&apos;, os.version: &apos;10.0&apos;, java.version: &apos;1.8.0_301&apos;
Driver info: org.openqa.selenium.chrome.ChromeDriver
Command: [f1436453e9bbf176f3fa3f13b64e9ba1, findElement {using=xpath, value=//body/div[2]/div[2]/div[1]/div[1]/div[1]/div[3]/h1[1]}]
Capabilities {acceptInsecureCerts: false, browserName: chrome, browserVersion: 100.0.4896.127, chrome: {chromedriverVersion: 100.0.4896.60 (6a5d10861ce8..., userDataDir: C:\Users\Home\AppData\Local...}, goog:chromeOptions: {debuggerAddress: localhost:55251}, javascriptEnabled: true, networkConnectionEnabled: false, pageLoadStrategy: normal, platform: WINDOWS, platformName: WINDOWS, proxy: Proxy(), se:cdp: ws://localhost:55251/devtoo..., se:cdpVersion: 100.0.4896.127, setWindowRect: true, strictFileInteractability: false, timeouts: {implicit: 0, pageLoad: 300000, script: 30000}, unhandledPromptBehavior: dismiss and notify, webauthn:extension:credBlob: true, webauthn:extension:largeBlob: true, webauthn:virtualAuthenticators: true}
Session ID: f1436453e9bbf176f3fa3f13b64e9ba1
	at org.openqa.selenium.remote.codec.w3c.W3CHttpResponseCodec.createException(W3CHttpResponseCodec.java:200)
	at org.openqa.selenium.remote.codec.w3c.W3CHttpResponseCodec.decode(W3CHttpResponseCodec.java:133)
	at org.openqa.selenium.remote.codec.w3c.W3CHttpResponseCodec.decode(W3CHttpResponseCodec.java:53)
	at org.openqa.selenium.remote.HttpCommandExecutor.execute(HttpCommandExecutor.java:184)
	at org.openqa.selenium.remote.service.DriverCommandExecutor.invokeExecute(DriverCommandExecutor.java:167)
	at org.openqa.selenium.remote.service.DriverCommandExecutor.execute(DriverCommandExecutor.java:142)
	at org.openqa.selenium.remote.RemoteWebDriver.execute(RemoteWebDriver.java:558)
	at org.openqa.selenium.remote.ElementLocation$ElementFinder$2.findElement(ElementLocation.java:162)
	at org.openqa.selenium.remote.ElementLocation.findElement(ElementLocation.java:60)
	at org.openqa.selenium.remote.RemoteWebDriver.findElement(RemoteWebDriver.java:382)
	at org.openqa.selenium.remote.RemoteWebDriver.findElement(RemoteWebDriver.java:374)
	at com.Tour.qa.pages.PrintTicket.RegistrationPage(PrintTicket.java:209)
	at com.Tour.qa.testdata.PrintTicketTest.RegistrationShouldBeClickableFromMenuBar(PrintTicketTest.java:128)
	at java.util.ArrayList.forEach(ArrayList.java:1259)
... Removed 31 stack frames</div></td></tr></table><p class="totop"><a href="#summary">back to summary</a></p>
<h3 id="m20">com.Tour.qa.testdata.PrintTicketTest#TickForConfirmationShouldBeClickable</h3><table class="result"><tr><th>Exception</th></tr><tr><td><div class="stacktrace">org.openqa.selenium.InvalidSelectorException: invalid selector: Unable to locate an element with the xpath expression ///*[@id=&quot;content-body&quot;]/div[1]/div/div/div[2]/div[1]/div[4] because of the following error:
SyntaxError: Failed to execute &apos;evaluate&apos; on &apos;Document&apos;: The string &apos;///*[@id=&quot;content-body&quot;]/div[1]/div/div/div[2]/div[1]/div[4]&apos; is not a valid XPath expression.
  (Session info: chrome=100.0.4896.127)
For documentation on this error, please visit: https://selenium.dev/exceptions/#invalid_selector_exception
Build info: version: &apos;4.1.2&apos;, revision: &apos;9a5a329c5a&apos;
System info: host: &apos;DESKTOP-PSP68KB&apos;, ip: &apos;192.168.223.1&apos;, os.name: &apos;Windows 10&apos;, os.arch: &apos;amd64&apos;, os.version: &apos;10.0&apos;, java.version: &apos;1.8.0_301&apos;
Driver info: org.openqa.selenium.chrome.ChromeDriver
Command: [51d946f4d2a29483512708c979eb4a26, findElement {using=xpath, value=///*[@id=&quot;content-body&quot;]/div[1]/div/div/div[2]/div[1]/div[4]}]
Capabilities {acceptInsecureCerts: false, browserName: chrome, browserVersion: 100.0.4896.127, chrome: {chromedriverVersion: 100.0.4896.60 (6a5d10861ce8..., userDataDir: C:\Users\Home\AppData\Local...}, goog:chromeOptions: {debuggerAddress: localhost:55470}, javascriptEnabled: true, networkConnectionEnabled: false, pageLoadStrategy: normal, platform: WINDOWS, platformName: WINDOWS, proxy: Proxy(), se:cdp: ws://localhost:55470/devtoo..., se:cdpVersion: 100.0.4896.127, setWindowRect: true, strictFileInteractability: false, timeouts: {implicit: 0, pageLoad: 300000, script: 30000}, unhandledPromptBehavior: dismiss and notify, webauthn:extension:credBlob: true, webauthn:extension:largeBlob: true, webauthn:virtualAuthenticators: true}
Session ID: 51d946f4d2a29483512708c979eb4a26
	at org.openqa.selenium.remote.codec.w3c.W3CHttpResponseCodec.createException(W3CHttpResponseCodec.java:200)
	at org.openqa.selenium.remote.codec.w3c.W3CHttpResponseCodec.decode(W3CHttpResponseCodec.java:133)
	at org.openqa.selenium.remote.codec.w3c.W3CHttpResponseCodec.decode(W3CHttpResponseCodec.java:53)
	at org.openqa.selenium.remote.HttpCommandExecutor.execute(HttpCommandExecutor.java:184)
	at org.openqa.selenium.remote.service.DriverCommandExecutor.invokeExecute(DriverCommandExecutor.java:167)
	at org.openqa.selenium.remote.service.DriverCommandExecutor.execute(DriverCommandExecutor.java:142)
	at org.openqa.selenium.remote.RemoteWebDriver.execute(RemoteWebDriver.java:558)
	at org.openqa.selenium.remote.ElementLocation$ElementFinder$2.findElement(ElementLocation.java:162)
	at org.openqa.selenium.remote.ElementLocation.findElement(ElementLocation.java:60)
	at org.openqa.selenium.remote.RemoteWebDriver.findElement(RemoteWebDriver.java:382)
	at org.openqa.selenium.remote.RemoteWebDriver.findElement(RemoteWebDriver.java:374)
	at org.openqa.selenium.support.pagefactory.DefaultElementLocator.findElement(DefaultElementLocator.java:70)
	at org.openqa.selenium.support.pagefactory.internal.LocatingElementHandler.invoke(LocatingElementHandler.java:39)
	at com.sun.proxy.$Proxy15.click(Unknown Source)
	at com.Tour.qa.pages.PrintTicket.tick2(PrintTicket.java:256)
	at com.Tour.qa.testdata.PrintTicketTest.TickForConfirmationShouldBeClickable(PrintTicketTest.java:173)
	at java.util.ArrayList.forEach(ArrayList.java:1259)
... Removed 31 stack frames</div></td></tr></table><p class="totop"><a href="#summary">back to summary</a></p>
<h3 id="m21">com.Tour.qa.testdata.PrintTicketTest#TickForRegistrationShouldBeClickable</h3><table class="result"><tr><th>Exception</th></tr><tr><td><div class="stacktrace">org.openqa.selenium.NoSuchElementException: no such element: Unable to locate element: {&quot;method&quot;:&quot;xpath&quot;,&quot;selector&quot;:&quot;//body/div[2]/div[2]/div[1]/div[1]/div[1]/div[3]/h1[1]&quot;}
  (Session info: chrome=100.0.4896.127)
For documentation on this error, please visit: https://selenium.dev/exceptions/#no_such_element
Build info: version: &apos;4.1.2&apos;, revision: &apos;9a5a329c5a&apos;
System info: host: &apos;DESKTOP-PSP68KB&apos;, ip: &apos;192.168.223.1&apos;, os.name: &apos;Windows 10&apos;, os.arch: &apos;amd64&apos;, os.version: &apos;10.0&apos;, java.version: &apos;1.8.0_301&apos;
Driver info: org.openqa.selenium.chrome.ChromeDriver
Command: [425d6936e725de2b4a181d31bab4dac8, findElement {using=xpath, value=//body/div[2]/div[2]/div[1]/div[1]/div[1]/div[3]/h1[1]}]
Capabilities {acceptInsecureCerts: false, browserName: chrome, browserVersion: 100.0.4896.127, chrome: {chromedriverVersion: 100.0.4896.60 (6a5d10861ce8..., userDataDir: C:\Users\Home\AppData\Local...}, goog:chromeOptions: {debuggerAddress: localhost:55408}, javascriptEnabled: true, networkConnectionEnabled: false, pageLoadStrategy: normal, platform: WINDOWS, platformName: WINDOWS, proxy: Proxy(), se:cdp: ws://localhost:55408/devtoo..., se:cdpVersion: 100.0.4896.127, setWindowRect: true, strictFileInteractability: false, timeouts: {implicit: 0, pageLoad: 300000, script: 30000}, unhandledPromptBehavior: dismiss and notify, webauthn:extension:credBlob: true, webauthn:extension:largeBlob: true, webauthn:virtualAuthenticators: true}
Session ID: 425d6936e725de2b4a181d31bab4dac8
	at org.openqa.selenium.remote.codec.w3c.W3CHttpResponseCodec.createException(W3CHttpResponseCodec.java:200)
	at org.openqa.selenium.remote.codec.w3c.W3CHttpResponseCodec.decode(W3CHttpResponseCodec.java:133)
	at org.openqa.selenium.remote.codec.w3c.W3CHttpResponseCodec.decode(W3CHttpResponseCodec.java:53)
	at org.openqa.selenium.remote.HttpCommandExecutor.execute(HttpCommandExecutor.java:184)
	at org.openqa.selenium.remote.service.DriverCommandExecutor.invokeExecute(DriverCommandExecutor.java:167)
	at org.openqa.selenium.remote.service.DriverCommandExecutor.execute(DriverCommandExecutor.java:142)
	at org.openqa.selenium.remote.RemoteWebDriver.execute(RemoteWebDriver.java:558)
	at org.openqa.selenium.remote.ElementLocation$ElementFinder$2.findElement(ElementLocation.java:162)
	at org.openqa.selenium.remote.ElementLocation.findElement(ElementLocation.java:60)
	at org.openqa.selenium.remote.RemoteWebDriver.findElement(RemoteWebDriver.java:382)
	at org.openqa.selenium.remote.RemoteWebDriver.findElement(RemoteWebDriver.java:374)
	at com.Tour.qa.pages.PrintTicket.tick1(PrintTicket.java:248)
	at com.Tour.qa.testdata.PrintTicketTest.TickForRegistrationShouldBeClickable(PrintTicketTest.java:163)
	at java.util.ArrayList.forEach(ArrayList.java:1259)
... Removed 31 stack frames</div></td></tr></table><p class="totop"><a href="#summary">back to summary</a></p>
<h3 id="m22">com.Tour.qa.testdata.RegistrationTest#ErrorShouldDisplyOnPrpviding10CharInMobileFildOdRegidtrationPage</h3><table class="result"><tr><th>Exception</th></tr><tr><td><div class="stacktrace">java.lang.AssertionError: expected [The value &apos;qwertyuiop&apos; is invalid.] but found []
	at com.Tour.qa.testdata.RegistrationTest.ErrorShouldDisplyOnPrpviding10CharInMobileFildOdRegidtrationPage(RegistrationTest.java:181)
	at java.util.ArrayList.forEach(ArrayList.java:1259)
... Removed 33 stack frames</div></td></tr></table><p class="totop"><a href="#summary">back to summary</a></p>
<h3 id="m23">com.Tour.qa.testdata.RegistrationTest#checkFirstName</h3><table class="result"><tr><th>Exception</th></tr><tr><td><div class="stacktrace">java.lang.AssertionError: expected [true] but found [false]
	at com.Tour.qa.testdata.RegistrationTest.checkFirstName(RegistrationTest.java:255)
	at java.util.ArrayList.forEach(ArrayList.java:1259)
... Removed 33 stack frames</div></td></tr></table><p class="totop"><a href="#summary">back to summary</a></p>
<h3 id="m24">com.Tour.qa.testdata.RegistrationTest#checkLastName</h3><table class="result"><tr><th>Exception</th></tr><tr><td><div class="stacktrace">java.lang.AssertionError: expected [true] but found [false]
	at com.Tour.qa.testdata.RegistrationTest.checkLastName(RegistrationTest.java:270)
	at java.util.ArrayList.forEach(ArrayList.java:1259)
... Removed 33 stack frames</div></td></tr></table><p class="totop"><a href="#summary">back to summary</a></p>
<h3 id="m25">com.Tour.qa.testdata.ReservationOverviewTest#validateConfirmButt</h3><table class="result"><tr><th>Exception</th></tr><tr><td><div class="stacktrace">org.openqa.selenium.NoSuchElementException: no such element: Unable to locate element: {&quot;method&quot;:&quot;xpath&quot;,&quot;selector&quot;:&quot;//h1[contains(text(),&apos;Confirmation Sent!&apos;)]&quot;}
  (Session info: chrome=100.0.4896.127)
For documentation on this error, please visit: https://selenium.dev/exceptions/#no_such_element
Build info: version: &apos;4.1.2&apos;, revision: &apos;9a5a329c5a&apos;
System info: host: &apos;DESKTOP-PSP68KB&apos;, ip: &apos;192.168.223.1&apos;, os.name: &apos;Windows 10&apos;, os.arch: &apos;amd64&apos;, os.version: &apos;10.0&apos;, java.version: &apos;1.8.0_301&apos;
Driver info: org.openqa.selenium.chrome.ChromeDriver
Command: [a2a4a4c8ad0389feb176a07804e692e0, findElement {using=xpath, value=//h1[contains(text(),&apos;Confirmation Sent!&apos;)]}]
Capabilities {acceptInsecureCerts: false, browserName: chrome, browserVersion: 100.0.4896.127, chrome: {chromedriverVersion: 100.0.4896.60 (6a5d10861ce8..., userDataDir: C:\Users\Home\AppData\Local...}, goog:chromeOptions: {debuggerAddress: localhost:55127}, javascriptEnabled: true, networkConnectionEnabled: false, pageLoadStrategy: normal, platform: WINDOWS, platformName: WINDOWS, proxy: Proxy(), se:cdp: ws://localhost:55127/devtoo..., se:cdpVersion: 100.0.4896.127, setWindowRect: true, strictFileInteractability: false, timeouts: {implicit: 0, pageLoad: 300000, script: 30000}, unhandledPromptBehavior: dismiss and notify, webauthn:extension:credBlob: true, webauthn:extension:largeBlob: true, webauthn:virtualAuthenticators: true}
Session ID: a2a4a4c8ad0389feb176a07804e692e0
	at org.openqa.selenium.remote.codec.w3c.W3CHttpResponseCodec.createException(W3CHttpResponseCodec.java:200)
	at org.openqa.selenium.remote.codec.w3c.W3CHttpResponseCodec.decode(W3CHttpResponseCodec.java:133)
	at org.openqa.selenium.remote.codec.w3c.W3CHttpResponseCodec.decode(W3CHttpResponseCodec.java:53)
	at org.openqa.selenium.remote.HttpCommandExecutor.execute(HttpCommandExecutor.java:184)
	at org.openqa.selenium.remote.service.DriverCommandExecutor.invokeExecute(DriverCommandExecutor.java:167)
	at org.openqa.selenium.remote.service.DriverCommandExecutor.execute(DriverCommandExecutor.java:142)
	at org.openqa.selenium.remote.RemoteWebDriver.execute(RemoteWebDriver.java:558)
	at org.openqa.selenium.remote.ElementLocation$ElementFinder$2.findElement(ElementLocation.java:162)
	at org.openqa.selenium.remote.ElementLocation.findElement(ElementLocation.java:60)
	at org.openqa.selenium.remote.RemoteWebDriver.findElement(RemoteWebDriver.java:382)
	at org.openqa.selenium.remote.RemoteWebDriver.findElement(RemoteWebDriver.java:374)
	at org.openqa.selenium.support.pagefactory.DefaultElementLocator.findElement(DefaultElementLocator.java:70)
	at org.openqa.selenium.support.pagefactory.internal.LocatingElementHandler.invoke(LocatingElementHandler.java:39)
	at com.sun.proxy.$Proxy15.isDisplayed(Unknown Source)
	at com.Tour.qa.pages.ReservationOverviewPage.validconfirm(ReservationOverviewPage.java:118)
	at com.Tour.qa.testdata.ReservationOverviewTest.validateConfirmButt(ReservationOverviewTest.java:132)
	at java.util.ArrayList.forEach(ArrayList.java:1259)
... Removed 31 stack frames</div></td></tr></table><p class="totop"><a href="#summary">back to summary</a></p>
<h3 id="m26">com.Tour.qa.testdata.ReservationOverviewTest2#setUp</h3><table class="result"><tr><th class="invisible"/></tr></table><p class="totop"><a href="#summary">back to summary</a></p>
<h3 id="m27">com.Tour.qa.testdata.ReservationOverviewTest2#setUp</h3><table class="result"><tr><th class="invisible"/></tr></table><p class="totop"><a href="#summary">back to summary</a></p>
<h3 id="m28">com.Tour.qa.testdata.ReservationOverviewTest2#tearDown</h3><table class="result"><tr><th class="invisible"/></tr></table><p class="totop"><a href="#summary">back to summary</a></p>
<h3 id="m29">com.Tour.qa.testdata.ReservationOverviewTest2#tearDown</h3><table class="result"><tr><th class="invisible"/></tr></table><p class="totop"><a href="#summary">back to summary</a></p>
<h3 id="m30">com.Tour.qa.testdata.ReservationOverviewTest2#tearDown</h3><table class="result"><tr><th class="invisible"/></tr></table><p class="totop"><a href="#summary">back to summary</a></p>
<h3 id="m31">com.Tour.qa.testdata.ReservationOverviewTest2#checkCancleButton</h3><table class="result"><tr><th>Exception</th></tr><tr><td><div class="stacktrace">org.openqa.selenium.NoSuchElementException: no such element: Unable to locate element: {&quot;method&quot;:&quot;xpath&quot;,&quot;selector&quot;:&quot;//tbody/tr[@id=&apos;4631&apos;]/td[9]/a[1]&quot;}
  (Session info: chrome=100.0.4896.127)
For documentation on this error, please visit: https://selenium.dev/exceptions/#no_such_element
Build info: version: &apos;4.1.2&apos;, revision: &apos;9a5a329c5a&apos;
System info: host: &apos;DESKTOP-PSP68KB&apos;, ip: &apos;192.168.223.1&apos;, os.name: &apos;Windows 10&apos;, os.arch: &apos;amd64&apos;, os.version: &apos;10.0&apos;, java.version: &apos;1.8.0_301&apos;
Driver info: org.openqa.selenium.chrome.ChromeDriver
Command: [1e9af78d26199283f0546abc764e67ff, findElement {using=xpath, value=//tbody/tr[@id=&apos;4631&apos;]/td[9]/a[1]}]
Capabilities {acceptInsecureCerts: false, browserName: chrome, browserVersion: 100.0.4896.127, chrome: {chromedriverVersion: 100.0.4896.60 (6a5d10861ce8..., userDataDir: C:\Users\Home\AppData\Local...}, goog:chromeOptions: {debuggerAddress: localhost:55929}, javascriptEnabled: true, networkConnectionEnabled: false, pageLoadStrategy: normal, platform: WINDOWS, platformName: WINDOWS, proxy: Proxy(), se:cdp: ws://localhost:55929/devtoo..., se:cdpVersion: 100.0.4896.127, setWindowRect: true, strictFileInteractability: false, timeouts: {implicit: 0, pageLoad: 300000, script: 30000}, unhandledPromptBehavior: dismiss and notify, webauthn:extension:credBlob: true, webauthn:extension:largeBlob: true, webauthn:virtualAuthenticators: true}
Session ID: 1e9af78d26199283f0546abc764e67ff
	at org.openqa.selenium.remote.codec.w3c.W3CHttpResponseCodec.createException(W3CHttpResponseCodec.java:200)
	at org.openqa.selenium.remote.codec.w3c.W3CHttpResponseCodec.decode(W3CHttpResponseCodec.java:133)
	at org.openqa.selenium.remote.codec.w3c.W3CHttpResponseCodec.decode(W3CHttpResponseCodec.java:53)
	at org.openqa.selenium.remote.HttpCommandExecutor.execute(HttpCommandExecutor.java:184)
	at org.openqa.selenium.remote.service.DriverCommandExecutor.invokeExecute(DriverCommandExecutor.java:167)
	at org.openqa.selenium.remote.service.DriverCommandExecutor.execute(DriverCommandExecutor.java:142)
	at org.openqa.selenium.remote.RemoteWebDriver.execute(RemoteWebDriver.java:558)
	at org.openqa.selenium.remote.ElementLocation$ElementFinder$2.findElement(ElementLocation.java:162)
	at org.openqa.selenium.remote.ElementLocation.findElement(ElementLocation.java:60)
	at org.openqa.selenium.remote.RemoteWebDriver.findElement(RemoteWebDriver.java:382)
	at org.openqa.selenium.remote.RemoteWebDriver.findElement(RemoteWebDriver.java:374)
	at com.Tour.qa.pages.ModifyCancelPage.CheckModifyButton(ModifyCancelPage.java:328)
	at com.Tour.qa.testdata.ReservationOverviewTest2.setUp(ReservationOverviewTest2.java:75)
	at java.util.ArrayList.forEach(ArrayList.java:1259)
... Removed 35 stack frames</div></td></tr></table><p class="totop"><a href="#summary">back to summary</a></p>
<h3 id="m32">com.Tour.qa.testdata.ReservationOverviewTest2#checkModifyButton</h3><table class="result"><tr><th>Exception</th></tr><tr><td><div class="stacktrace">org.openqa.selenium.NoSuchElementException: no such element: Unable to locate element: {&quot;method&quot;:&quot;xpath&quot;,&quot;selector&quot;:&quot;//tbody/tr[@id=&apos;4631&apos;]/td[9]/a[1]&quot;}
  (Session info: chrome=100.0.4896.127)
For documentation on this error, please visit: https://selenium.dev/exceptions/#no_such_element
Build info: version: &apos;4.1.2&apos;, revision: &apos;9a5a329c5a&apos;
System info: host: &apos;DESKTOP-PSP68KB&apos;, ip: &apos;192.168.223.1&apos;, os.name: &apos;Windows 10&apos;, os.arch: &apos;amd64&apos;, os.version: &apos;10.0&apos;, java.version: &apos;1.8.0_301&apos;
Driver info: org.openqa.selenium.chrome.ChromeDriver
Command: [1e9af78d26199283f0546abc764e67ff, findElement {using=xpath, value=//tbody/tr[@id=&apos;4631&apos;]/td[9]/a[1]}]
Capabilities {acceptInsecureCerts: false, browserName: chrome, browserVersion: 100.0.4896.127, chrome: {chromedriverVersion: 100.0.4896.60 (6a5d10861ce8..., userDataDir: C:\Users\Home\AppData\Local...}, goog:chromeOptions: {debuggerAddress: localhost:55929}, javascriptEnabled: true, networkConnectionEnabled: false, pageLoadStrategy: normal, platform: WINDOWS, platformName: WINDOWS, proxy: Proxy(), se:cdp: ws://localhost:55929/devtoo..., se:cdpVersion: 100.0.4896.127, setWindowRect: true, strictFileInteractability: false, timeouts: {implicit: 0, pageLoad: 300000, script: 30000}, unhandledPromptBehavior: dismiss and notify, webauthn:extension:credBlob: true, webauthn:extension:largeBlob: true, webauthn:virtualAuthenticators: true}
Session ID: 1e9af78d26199283f0546abc764e67ff
	at org.openqa.selenium.remote.codec.w3c.W3CHttpResponseCodec.createException(W3CHttpResponseCodec.java:200)
	at org.openqa.selenium.remote.codec.w3c.W3CHttpResponseCodec.decode(W3CHttpResponseCodec.java:133)
	at org.openqa.selenium.remote.codec.w3c.W3CHttpResponseCodec.decode(W3CHttpResponseCodec.java:53)
	at org.openqa.selenium.remote.HttpCommandExecutor.execute(HttpCommandExecutor.java:184)
	at org.openqa.selenium.remote.service.DriverCommandExecutor.invokeExecute(DriverCommandExecutor.java:167)
	at org.openqa.selenium.remote.service.DriverCommandExecutor.execute(DriverCommandExecutor.java:142)
	at org.openqa.selenium.remote.RemoteWebDriver.execute(RemoteWebDriver.java:558)
	at org.openqa.selenium.remote.ElementLocation$ElementFinder$2.findElement(ElementLocation.java:162)
	at org.openqa.selenium.remote.ElementLocation.findElement(ElementLocation.java:60)
	at org.openqa.selenium.remote.RemoteWebDriver.findElement(RemoteWebDriver.java:382)
	at org.openqa.selenium.remote.RemoteWebDriver.findElement(RemoteWebDriver.java:374)
	at com.Tour.qa.pages.ModifyCancelPage.CheckModifyButton(ModifyCancelPage.java:328)
	at com.Tour.qa.testdata.ReservationOverviewTest2.setUp(ReservationOverviewTest2.java:75)
	at java.util.ArrayList.forEach(ArrayList.java:1259)
... Removed 35 stack frames</div></td></tr></table><p class="totop"><a href="#summary">back to summary</a></p>
<h3 id="m33">com.Tour.qa.testdata.ReservationOverviewTest2#checkPurchanseTicketButton</h3><table class="result"><tr><th>Exception</th></tr><tr><td><div class="stacktrace">org.openqa.selenium.NoSuchElementException: no such element: Unable to locate element: {&quot;method&quot;:&quot;xpath&quot;,&quot;selector&quot;:&quot;//tbody/tr[@id=&apos;4631&apos;]/td[9]/a[1]&quot;}
  (Session info: chrome=100.0.4896.127)
For documentation on this error, please visit: https://selenium.dev/exceptions/#no_such_element
Build info: version: &apos;4.1.2&apos;, revision: &apos;9a5a329c5a&apos;
System info: host: &apos;DESKTOP-PSP68KB&apos;, ip: &apos;192.168.223.1&apos;, os.name: &apos;Windows 10&apos;, os.arch: &apos;amd64&apos;, os.version: &apos;10.0&apos;, java.version: &apos;1.8.0_301&apos;
Driver info: org.openqa.selenium.chrome.ChromeDriver
Command: [1e9af78d26199283f0546abc764e67ff, findElement {using=xpath, value=//tbody/tr[@id=&apos;4631&apos;]/td[9]/a[1]}]
Capabilities {acceptInsecureCerts: false, browserName: chrome, browserVersion: 100.0.4896.127, chrome: {chromedriverVersion: 100.0.4896.60 (6a5d10861ce8..., userDataDir: C:\Users\Home\AppData\Local...}, goog:chromeOptions: {debuggerAddress: localhost:55929}, javascriptEnabled: true, networkConnectionEnabled: false, pageLoadStrategy: normal, platform: WINDOWS, platformName: WINDOWS, proxy: Proxy(), se:cdp: ws://localhost:55929/devtoo..., se:cdpVersion: 100.0.4896.127, setWindowRect: true, strictFileInteractability: false, timeouts: {implicit: 0, pageLoad: 300000, script: 30000}, unhandledPromptBehavior: dismiss and notify, webauthn:extension:credBlob: true, webauthn:extension:largeBlob: true, webauthn:virtualAuthenticators: true}
Session ID: 1e9af78d26199283f0546abc764e67ff
	at org.openqa.selenium.remote.codec.w3c.W3CHttpResponseCodec.createException(W3CHttpResponseCodec.java:200)
	at org.openqa.selenium.remote.codec.w3c.W3CHttpResponseCodec.decode(W3CHttpResponseCodec.java:133)
	at org.openqa.selenium.remote.codec.w3c.W3CHttpResponseCodec.decode(W3CHttpResponseCodec.java:53)
	at org.openqa.selenium.remote.HttpCommandExecutor.execute(HttpCommandExecutor.java:184)
	at org.openqa.selenium.remote.service.DriverCommandExecutor.invokeExecute(DriverCommandExecutor.java:167)
	at org.openqa.selenium.remote.service.DriverCommandExecutor.execute(DriverCommandExecutor.java:142)
	at org.openqa.selenium.remote.RemoteWebDriver.execute(RemoteWebDriver.java:558)
	at org.openqa.selenium.remote.ElementLocation$ElementFinder$2.findElement(ElementLocation.java:162)
	at org.openqa.selenium.remote.ElementLocation.findElement(ElementLocation.java:60)
	at org.openqa.selenium.remote.RemoteWebDriver.findElement(RemoteWebDriver.java:382)
	at org.openqa.selenium.remote.RemoteWebDriver.findElement(RemoteWebDriver.java:374)
	at com.Tour.qa.pages.ModifyCancelPage.CheckModifyButton(ModifyCancelPage.java:328)
	at com.Tour.qa.testdata.ReservationOverviewTest2.setUp(ReservationOverviewTest2.java:75)
	at java.util.ArrayList.forEach(ArrayList.java:1259)
... Removed 35 stack frames</div></td></tr></table><p class="totop"><a href="#summary">back to summary</a></p>
<h3 id="m34">com.Tour.qa.testdata.ChooseDateTest#CheckPageTitle</h3><table class="result"><tr><th class="invisible"/></tr></table><p class="totop"><a href="#summary">back to summary</a></p>
<h3 id="m35">com.Tour.qa.testdata.ChooseDateTest#SelectInValidSlot</h3><table class="result"><tr><th class="invisible"/></tr></table><p class="totop"><a href="#summary">back to summary</a></p>
<h3 id="m36">com.Tour.qa.testdata.ChooseDateTest#SelectValidSlotTest</h3><table class="result"><tr><th class="invisible"/></tr></table><p class="totop"><a href="#summary">back to summary</a></p>
<h3 id="m37">com.Tour.qa.testdata.ChooseDateTest#validateBanne</h3><table class="result"><tr><th class="invisible"/></tr></table><p class="totop"><a href="#summary">back to summary</a></p>
<h3 id="m38">com.Tour.qa.testdata.ChooseDateTest#validateChoosFromMenu</h3><table class="result"><tr><th class="invisible"/></tr></table><p class="totop"><a href="#summary">back to summary</a></p>
<h3 id="m39">com.Tour.qa.testdata.ChooseDateTest#validateGroupSize</h3><table class="result"><tr><th class="invisible"/></tr></table><p class="totop"><a href="#summary">back to summary</a></p>
<h3 id="m40">com.Tour.qa.testdata.ChooseDateTest#validateGroupSize2</h3><table class="result"><tr><th class="invisible"/></tr></table><p class="totop"><a href="#summary">back to summary</a></p>
<h3 id="m41">com.Tour.qa.testdata.ChooseDateTest#validateHeading</h3><table class="result"><tr><th class="invisible"/></tr></table><p class="totop"><a href="#summary">back to summary</a></p>
<h3 id="m42">com.Tour.qa.testdata.ChooseDateTest#validateTheOriginal</h3><table class="result"><tr><th class="invisible"/></tr></table><p class="totop"><a href="#summary">back to summary</a></p>
<h3 id="m43">com.Tour.qa.testdata.ChooseTourTest#ChooseTourPageTitleTest</h3><table class="result"><tr><th class="invisible"/></tr></table><p class="totop"><a href="#summary">back to summary</a></p>
<h3 id="m44">com.Tour.qa.testdata.ChooseTourTest#InputGroupSizeOfTHEDELUXE</h3><table class="result"><tr><th class="invisible"/></tr></table><p class="totop"><a href="#summary">back to summary</a></p>
<h3 id="m45">com.Tour.qa.testdata.ChooseTourTest#InputGroupSizeOfTHEORIGINAL</h3><table class="result"><tr><th class="invisible"/></tr></table><p class="totop"><a href="#summary">back to summary</a></p>
<h3 id="m46">com.Tour.qa.testdata.ChooseTourTest#PageHeading</h3><table class="result"><tr><th class="invisible"/></tr></table><p class="totop"><a href="#summary">back to summary</a></p>
<h3 id="m47">com.Tour.qa.testdata.ChooseTourTest#Slider</h3><table class="result"><tr><th class="invisible"/></tr></table><p class="totop"><a href="#summary">back to summary</a></p>
<h3 id="m48">com.Tour.qa.testdata.ChooseTourTest#TestInvalidInout1</h3><table class="result"><tr><th class="invisible"/></tr></table><p class="totop"><a href="#summary">back to summary</a></p>
<h3 id="m49">com.Tour.qa.testdata.ChooseTourTest#TestInvalidInout2</h3><table class="result"><tr><th class="invisible"/></tr></table><p class="totop"><a href="#summary">back to summary</a></p>
<h3 id="m50">com.Tour.qa.testdata.ChooseTourTest#TestSliderNextBut</h3><table class="result"><tr><th class="invisible"/></tr></table><p class="totop"><a href="#summary">back to summary</a></p>
<h3 id="m51">com.Tour.qa.testdata.ChooseTourTest#TestSliderPreBut</h3><table class="result"><tr><th class="invisible"/></tr></table><p class="totop"><a href="#summary">back to summary</a></p>
<h3 id="m52">com.Tour.qa.testdata.ChooseTourTest#validateBanne</h3><table class="result"><tr><th class="invisible"/></tr></table><p class="totop"><a href="#summary">back to summary</a></p>
<h3 id="m53">com.Tour.qa.testdata.ChooseTourTest#validateText1</h3><table class="result"><tr><th class="invisible"/></tr></table><p class="totop"><a href="#summary">back to summary</a></p>
<h3 id="m54">com.Tour.qa.testdata.ConfirmationPageTest#ValidateCost</h3><table class="result"><tr><th class="invisible"/></tr></table><p class="totop"><a href="#summary">back to summary</a></p>
<h3 id="m55">com.Tour.qa.testdata.ConfirmationPageTest#ValidateGroupSize</h3><table class="result"><tr><th class="invisible"/></tr></table><p class="totop"><a href="#summary">back to summary</a></p>
<h3 id="m56">com.Tour.qa.testdata.ConfirmationPageTest#ValidateLname</h3><table class="result"><tr><th class="invisible"/></tr></table><p class="totop"><a href="#summary">back to summary</a></p>
<h3 id="m57">com.Tour.qa.testdata.ConfirmationPageTest#ValidateMobile</h3><table class="result"><tr><th class="invisible"/></tr></table><p class="totop"><a href="#summary">back to summary</a></p>
<h3 id="m58">com.Tour.qa.testdata.ConfirmationPageTest#ValidateNameOfGroup</h3><table class="result"><tr><th class="invisible"/></tr></table><p class="totop"><a href="#summary">back to summary</a></p>
<h3 id="m59">com.Tour.qa.testdata.ConfirmationPageTest#ValidateTourType</h3><table class="result"><tr><th class="invisible"/></tr></table><p class="totop"><a href="#summary">back to summary</a></p>
<h3 id="m60">com.Tour.qa.testdata.ConfirmationPageTest#ValidateTravell</h3><table class="result"><tr><th class="invisible"/></tr></table><p class="totop"><a href="#summary">back to summary</a></p>
<h3 id="m61">com.Tour.qa.testdata.ConfirmationPageTest#ValidateTypeOfGrop</h3><table class="result"><tr><th class="invisible"/></tr></table><p class="totop"><a href="#summary">back to summary</a></p>
<h3 id="m62">com.Tour.qa.testdata.ConfirmationPageTest#ValidateVehical</h3><table class="result"><tr><th class="invisible"/></tr></table><p class="totop"><a href="#summary">back to summary</a></p>
<h3 id="m63">com.Tour.qa.testdata.ConfirmationPageTest#ValidateZip</h3><table class="result"><tr><th class="invisible"/></tr></table><p class="totop"><a href="#summary">back to summary</a></p>
<h3 id="m64">com.Tour.qa.testdata.ConfirmationPageTest#Validatefname</h3><table class="result"><tr><th class="invisible"/></tr></table><p class="totop"><a href="#summary">back to summary</a></p>
<h3 id="m65">com.Tour.qa.testdata.ConfirmationPageTest#validateBannerTest</h3><table class="result"><tr><th class="invisible"/></tr></table><p class="totop"><a href="#summary">back to summary</a></p>
<h3 id="m66">com.Tour.qa.testdata.ConfirmationPageTest#validateCancelButt2</h3><table class="result"><tr><th class="invisible"/></tr></table><p class="totop"><a href="#summary">back to summary</a></p>
<h3 id="m67">com.Tour.qa.testdata.ConfirmationPageTest#validateChooseDateOption</h3><table class="result"><tr><th class="invisible"/></tr></table><p class="totop"><a href="#summary">back to summary</a></p>
<h3 id="m68">com.Tour.qa.testdata.ConfirmationPageTest#validateChooseTourMenuOption</h3><table class="result"><tr><th class="invisible"/></tr></table><p class="totop"><a href="#summary">back to summary</a></p>
<h3 id="m69">com.Tour.qa.testdata.ConfirmationPageTest#validateGroupSizeTest</h3><table class="result"><tr><th class="invisible"/></tr></table><p class="totop"><a href="#summary">back to summary</a></p>
<h3 id="m70">com.Tour.qa.testdata.ConfirmationPageTest#validateHeading1</h3><table class="result"><tr><th class="invisible"/></tr></table><p class="totop"><a href="#summary">back to summary</a></p>
<h3 id="m71">com.Tour.qa.testdata.ConfirmationPageTest#validateHeading2</h3><table class="result"><tr><th class="invisible"/></tr></table><p class="totop"><a href="#summary">back to summary</a></p>
<h3 id="m72">com.Tour.qa.testdata.ConfirmationPageTest#validateHeading3</h3><table class="result"><tr><th class="invisible"/></tr></table><p class="totop"><a href="#summary">back to summary</a></p>
<h3 id="m73">com.Tour.qa.testdata.ConfirmationPageTest#validateHeading4</h3><table class="result"><tr><th class="invisible"/></tr></table><p class="totop"><a href="#summary">back to summary</a></p>
<h3 id="m74">com.Tour.qa.testdata.ConfirmationPageTest#validateHeading5</h3><table class="result"><tr><th class="invisible"/></tr></table><p class="totop"><a href="#summary">back to summary</a></p>
<h3 id="m75">com.Tour.qa.testdata.ConfirmationPageTest#validateModifyReservationButt2</h3><table class="result"><tr><th class="invisible"/></tr></table><p class="totop"><a href="#summary">back to summary</a></p>
<h3 id="m76">com.Tour.qa.testdata.ConfirmationPageTest#validatePageHeading</h3><table class="result"><tr><th class="invisible"/></tr></table><p class="totop"><a href="#summary">back to summary</a></p>
<h3 id="m77">com.Tour.qa.testdata.ConfirmationPageTest#validatePurchaseTicketButt</h3><table class="result"><tr><th class="invisible"/></tr></table><p class="totop"><a href="#summary">back to summary</a></p>
<h3 id="m78">com.Tour.qa.testdata.ConfirmationPageTest#validatePurchaseTicketButt2</h3><table class="result"><tr><th class="invisible"/></tr></table><p class="totop"><a href="#summary">back to summary</a></p>
<h3 id="m79">com.Tour.qa.testdata.ConfirmationPageTest#validateRegistration</h3><table class="result"><tr><th class="invisible"/></tr></table><p class="totop"><a href="#summary">back to summary</a></p>
<h3 id="m80">com.Tour.qa.testdata.ConfirmationPageTest#validateTheOriginalTest</h3><table class="result"><tr><th class="invisible"/></tr></table><p class="totop"><a href="#summary">back to summary</a></p>
<h3 id="m81">com.Tour.qa.testdata.ConfirmationPageTest#validateTick</h3><table class="result"><tr><th class="invisible"/></tr></table><p class="totop"><a href="#summary">back to summary</a></p>
<h3 id="m82">com.Tour.qa.testdata.ConfirmationPageTest#validateTitle</h3><table class="result"><tr><th class="invisible"/></tr></table><p class="totop"><a href="#summary">back to summary</a></p>
<h3 id="m83">com.Tour.qa.testdata.EditReservationTest#valiPageHeading</h3><table class="result"><tr><th class="invisible"/></tr></table><p class="totop"><a href="#summary">back to summary</a></p>
<h3 id="m84">com.Tour.qa.testdata.EditReservationTest#validaeditForm</h3><table class="result"><tr><th class="invisible"/></tr></table><p class="totop"><a href="#summary">back to summary</a></p>
<h3 id="m85">com.Tour.qa.testdata.EditReservationTest#validaedtiEmptyForm</h3><table class="result"><tr><th class="invisible"/></tr></table><p class="totop"><a href="#summary">back to summary</a></p>
<h3 id="m86">com.Tour.qa.testdata.EditReservationTest#validalink</h3><table class="result"><tr><th class="invisible"/></tr></table><p class="totop"><a href="#summary">back to summary</a></p>
<h3 id="m87">com.Tour.qa.testdata.EditReservationTest#validate</h3><table class="result"><tr><th class="invisible"/></tr></table><p class="totop"><a href="#summary">back to summary</a></p>
<h3 id="m88">com.Tour.qa.testdata.EditReservationTest#validateGroupSize</h3><table class="result"><tr><th class="invisible"/></tr></table><p class="totop"><a href="#summary">back to summary</a></p>
<h3 id="m89">com.Tour.qa.testdata.EditReservationTest#validatetime</h3><table class="result"><tr><th class="invisible"/></tr></table><p class="totop"><a href="#summary">back to summary</a></p>
<h3 id="m90">com.Tour.qa.testdata.FaqPageTest#validatePageHeading</h3><table class="result"><tr><th class="invisible"/></tr></table><p class="totop"><a href="#summary">back to summary</a></p>
<h3 id="m91">com.Tour.qa.testdata.FaqPageTest#validateQuestions</h3><table class="result"><tr><th class="invisible"/></tr></table><p class="totop"><a href="#summary">back to summary</a></p>
<h3 id="m92">com.Tour.qa.testdata.ForgotPasswordTest#loginPageTitleTest</h3><table class="result"><tr><th class="invisible"/></tr></table><p class="totop"><a href="#summary">back to summary</a></p>
<h3 id="m93">com.Tour.qa.testdata.HeaderFooterTest#validateChickLink</h3><table class="result"><tr><th class="invisible"/></tr></table><p class="totop"><a href="#summary">back to summary</a></p>
<h3 id="m94">com.Tour.qa.testdata.HeaderFooterTest#validateFAQLink</h3><table class="result"><tr><th class="invisible"/></tr></table><p class="totop"><a href="#summary">back to summary</a></p>
<h3 id="m95">com.Tour.qa.testdata.HeaderFooterTest#validateLeagleLink</h3><table class="result"><tr><th class="invisible"/></tr></table><p class="totop"><a href="#summary">back to summary</a></p>
<h3 id="m96">com.Tour.qa.testdata.HeaderFooterTest#validatePriLink</h3><table class="result"><tr><th class="invisible"/></tr></table><p class="totop"><a href="#summary">back to summary</a></p>
<h3 id="m97">com.Tour.qa.testdata.HeaderFooterTest#validateeHomelink</h3><table class="result"><tr><th class="invisible"/></tr></table><p class="totop"><a href="#summary">back to summary</a></p>
<h3 id="m98">com.Tour.qa.testdata.HeaderFooterTest#validateeMOdifylink</h3><table class="result"><tr><th class="invisible"/></tr></table><p class="totop"><a href="#summary">back to summary</a></p>
<h3 id="m99">com.Tour.qa.testdata.HeaderFooterTest#validateePlanvisitlink</h3><table class="result"><tr><th class="invisible"/></tr></table><p class="totop"><a href="#summary">back to summary</a></p>
<h3 id="m100">com.Tour.qa.testdata.HeaderFooterTest#validateePurchacelink</h3><table class="result"><tr><th class="invisible"/></tr></table><p class="totop"><a href="#summary">back to summary</a></p>
<h3 id="m101">com.Tour.qa.testdata.HomePageTest#CheckBanner</h3><table class="result"><tr><th class="invisible"/></tr></table><p class="totop"><a href="#summary">back to summary</a></p>
<h3 id="m102">com.Tour.qa.testdata.HomePageTest#CheckModifyCancel</h3><table class="result"><tr><th class="invisible"/></tr></table><p class="totop"><a href="#summary">back to summary</a></p>
<h3 id="m103">com.Tour.qa.testdata.HomePageTest#CheckOurchaseTicket</h3><table class="result"><tr><th class="invisible"/></tr></table><p class="totop"><a href="#summary">back to summary</a></p>
<h3 id="m104">com.Tour.qa.testdata.HomePageTest#HomePageTitleTest</h3><table class="result"><tr><th class="invisible"/></tr></table><p class="totop"><a href="#summary">back to summary</a></p>
<h3 id="m105">com.Tour.qa.testdata.LoginTest#CheckLogo</h3><table class="result"><tr><th class="invisible"/></tr></table><p class="totop"><a href="#summary">back to summary</a></p>
<h3 id="m106">com.Tour.qa.testdata.LoginTest#loginPageTitleTest</h3><table class="result"><tr><th class="invisible"/></tr></table><p class="totop"><a href="#summary">back to summary</a></p>
<h3 id="m107">com.Tour.qa.testdata.LoginTest#loginTest</h3><table class="result"><tr><th class="invisible"/></tr></table><p class="totop"><a href="#summary">back to summary</a></p>
<h3 id="m108">com.Tour.qa.testdata.LoginTest#loginTestInvalidEmail</h3><table class="result"><tr class="param"><th>Parameter #1</th></tr><tr class="param stripe"><td>public void com.Tour.qa.testdata.LoginTest.loginTestInvalidEmail(java.lang.reflect.Method)</td></tr></table><p class="totop"><a href="#summary">back to summary</a></p>
<h3 id="m109">com.Tour.qa.testdata.ModifyCancelTest#CheckCancelButton</h3><table class="result"><tr><th class="invisible"/></tr></table><p class="totop"><a href="#summary">back to summary</a></p>
<h3 id="m110">com.Tour.qa.testdata.ModifyCancelTest#CheckCancelConfirmationWindowTitle</h3><table class="result"><tr><th class="invisible"/></tr></table><p class="totop"><a href="#summary">back to summary</a></p>
<h3 id="m111">com.Tour.qa.testdata.ModifyCancelTest#CheckDateOfReservationShouldDisplayFine</h3><table class="result"><tr><th class="invisible"/></tr></table><p class="totop"><a href="#summary">back to summary</a></p>
<h3 id="m112">com.Tour.qa.testdata.ModifyCancelTest#PurchaceTicket</h3><table class="result"><tr><th class="invisible"/></tr></table><p class="totop"><a href="#summary">back to summary</a></p>
<h3 id="m113">com.Tour.qa.testdata.ModifyCancelTest#totalNumbersOfTable</h3><table class="result"><tr><th class="invisible"/></tr></table><p class="totop"><a href="#summary">back to summary</a></p>
<h3 id="m114">com.Tour.qa.testdata.ModifyCancelTest#validateBanner</h3><table class="result"><tr><th class="invisible"/></tr></table><p class="totop"><a href="#summary">back to summary</a></p>
<h3 id="m115">com.Tour.qa.testdata.ModifyCancelTest#validateMenu</h3><table class="result"><tr><th class="invisible"/></tr></table><p class="totop"><a href="#summary">back to summary</a></p>
<h3 id="m116">com.Tour.qa.testdata.ModifyCancelTest#validateName</h3><table class="result"><tr><th class="invisible"/></tr></table><p class="totop"><a href="#summary">back to summary</a></p>
<h3 id="m117">com.Tour.qa.testdata.ModifyCancelTest#validatePageH</h3><table class="result"><tr><th class="invisible"/></tr></table><p class="totop"><a href="#summary">back to summary</a></p>
<h3 id="m118">com.Tour.qa.testdata.ModifyCancelTest#validateTitle</h3><table class="result"><tr><th class="invisible"/></tr></table><p class="totop"><a href="#summary">back to summary</a></p>
<h3 id="m119">com.Tour.qa.testdata.ModifyCancelTest#validatelogout</h3><table class="result"><tr><th class="invisible"/></tr></table><p class="totop"><a href="#summary">back to summary</a></p>
<h3 id="m120">com.Tour.qa.testdata.PaymentPageTest#ValidateBackLink</h3><table class="result"><tr><th class="invisible"/></tr></table><p class="totop"><a href="#summary">back to summary</a></p>
<h3 id="m121">com.Tour.qa.testdata.PaymentPageTest#validatePayment</h3><table class="result"><tr><th class="invisible"/></tr></table><p class="totop"><a href="#summary">back to summary</a></p>
<h3 id="m122">com.Tour.qa.testdata.PaymentPageTest#validatePaymentwithemptyInput</h3><table class="result"><tr><th class="invisible"/></tr></table><p class="totop"><a href="#summary">back to summary</a></p>
<h3 id="m123">com.Tour.qa.testdata.PaymentPageTest#validatePaymentwithinvalidInput</h3><table class="result"><tr><th class="invisible"/></tr></table><p class="totop"><a href="#summary">back to summary</a></p>
<h3 id="m124">com.Tour.qa.testdata.PaymentPageTest#validatePrice</h3><table class="result"><tr><th class="invisible"/></tr></table><p class="totop"><a href="#summary">back to summary</a></p>
<h3 id="m125">com.Tour.qa.testdata.PaymentPageTest#validateQuantityTest</h3><table class="result"><tr><th class="invisible"/></tr></table><p class="totop"><a href="#summary">back to summary</a></p>
<h3 id="m126">com.Tour.qa.testdata.PaymentPageTest#validateTax</h3><table class="result"><tr><th class="invisible"/></tr></table><p class="totop"><a href="#summary">back to summary</a></p>
<h3 id="m127">com.Tour.qa.testdata.PaymentPageTest#validateTitle</h3><table class="result"><tr><th class="invisible"/></tr></table><p class="totop"><a href="#summary">back to summary</a></p>
<h3 id="m128">com.Tour.qa.testdata.PaymentPageTest#validateTotal</h3><table class="result"><tr><th class="invisible"/></tr></table><p class="totop"><a href="#summary">back to summary</a></p>
<h3 id="m129">com.Tour.qa.testdata.PaymentPageTest#validateUnit</h3><table class="result"><tr><th class="invisible"/></tr></table><p class="totop"><a href="#summary">back to summary</a></p>
<h3 id="m130">com.Tour.qa.testdata.PlanYourVisitText#validateGetGoogleDirectionButton</h3><table class="result"><tr><th class="invisible"/></tr></table><p class="totop"><a href="#summary">back to summary</a></p>
<h3 id="m131">com.Tour.qa.testdata.PlanYourVisitText#validateGetPaidDirectionButton</h3><table class="result"><tr><th class="invisible"/></tr></table><p class="totop"><a href="#summary">back to summary</a></p>
<h3 id="m132">com.Tour.qa.testdata.PlanYourVisitText#validateTitle</h3><table class="result"><tr><th class="invisible"/></tr></table><p class="totop"><a href="#summary">back to summary</a></p>
<h3 id="m133">com.Tour.qa.testdata.PrintTicketTest#PrintTicketShouldBeDisplay</h3><table class="result"><tr><th class="invisible"/></tr></table><p class="totop"><a href="#summary">back to summary</a></p>
<h3 id="m134">com.Tour.qa.testdata.PrintTicketTest#validateBanner</h3><table class="result"><tr><th class="invisible"/></tr></table><p class="totop"><a href="#summary">back to summary</a></p>
<h3 id="m135">com.Tour.qa.testdata.PrintTicketTest#validateOriginal</h3><table class="result"><tr><th class="invisible"/></tr></table><p class="totop"><a href="#summary">back to summary</a></p>
<h3 id="m136">com.Tour.qa.testdata.PrintTicketTest#validatePageHeading1</h3><table class="result"><tr><th class="invisible"/></tr></table><p class="totop"><a href="#summary">back to summary</a></p>
<h3 id="m137">com.Tour.qa.testdata.PrintTicketTest#validatePageHeading2</h3><table class="result"><tr><th class="invisible"/></tr></table><p class="totop"><a href="#summary">back to summary</a></p>
<h3 id="m138">com.Tour.qa.testdata.PrintTicketTest#validatePlanVisit</h3><table class="result"><tr><th class="invisible"/></tr></table><p class="totop"><a href="#summary">back to summary</a></p>
<h3 id="m139">com.Tour.qa.testdata.PrintTicketTest#validatecardHolderName</h3><table class="result"><tr><th class="invisible"/></tr></table><p class="totop"><a href="#summary">back to summary</a></p>
<h3 id="m140">com.Tour.qa.testdata.PrintTicketTest#validatecardnum</h3><table class="result"><tr><th class="invisible"/></tr></table><p class="totop"><a href="#summary">back to summary</a></p>
<h3 id="m141">com.Tour.qa.testdata.PrintTicketTest#validatedate</h3><table class="result"><tr><th class="invisible"/></tr></table><p class="totop"><a href="#summary">back to summary</a></p>
<h3 id="m142">com.Tour.qa.testdata.PrintTicketTest#validateheading1</h3><table class="result"><tr><th class="invisible"/></tr></table><p class="totop"><a href="#summary">back to summary</a></p>
<h3 id="m143">com.Tour.qa.testdata.PrintTicketTest#validateheading2</h3><table class="result"><tr><th class="invisible"/></tr></table><p class="totop"><a href="#summary">back to summary</a></p>
<h3 id="m144">com.Tour.qa.testdata.PrintTicketTest#validateheading3</h3><table class="result"><tr><th class="invisible"/></tr></table><p class="totop"><a href="#summary">back to summary</a></p>
<h3 id="m145">com.Tour.qa.testdata.PrintTicketTest#validateheading4</h3><table class="result"><tr><th class="invisible"/></tr></table><p class="totop"><a href="#summary">back to summary</a></p>
<h3 id="m146">com.Tour.qa.testdata.PrintTicketTest#validatelinkquestion</h3><table class="result"><tr><th class="invisible"/></tr></table><p class="totop"><a href="#summary">back to summary</a></p>
<h3 id="m147">com.Tour.qa.testdata.PrintTicketTest#validatemailto</h3><table class="result"><tr><th class="invisible"/></tr></table><p class="totop"><a href="#summary">back to summary</a></p>
<h3 id="m148">com.Tour.qa.testdata.PrintTicketTest#validatemenu</h3><table class="result"><tr><th class="invisible"/></tr></table><p class="totop"><a href="#summary">back to summary</a></p>
<h3 id="m149">com.Tour.qa.testdata.RegistrationTest#BothPasswordFieldNotMatch</h3><table class="result"><tr><th class="invisible"/></tr></table><p class="totop"><a href="#summary">back to summary</a></p>
<h3 id="m150">com.Tour.qa.testdata.RegistrationTest#CheckBanner</h3><table class="result"><tr><th class="invisible"/></tr></table><p class="totop"><a href="#summary">back to summary</a></p>
<h3 id="m151">com.Tour.qa.testdata.RegistrationTest#CheckFillDataInRegistrationForm</h3><table class="result"><tr><th class="invisible"/></tr></table><p class="totop"><a href="#summary">back to summary</a></p>
<h3 id="m152">com.Tour.qa.testdata.RegistrationTest#CheckInvalidEmail</h3><table class="result"><tr><th class="invisible"/></tr></table><p class="totop"><a href="#summary">back to summary</a></p>
<h3 id="m153">com.Tour.qa.testdata.RegistrationTest#CheckduplicateEmail</h3><table class="result"><tr><th class="invisible"/></tr></table><p class="totop"><a href="#summary">back to summary</a></p>
<h3 id="m154">com.Tour.qa.testdata.RegistrationTest#CheckinvalidData</h3><table class="result"><tr><th class="invisible"/></tr></table><p class="totop"><a href="#summary">back to summary</a></p>
<h3 id="m155">com.Tour.qa.testdata.RegistrationTest#HeadingValidate1</h3><table class="result"><tr><th class="invisible"/></tr></table><p class="totop"><a href="#summary">back to summary</a></p>
<h3 id="m156">com.Tour.qa.testdata.RegistrationTest#HomePageTitleTest</h3><table class="result"><tr><th class="invisible"/></tr></table><p class="totop"><a href="#summary">back to summary</a></p>
<h3 id="m157">com.Tour.qa.testdata.RegistrationTest#TestLessDigitinMob</h3><table class="result"><tr><th class="invisible"/></tr></table><p class="totop"><a href="#summary">back to summary</a></p>
<h3 id="m158">com.Tour.qa.testdata.RegistrationTest#TestPasseordWithOnlyInt</h3><table class="result"><tr><th class="invisible"/></tr></table><p class="totop"><a href="#summary">back to summary</a></p>
<h3 id="m159">com.Tour.qa.testdata.RegistrationTest#ValidateHeading2</h3><table class="result"><tr><th class="invisible"/></tr></table><p class="totop"><a href="#summary">back to summary</a></p>
<h3 id="m160">com.Tour.qa.testdata.RegistrationTest#ValidateHeading3</h3><table class="result"><tr><th class="invisible"/></tr></table><p class="totop"><a href="#summary">back to summary</a></p>
<h3 id="m161">com.Tour.qa.testdata.RegistrationTest#ValidateHeading4</h3><table class="result"><tr><th class="invisible"/></tr></table><p class="totop"><a href="#summary">back to summary</a></p>
<h3 id="m162">com.Tour.qa.testdata.RegistrationTest#ValidateHeading5</h3><table class="result"><tr><th class="invisible"/></tr></table><p class="totop"><a href="#summary">back to summary</a></p>
<h3 id="m163">com.Tour.qa.testdata.RegistrationTest#VehiclesFieldWithCharacter</h3><table class="result"><tr><th class="invisible"/></tr></table><p class="totop"><a href="#summary">back to summary</a></p>
<h3 id="m164">com.Tour.qa.testdata.RegistrationTest#checkEmailnotMatch</h3><table class="result"><tr><th class="invisible"/></tr></table><p class="totop"><a href="#summary">back to summary</a></p>
<h3 id="m165">com.Tour.qa.testdata.RegistrationTest#checkGroupSizeWithString</h3><table class="result"><tr><th class="invisible"/></tr></table><p class="totop"><a href="#summary">back to summary</a></p>
<h3 id="m166">com.Tour.qa.testdata.RegistrationTest#checkMandatoryFieldsOnLeavinfEmpty</h3><table class="result"><tr><th class="invisible"/></tr></table><p class="totop"><a href="#summary">back to summary</a></p>
<h3 id="m167">com.Tour.qa.testdata.RegistrationTest#emptyFormtTest</h3><table class="result"><tr><th class="invisible"/></tr></table><p class="totop"><a href="#summary">back to summary</a></p>
<h3 id="m168">com.Tour.qa.testdata.RegistrationTest#invalidMobNumber</h3><table class="result"><tr><th class="invisible"/></tr></table><p class="totop"><a href="#summary">back to summary</a></p>
<h3 id="m169">com.Tour.qa.testdata.RegistrationTest#invalidMobWithLeassDigit</h3><table class="result"><tr><th class="invisible"/></tr></table><p class="totop"><a href="#summary">back to summary</a></p>
<h3 id="m170">com.Tour.qa.testdata.RegistrationTest#invalidPasswordTest</h3><table class="result"><tr><th class="invisible"/></tr></table><p class="totop"><a href="#summary">back to summary</a></p>
<h3 id="m171">com.Tour.qa.testdata.RegistrationTest#invalidZipCodeTest</h3><table class="result"><tr><th class="invisible"/></tr></table><p class="totop"><a href="#summary">back to summary</a></p>
<h3 id="m172">com.Tour.qa.testdata.RegistrationTest#testPasswordWithOnlyString</h3><table class="result"><tr><th class="invisible"/></tr></table><p class="totop"><a href="#summary">back to summary</a></p>
<h3 id="m173">com.Tour.qa.testdata.RegistrationTest#validateChoosDateFromMenuBar</h3><table class="result"><tr><th class="invisible"/></tr></table><p class="totop"><a href="#summary">back to summary</a></p>
<h3 id="m174">com.Tour.qa.testdata.RegistrationTest#validateChoosFromMenuBar</h3><table class="result"><tr><th class="invisible"/></tr></table><p class="totop"><a href="#summary">back to summary</a></p>
<h3 id="m175">com.Tour.qa.testdata.RegistrationTest#validateForgot</h3><table class="result"><tr><th class="invisible"/></tr></table><p class="totop"><a href="#summary">back to summary</a></p>
<h3 id="m176">com.Tour.qa.testdata.RegistrationTest#validateGroupSize</h3><table class="result"><tr><th class="invisible"/></tr></table><p class="totop"><a href="#summary">back to summary</a></p>
<h3 id="m177">com.Tour.qa.testdata.RegistrationTest#validateGroupText1</h3><table class="result"><tr><th class="invisible"/></tr></table><p class="totop"><a href="#summary">back to summary</a></p>
<h3 id="m178">com.Tour.qa.testdata.RegistrationTest#validateLoginButton</h3><table class="result"><tr><th class="invisible"/></tr></table><p class="totop"><a href="#summary">back to summary</a></p>
<h3 id="m179">com.Tour.qa.testdata.RegistrationTest#validateService</h3><table class="result"><tr><th class="invisible"/></tr></table><p class="totop"><a href="#summary">back to summary</a></p>
<h3 id="m180">com.Tour.qa.testdata.ReservationOverviewTest#checkSpecialNeed</h3><table class="result"><tr><th class="invisible"/></tr></table><p class="totop"><a href="#summary">back to summary</a></p>
<h3 id="m181">com.Tour.qa.testdata.ReservationOverviewTest#vaildateCancleButt</h3><table class="result"><tr><th class="invisible"/></tr></table><p class="totop"><a href="#summary">back to summary</a></p>
<h3 id="m182">com.Tour.qa.testdata.ReservationOverviewTest#validateGroupName</h3><table class="result"><tr><th class="invisible"/></tr></table><p class="totop"><a href="#summary">back to summary</a></p>
<h3 id="m183">com.Tour.qa.testdata.ReservationOverviewTest#validatePageH</h3><table class="result"><tr><th class="invisible"/></tr></table><p class="totop"><a href="#summary">back to summary</a></p>
<h3 id="m184">com.Tour.qa.testdata.ReservationOverviewTest#validateeModifyButt</h3><table class="result"><tr><th class="invisible"/></tr></table><p class="totop"><a href="#summary">back to summary</a></p>
</body>
</html>
