<?xml version="1.0" encoding="UTF-8"?>
<testng-results ignored="0" total="4" passed="3" failed="1" skipped="0">
  <reporter-output>
  </reporter-output>
  <suite started-at="2022-04-18T03:35:53 PKT" name="Chick-fil-A速 Backstage Tour Automation Test" finished-at="2022-04-18T03:37:03 PKT" duration-ms="69703">
    <groups>
    </groups>
    <test started-at="2022-04-18T03:35:53 PKT" name="Chick-fil-A速Backstage Tour Test Cases" finished-at="2022-04-18T03:37:03 PKT" duration-ms="69703">
      <class name="com.Tour.qa.testdata.HomePageTest">
        <test-method is-config="true" signature="setUp()[pri:0, instance:com.Tour.qa.testdata.HomePageTest@37d4349f]" started-at="2022-04-18T03:35:54 PKT" name="setUp" finished-at="2022-04-18T03:36:13 PKT" duration-ms="18940" status="PASS">
          <reporter-output>
          </reporter-output>
        </test-method> <!-- setUp -->
        <test-method signature="HomePageTitleTest()[pri:1, instance:com.Tour.qa.testdata.HomePageTest@37d4349f]" started-at="2022-04-18T03:36:13 PKT" name="HomePageTitleTest" finished-at="2022-04-18T03:36:13 PKT" duration-ms="24" status="PASS">
          <reporter-output>
          </reporter-output>
        </test-method> <!-- HomePageTitleTest -->
        <test-method is-config="true" signature="tearDown()[pri:0, instance:com.Tour.qa.testdata.HomePageTest@37d4349f]" started-at="2022-04-18T03:36:13 PKT" name="tearDown" finished-at="2022-04-18T03:36:13 PKT" duration-ms="449" status="PASS">
          <reporter-output>
          </reporter-output>
        </test-method> <!-- tearDown -->
        <test-method is-config="true" signature="setUp()[pri:0, instance:com.Tour.qa.testdata.HomePageTest@37d4349f]" started-at="2022-04-18T03:36:13 PKT" name="setUp" finished-at="2022-04-18T03:36:29 PKT" duration-ms="16169" status="PASS">
          <reporter-output>
          </reporter-output>
        </test-method> <!-- setUp -->
        <test-method signature="CheckBanner()[pri:2, instance:com.Tour.qa.testdata.HomePageTest@37d4349f]" started-at="2022-04-18T03:36:29 PKT" name="CheckBanner" finished-at="2022-04-18T03:36:29 PKT" duration-ms="183" status="PASS">
          <reporter-output>
          </reporter-output>
        </test-method> <!-- CheckBanner -->
        <test-method is-config="true" signature="tearDown()[pri:0, instance:com.Tour.qa.testdata.HomePageTest@37d4349f]" started-at="2022-04-18T03:36:29 PKT" name="tearDown" finished-at="2022-04-18T03:36:30 PKT" duration-ms="464" status="PASS">
          <reporter-output>
          </reporter-output>
        </test-method> <!-- tearDown -->
        <test-method is-config="true" signature="setUp()[pri:0, instance:com.Tour.qa.testdata.HomePageTest@37d4349f]" started-at="2022-04-18T03:36:30 PKT" name="setUp" finished-at="2022-04-18T03:36:45 PKT" duration-ms="15434" status="PASS">
          <reporter-output>
          </reporter-output>
        </test-method> <!-- setUp -->
        <test-method signature="CheckModifyCancel()[pri:2, instance:com.Tour.qa.testdata.HomePageTest@37d4349f]" started-at="2022-04-18T03:36:45 PKT" name="CheckModifyCancel" finished-at="2022-04-18T03:36:47 PKT" duration-ms="1411" status="FAIL">
          <exception class="java.lang.AssertionError">
            <message>
              <![CDATA[expected [Logo] but found [Logon]]]>
            </message>
            <full-stacktrace>
              <![CDATA[java.lang.AssertionError: expected [Logo] but found [Logon]
at org.testng.Assert.fail(Assert.java:110)
at org.testng.Assert.failNotEquals(Assert.java:1413)
at org.testng.Assert.assertEqualsImpl(Assert.java:149)
at org.testng.Assert.assertEquals(Assert.java:131)
at org.testng.Assert.assertEquals(Assert.java:655)
at org.testng.Assert.assertEquals(Assert.java:665)
at com.Tour.qa.testdata.HomePageTest.CheckModifyCancel(HomePageTest.java:65)
at java.base/jdk.internal.reflect.NativeMethodAccessorImpl.invoke0(Native Method)
at java.base/jdk.internal.reflect.NativeMethodAccessorImpl.invoke(NativeMethodAccessorImpl.java:78)
at java.base/jdk.internal.reflect.DelegatingMethodAccessorImpl.invoke(DelegatingMethodAccessorImpl.java:43)
at java.base/java.lang.reflect.Method.invoke(Method.java:567)
at org.testng.internal.invokers.MethodInvocationHelper.invokeMethod(MethodInvocationHelper.java:135)
at org.testng.internal.invokers.TestInvoker.invokeMethod(TestInvoker.java:673)
at org.testng.internal.invokers.TestInvoker.invokeTestMethod(TestInvoker.java:220)
at org.testng.internal.invokers.MethodRunner.runInSequence(MethodRunner.java:50)
at org.testng.internal.invokers.TestInvoker$MethodInvocationAgent.invoke(TestInvoker.java:945)
at org.testng.internal.invokers.TestInvoker.invokeTestMethods(TestInvoker.java:193)
at org.testng.internal.invokers.TestMethodWorker.invokeTestMethods(TestMethodWorker.java:146)
at org.testng.internal.invokers.TestMethodWorker.run(TestMethodWorker.java:128)
at java.base/java.util.ArrayList.forEach(ArrayList.java:1511)
at org.testng.TestRunner.privateRun(TestRunner.java:808)
at org.testng.TestRunner.run(TestRunner.java:603)
at org.testng.SuiteRunner.runTest(SuiteRunner.java:429)
at org.testng.SuiteRunner.runSequentially(SuiteRunner.java:423)
at org.testng.SuiteRunner.privateRun(SuiteRunner.java:383)
at org.testng.SuiteRunner.run(SuiteRunner.java:326)
at org.testng.SuiteRunnerWorker.runSuite(SuiteRunnerWorker.java:52)
at org.testng.SuiteRunnerWorker.run(SuiteRunnerWorker.java:95)
at org.testng.TestNG.runSuitesSequentially(TestNG.java:1249)
at org.testng.TestNG.runSuitesLocally(TestNG.java:1169)
at org.testng.TestNG.runSuites(TestNG.java:1092)
at org.testng.TestNG.run(TestNG.java:1060)
at org.testng.remote.AbstractRemoteTestNG.run(AbstractRemoteTestNG.java:115)
at org.testng.remote.RemoteTestNG.initAndRun(RemoteTestNG.java:251)
at org.testng.remote.RemoteTestNG.main(RemoteTestNG.java:77)
]]>
            </full-stacktrace>
          </exception> <!-- java.lang.AssertionError -->
          <reporter-output>
          </reporter-output>
        </test-method> <!-- CheckModifyCancel -->
        <test-method is-config="true" signature="tearDown()[pri:0, instance:com.Tour.qa.testdata.HomePageTest@37d4349f]" started-at="2022-04-18T03:36:47 PKT" name="tearDown" finished-at="2022-04-18T03:36:48 PKT" duration-ms="1312" status="PASS">
          <reporter-output>
          </reporter-output>
        </test-method> <!-- tearDown -->
        <test-method is-config="true" signature="setUp()[pri:0, instance:com.Tour.qa.testdata.HomePageTest@37d4349f]" started-at="2022-04-18T03:36:48 PKT" name="setUp" finished-at="2022-04-18T03:37:00 PKT" duration-ms="12321" status="PASS">
          <reporter-output>
          </reporter-output>
        </test-method> <!-- setUp -->
        <test-method signature="CheckOurchaseTicket()[pri:3, instance:com.Tour.qa.testdata.HomePageTest@37d4349f]" started-at="2022-04-18T03:37:00 PKT" name="CheckOurchaseTicket" finished-at="2022-04-18T03:37:03 PKT" duration-ms="2449" status="PASS">
          <reporter-output>
          </reporter-output>
        </test-method> <!-- CheckOurchaseTicket -->
        <test-method is-config="true" signature="tearDown()[pri:0, instance:com.Tour.qa.testdata.HomePageTest@37d4349f]" started-at="2022-04-18T03:37:03 PKT" name="tearDown" finished-at="2022-04-18T03:37:03 PKT" duration-ms="406" status="PASS">
          <reporter-output>
          </reporter-output>
        </test-method> <!-- tearDown -->
      </class> <!-- com.Tour.qa.testdata.HomePageTest -->
    </test> <!-- Chick-fil-A速Backstage Tour Test Cases -->
  </suite> <!-- Chick-fil-A速 Backstage Tour Automation Test -->
</testng-results>
